[0.080s] DEBUG:colcon:Command line arguments: ['/usr/bin/colcon', 'build']
[0.081s] DEBUG:colcon:Parsed command line arguments: Namespace(log_base=None, log_level=None, verb_name='build', build_base='build', install_base='install', merge_install=False, symlink_install=False, test_result_base=None, continue_on_error=False, executor='parallel', parallel_workers=16, event_handlers=None, ignore_user_meta=False, metas=['./colcon.meta'], base_paths=['.'], packages_ignore=None, packages_ignore_regex=None, paths=None, packages_up_to=None, packages_up_to_regex=None, packages_above=None, packages_above_and_dependencies=None, packages_above_depth=None, packages_select_by_dep=None, packages_skip_by_dep=None, packages_skip_up_to=None, packages_select_build_failed=False, packages_skip_build_finished=False, packages_select_test_failures=False, packages_skip_test_passed=False, packages_select=None, packages_skip=None, packages_select_regex=None, packages_skip_regex=None, packages_start=None, packages_end=None, allow_overriding=[], cmake_args=None, cmake_target=None, cmake_target_skip_unavailable=False, cmake_clean_cache=False, cmake_clean_first=False, cmake_force_configure=False, ament_cmake_args=None, catkin_cmake_args=None, catkin_skip_building_tests=False, verb_parser=<colcon_defaults.argument_parser.defaults.DefaultArgumentsDecorator object at 0x74d438a87110>, verb_extension=<colcon_core.verb.build.BuildVerb object at 0x74d438ba3d40>, main=<bound method BuildVerb.main of <colcon_core.verb.build.BuildVerb object at 0x74d438ba3d40>>)
[0.110s] Level 1:colcon.colcon_core.package_discovery:discover_packages(colcon_meta) check parameters
[0.110s] Level 1:colcon.colcon_core.package_discovery:discover_packages(recursive) check parameters
[0.110s] Level 1:colcon.colcon_core.package_discovery:discover_packages(ignore) check parameters
[0.110s] Level 1:colcon.colcon_core.package_discovery:discover_packages(path) check parameters
[0.110s] Level 1:colcon.colcon_core.package_discovery:discover_packages(colcon_meta) discover
[0.110s] Level 1:colcon.colcon_core.package_discovery:discover_packages(recursive) discover
[0.110s] INFO:colcon.colcon_core.package_discovery:Crawling recursively for packages in '/home/CIN/acfml/Robotics/ros2_ws/src'
[0.110s] Level 1:colcon.colcon_core.package_identification:_identify(.) by extensions ['ignore', 'ignore_ament_install']
[0.110s] Level 1:colcon.colcon_core.package_identification:_identify(.) by extension 'ignore'
[0.110s] Level 1:colcon.colcon_core.package_identification:_identify(.) by extension 'ignore_ament_install'
[0.110s] Level 1:colcon.colcon_core.package_identification:_identify(.) by extensions ['colcon_pkg']
[0.110s] Level 1:colcon.colcon_core.package_identification:_identify(.) by extension 'colcon_pkg'
[0.110s] Level 1:colcon.colcon_core.package_identification:_identify(.) by extensions ['colcon_meta']
[0.110s] Level 1:colcon.colcon_core.package_identification:_identify(.) by extension 'colcon_meta'
[0.110s] Level 1:colcon.colcon_core.package_identification:_identify(.) by extensions ['ros']
[0.110s] Level 1:colcon.colcon_core.package_identification:_identify(.) by extension 'ros'
[0.128s] Level 1:colcon.colcon_core.package_identification:_identify(.) by extensions ['cmake', 'python']
[0.128s] Level 1:colcon.colcon_core.package_identification:_identify(.) by extension 'cmake'
[0.128s] Level 1:colcon.colcon_core.package_identification:_identify(.) by extension 'python'
[0.128s] Level 1:colcon.colcon_core.package_identification:_identify(.) by extensions ['python_setup_py']
[0.128s] Level 1:colcon.colcon_core.package_identification:_identify(.) by extension 'python_setup_py'
[0.128s] Level 1:colcon.colcon_core.package_identification:_identify(arm_interfaces) by extensions ['ignore', 'ignore_ament_install']
[0.128s] Level 1:colcon.colcon_core.package_identification:_identify(arm_interfaces) by extension 'ignore'
[0.128s] Level 1:colcon.colcon_core.package_identification:_identify(arm_interfaces) by extension 'ignore_ament_install'
[0.129s] Level 1:colcon.colcon_core.package_identification:_identify(arm_interfaces) by extensions ['colcon_pkg']
[0.129s] Level 1:colcon.colcon_core.package_identification:_identify(arm_interfaces) by extension 'colcon_pkg'
[0.129s] Level 1:colcon.colcon_core.package_identification:_identify(arm_interfaces) by extensions ['colcon_meta']
[0.129s] Level 1:colcon.colcon_core.package_identification:_identify(arm_interfaces) by extension 'colcon_meta'
[0.129s] Level 1:colcon.colcon_core.package_identification:_identify(arm_interfaces) by extensions ['ros']
[0.129s] Level 1:colcon.colcon_core.package_identification:_identify(arm_interfaces) by extension 'ros'
[0.130s] DEBUG:colcon.colcon_core.package_identification:Package 'arm_interfaces' with type 'ros.ament_cmake' and name 'arm_interfaces'
[0.130s] Level 1:colcon.colcon_core.package_identification:_identify(build) by extensions ['ignore', 'ignore_ament_install']
[0.130s] Level 1:colcon.colcon_core.package_identification:_identify(build) by extension 'ignore'
[0.130s] Level 1:colcon.colcon_core.package_identification:_identify(build) ignored
[0.131s] Level 1:colcon.colcon_core.package_identification:_identify(grupo_1) by extensions ['ignore', 'ignore_ament_install']
[0.131s] Level 1:colcon.colcon_core.package_identification:_identify(grupo_1) by extension 'ignore'
[0.131s] Level 1:colcon.colcon_core.package_identification:_identify(grupo_1) by extension 'ignore_ament_install'
[0.131s] Level 1:colcon.colcon_core.package_identification:_identify(grupo_1) by extensions ['colcon_pkg']
[0.131s] Level 1:colcon.colcon_core.package_identification:_identify(grupo_1) by extension 'colcon_pkg'
[0.131s] Level 1:colcon.colcon_core.package_identification:_identify(grupo_1) by extensions ['colcon_meta']
[0.131s] Level 1:colcon.colcon_core.package_identification:_identify(grupo_1) by extension 'colcon_meta'
[0.131s] Level 1:colcon.colcon_core.package_identification:_identify(grupo_1) by extensions ['ros']
[0.131s] Level 1:colcon.colcon_core.package_identification:_identify(grupo_1) by extension 'ros'
[0.131s] DEBUG:colcon.colcon_core.package_identification:Package 'grupo_1' with type 'ros.ament_python' and name 'grupo_1'
[0.131s] Level 1:colcon.colcon_core.package_identification:_identify(install) by extensions ['ignore', 'ignore_ament_install']
[0.131s] Level 1:colcon.colcon_core.package_identification:_identify(install) by extension 'ignore'
[0.131s] Level 1:colcon.colcon_core.package_identification:_identify(install) ignored
[0.131s] Level 1:colcon.colcon_core.package_identification:_identify(log) by extensions ['ignore', 'ignore_ament_install']
[0.131s] Level 1:colcon.colcon_core.package_identification:_identify(log) by extension 'ignore'
[0.131s] Level 1:colcon.colcon_core.package_identification:_identify(log) ignored
[0.131s] Level 1:colcon.colcon_core.package_discovery:discover_packages(recursive) using defaults
[0.132s] Level 1:colcon.colcon_core.package_discovery:discover_packages(ignore) discover
[0.132s] Level 1:colcon.colcon_core.package_discovery:discover_packages(ignore) using defaults
[0.132s] Level 1:colcon.colcon_core.package_discovery:discover_packages(path) discover
[0.132s] Level 1:colcon.colcon_core.package_discovery:discover_packages(path) using defaults
[0.144s] Level 1:colcon.colcon_core.package_discovery:discover_packages(prefix_path) check parameters
[0.144s] Level 1:colcon.colcon_core.package_discovery:discover_packages(prefix_path) discover
[0.146s] DEBUG:colcon.colcon_installed_package_information.package_discovery:Found 3 installed packages in /home/CIN/acfml/Robotics/ros2_ws/src/install
[0.146s] DEBUG:colcon.colcon_installed_package_information.package_discovery:Found 3 installed packages in /home/CIN/acfml/Robotics/ros2_ws/install
[0.147s] DEBUG:colcon.colcon_installed_package_information.package_discovery:Found 285 installed packages in /opt/ros/jazzy
[0.148s] Level 1:colcon.colcon_core.package_discovery:discover_packages(prefix_path) using defaults
[0.178s] Level 5:colcon.colcon_core.verb:set package 'arm_interfaces' build argument 'cmake_args' from command line to 'None'
[0.178s] Level 5:colcon.colcon_core.verb:set package 'arm_interfaces' build argument 'cmake_target' from command line to 'None'
[0.178s] Level 5:colcon.colcon_core.verb:set package 'arm_interfaces' build argument 'cmake_target_skip_unavailable' from command line to 'False'
[0.178s] Level 5:colcon.colcon_core.verb:set package 'arm_interfaces' build argument 'cmake_clean_cache' from command line to 'False'
[0.178s] Level 5:colcon.colcon_core.verb:set package 'arm_interfaces' build argument 'cmake_clean_first' from command line to 'False'
[0.178s] Level 5:colcon.colcon_core.verb:set package 'arm_interfaces' build argument 'cmake_force_configure' from command line to 'False'
[0.178s] Level 5:colcon.colcon_core.verb:set package 'arm_interfaces' build argument 'ament_cmake_args' from command line to 'None'
[0.178s] Level 5:colcon.colcon_core.verb:set package 'arm_interfaces' build argument 'catkin_cmake_args' from command line to 'None'
[0.178s] Level 5:colcon.colcon_core.verb:set package 'arm_interfaces' build argument 'catkin_skip_building_tests' from command line to 'False'
[0.178s] DEBUG:colcon.colcon_core.verb:Building package 'arm_interfaces' with the following arguments: {'ament_cmake_args': None, 'build_base': '/home/CIN/acfml/Robotics/ros2_ws/src/build/arm_interfaces', 'catkin_cmake_args': None, 'catkin_skip_building_tests': False, 'cmake_args': None, 'cmake_clean_cache': False, 'cmake_clean_first': False, 'cmake_force_configure': False, 'cmake_target': None, 'cmake_target_skip_unavailable': False, 'install_base': '/home/CIN/acfml/Robotics/ros2_ws/src/install/arm_interfaces', 'merge_install': False, 'path': '/home/CIN/acfml/Robotics/ros2_ws/src/arm_interfaces', 'symlink_install': False, 'test_result_base': None}
[0.178s] Level 5:colcon.colcon_core.verb:set package 'grupo_1' build argument 'cmake_args' from command line to 'None'
[0.178s] Level 5:colcon.colcon_core.verb:set package 'grupo_1' build argument 'cmake_target' from command line to 'None'
[0.178s] Level 5:colcon.colcon_core.verb:set package 'grupo_1' build argument 'cmake_target_skip_unavailable' from command line to 'False'
[0.178s] Level 5:colcon.colcon_core.verb:set package 'grupo_1' build argument 'cmake_clean_cache' from command line to 'False'
[0.178s] Level 5:colcon.colcon_core.verb:set package 'grupo_1' build argument 'cmake_clean_first' from command line to 'False'
[0.178s] Level 5:colcon.colcon_core.verb:set package 'grupo_1' build argument 'cmake_force_configure' from command line to 'False'
[0.178s] Level 5:colcon.colcon_core.verb:set package 'grupo_1' build argument 'ament_cmake_args' from command line to 'None'
[0.178s] Level 5:colcon.colcon_core.verb:set package 'grupo_1' build argument 'catkin_cmake_args' from command line to 'None'
[0.179s] Level 5:colcon.colcon_core.verb:set package 'grupo_1' build argument 'catkin_skip_building_tests' from command line to 'False'
[0.179s] DEBUG:colcon.colcon_core.verb:Building package 'grupo_1' with the following arguments: {'ament_cmake_args': None, 'build_base': '/home/CIN/acfml/Robotics/ros2_ws/src/build/grupo_1', 'catkin_cmake_args': None, 'catkin_skip_building_tests': False, 'cmake_args': None, 'cmake_clean_cache': False, 'cmake_clean_first': False, 'cmake_force_configure': False, 'cmake_target': None, 'cmake_target_skip_unavailable': False, 'install_base': '/home/CIN/acfml/Robotics/ros2_ws/src/install/grupo_1', 'merge_install': False, 'path': '/home/CIN/acfml/Robotics/ros2_ws/src/grupo_1', 'symlink_install': False, 'test_result_base': None}
[0.179s] INFO:colcon.colcon_core.executor:Executing jobs using 'parallel' executor
[0.179s] DEBUG:colcon.colcon_parallel_executor.executor.parallel:run_until_complete
[0.180s] INFO:colcon.colcon_ros.task.ament_cmake.build:Building ROS package in '/home/CIN/acfml/Robotics/ros2_ws/src/arm_interfaces' with build type 'ament_cmake'
[0.180s] INFO:colcon.colcon_cmake.task.cmake.build:Building CMake package in '/home/CIN/acfml/Robotics/ros2_ws/src/arm_interfaces'
[0.181s] INFO:colcon.colcon_core.plugin_system:Skipping extension 'colcon_core.shell.bat': Not used on non-Windows systems
[0.181s] INFO:colcon.colcon_core.shell:Skip shell extension 'powershell' for command environment: Not usable outside of PowerShell
[0.181s] DEBUG:colcon.colcon_core.shell:Skip shell extension 'dsv' for command environment
[0.185s] INFO:colcon.colcon_ros.task.ament_python.build:Building ROS package in '/home/CIN/acfml/Robotics/ros2_ws/src/grupo_1' with build type 'ament_python'
[0.185s] Level 1:colcon.colcon_core.shell:create_environment_hook('grupo_1', 'ament_prefix_path')
[0.185s] INFO:colcon.colcon_core.shell:Creating environment hook '/home/CIN/acfml/Robotics/ros2_ws/src/install/grupo_1/share/grupo_1/hook/ament_prefix_path.ps1'
[0.185s] INFO:colcon.colcon_core.shell:Creating environment descriptor '/home/CIN/acfml/Robotics/ros2_ws/src/install/grupo_1/share/grupo_1/hook/ament_prefix_path.dsv'
[0.186s] INFO:colcon.colcon_core.shell:Creating environment hook '/home/CIN/acfml/Robotics/ros2_ws/src/install/grupo_1/share/grupo_1/hook/ament_prefix_path.sh'
[0.186s] INFO:colcon.colcon_core.shell:Skip shell extension 'powershell' for command environment: Not usable outside of PowerShell
[0.186s] DEBUG:colcon.colcon_core.shell:Skip shell extension 'dsv' for command environment
[0.193s] DEBUG:colcon.colcon_core.event_handler.log_command:Invoking command in '/home/CIN/acfml/Robotics/ros2_ws/src/build/arm_interfaces': CMAKE_PREFIX_PATH=${CMAKE_PREFIX_PATH}:/home/CIN/acfml/Robotics/ros2_ws/src/install/grupo_1:/home/CIN/acfml/Robotics/ros2_ws/src/install/py_srvcli:/home/CIN/acfml/Robotics/ros2_ws/install/py_pubsub:/opt/ros/jazzy DEBUGINFOD_URLS=https://debuginfod.ubuntu.com /usr/bin/cmake --build /home/CIN/acfml/Robotics/ros2_ws/src/build/arm_interfaces -- -j16 -l16
[0.404s] INFO:colcon.colcon_core.task.python.build:Building Python package in '/home/CIN/acfml/Robotics/ros2_ws/src/grupo_1'
[0.405s] INFO:colcon.colcon_core.shell:Skip shell extension 'powershell' for command environment: Not usable outside of PowerShell
[0.405s] DEBUG:colcon.colcon_core.shell:Skip shell extension 'dsv' for command environment
[0.611s] DEBUG:colcon.colcon_core.event_handler.log_command:Invoked command in '/home/CIN/acfml/Robotics/ros2_ws/src/build/arm_interfaces' returned '0': CMAKE_PREFIX_PATH=${CMAKE_PREFIX_PATH}:/home/CIN/acfml/Robotics/ros2_ws/src/install/grupo_1:/home/CIN/acfml/Robotics/ros2_ws/src/install/py_srvcli:/home/CIN/acfml/Robotics/ros2_ws/install/py_pubsub:/opt/ros/jazzy DEBUGINFOD_URLS=https://debuginfod.ubuntu.com /usr/bin/cmake --build /home/CIN/acfml/Robotics/ros2_ws/src/build/arm_interfaces -- -j16 -l16
[0.620s] DEBUG:colcon.colcon_core.event_handler.log_command:Invoking command in '/home/CIN/acfml/Robotics/ros2_ws/src/build/arm_interfaces': CMAKE_PREFIX_PATH=${CMAKE_PREFIX_PATH}:/home/CIN/acfml/Robotics/ros2_ws/src/install/grupo_1:/home/CIN/acfml/Robotics/ros2_ws/src/install/py_srvcli:/home/CIN/acfml/Robotics/ros2_ws/install/py_pubsub:/opt/ros/jazzy DEBUGINFOD_URLS=https://debuginfod.ubuntu.com /usr/bin/cmake --install /home/CIN/acfml/Robotics/ros2_ws/src/build/arm_interfaces
[0.673s] Level 1:colcon.colcon_core.environment:create_environment_scripts_only(arm_interfaces)
[0.673s] DEBUG:colcon.colcon_core.event_handler.log_command:Invoked command in '/home/CIN/acfml/Robotics/ros2_ws/src/build/arm_interfaces' returned '0': CMAKE_PREFIX_PATH=${CMAKE_PREFIX_PATH}:/home/CIN/acfml/Robotics/ros2_ws/src/install/grupo_1:/home/CIN/acfml/Robotics/ros2_ws/src/install/py_srvcli:/home/CIN/acfml/Robotics/ros2_ws/install/py_pubsub:/opt/ros/jazzy DEBUGINFOD_URLS=https://debuginfod.ubuntu.com /usr/bin/cmake --install /home/CIN/acfml/Robotics/ros2_ws/src/build/arm_interfaces
[0.675s] Level 1:colcon.colcon_core.environment:checking '/home/CIN/acfml/Robotics/ros2_ws/src/install/arm_interfaces' for CMake module files
[0.676s] Level 1:colcon.colcon_core.environment:checking '/home/CIN/acfml/Robotics/ros2_ws/src/install/arm_interfaces' for CMake config files
[0.677s] Level 1:colcon.colcon_core.shell:create_environment_hook('arm_interfaces', 'cmake_prefix_path')
[0.677s] INFO:colcon.colcon_core.shell:Creating environment hook '/home/CIN/acfml/Robotics/ros2_ws/src/install/arm_interfaces/share/arm_interfaces/hook/cmake_prefix_path.ps1'
[0.677s] INFO:colcon.colcon_core.shell:Creating environment descriptor '/home/CIN/acfml/Robotics/ros2_ws/src/install/arm_interfaces/share/arm_interfaces/hook/cmake_prefix_path.dsv'
[0.677s] INFO:colcon.colcon_core.shell:Creating environment hook '/home/CIN/acfml/Robotics/ros2_ws/src/install/arm_interfaces/share/arm_interfaces/hook/cmake_prefix_path.sh'
[0.678s] Level 1:colcon.colcon_core.environment:checking '/home/CIN/acfml/Robotics/ros2_ws/src/install/arm_interfaces/lib'
[0.678s] Level 1:colcon.colcon_core.shell:create_environment_hook('arm_interfaces', 'ld_library_path_lib')
[0.678s] INFO:colcon.colcon_core.shell:Creating environment hook '/home/CIN/acfml/Robotics/ros2_ws/src/install/arm_interfaces/share/arm_interfaces/hook/ld_library_path_lib.ps1'
[0.679s] INFO:colcon.colcon_core.shell:Creating environment descriptor '/home/CIN/acfml/Robotics/ros2_ws/src/install/arm_interfaces/share/arm_interfaces/hook/ld_library_path_lib.dsv'
[0.679s] INFO:colcon.colcon_core.shell:Creating environment hook '/home/CIN/acfml/Robotics/ros2_ws/src/install/arm_interfaces/share/arm_interfaces/hook/ld_library_path_lib.sh'
[0.680s] Level 1:colcon.colcon_core.environment:checking '/home/CIN/acfml/Robotics/ros2_ws/src/install/arm_interfaces/bin'
[0.680s] Level 1:colcon.colcon_core.environment:checking '/home/CIN/acfml/Robotics/ros2_ws/src/install/arm_interfaces/lib/pkgconfig/arm_interfaces.pc'
[0.680s] Level 1:colcon.colcon_core.environment:checking '/home/CIN/acfml/Robotics/ros2_ws/src/install/arm_interfaces/lib/python3.12/site-packages'
[0.680s] Level 1:colcon.colcon_core.shell:create_environment_hook('arm_interfaces', 'pythonpath')
[0.680s] INFO:colcon.colcon_core.shell:Creating environment hook '/home/CIN/acfml/Robotics/ros2_ws/src/install/arm_interfaces/share/arm_interfaces/hook/pythonpath.ps1'
[0.681s] INFO:colcon.colcon_core.shell:Creating environment descriptor '/home/CIN/acfml/Robotics/ros2_ws/src/install/arm_interfaces/share/arm_interfaces/hook/pythonpath.dsv'
[0.681s] INFO:colcon.colcon_core.shell:Creating environment hook '/home/CIN/acfml/Robotics/ros2_ws/src/install/arm_interfaces/share/arm_interfaces/hook/pythonpath.sh'
[0.681s] Level 1:colcon.colcon_core.environment:checking '/home/CIN/acfml/Robotics/ros2_ws/src/install/arm_interfaces/bin'
[0.682s] INFO:colcon.colcon_core.shell:Creating package script '/home/CIN/acfml/Robotics/ros2_ws/src/install/arm_interfaces/share/arm_interfaces/package.ps1'
[0.682s] INFO:colcon.colcon_core.shell:Creating package descriptor '/home/CIN/acfml/Robotics/ros2_ws/src/install/arm_interfaces/share/arm_interfaces/package.dsv'
[0.683s] INFO:colcon.colcon_core.shell:Creating package script '/home/CIN/acfml/Robotics/ros2_ws/src/install/arm_interfaces/share/arm_interfaces/package.sh'
[0.703s] INFO:colcon.colcon_core.shell:Creating package script '/home/CIN/acfml/Robotics/ros2_ws/src/install/arm_interfaces/share/arm_interfaces/package.bash'
[0.704s] INFO:colcon.colcon_core.shell:Creating package script '/home/CIN/acfml/Robotics/ros2_ws/src/install/arm_interfaces/share/arm_interfaces/package.zsh'
[0.704s] Level 1:colcon.colcon_core.environment:create_file_with_runtime_dependencies(/home/CIN/acfml/Robotics/ros2_ws/src/install/arm_interfaces/share/colcon-core/packages/arm_interfaces)
[0.705s] Level 1:colcon.colcon_core.environment:create_environment_scripts_only(arm_interfaces)
[0.705s] Level 1:colcon.colcon_core.environment:checking '/home/CIN/acfml/Robotics/ros2_ws/src/install/arm_interfaces' for CMake module files
[0.705s] Level 1:colcon.colcon_core.environment:checking '/home/CIN/acfml/Robotics/ros2_ws/src/install/arm_interfaces' for CMake config files
[0.706s] Level 1:colcon.colcon_core.shell:create_environment_hook('arm_interfaces', 'cmake_prefix_path')
[0.706s] INFO:colcon.colcon_core.shell:Creating environment hook '/home/CIN/acfml/Robotics/ros2_ws/src/install/arm_interfaces/share/arm_interfaces/hook/cmake_prefix_path.ps1'
[0.706s] INFO:colcon.colcon_core.shell:Creating environment descriptor '/home/CIN/acfml/Robotics/ros2_ws/src/install/arm_interfaces/share/arm_interfaces/hook/cmake_prefix_path.dsv'
[0.707s] INFO:colcon.colcon_core.shell:Creating environment hook '/home/CIN/acfml/Robotics/ros2_ws/src/install/arm_interfaces/share/arm_interfaces/hook/cmake_prefix_path.sh'
[0.707s] Level 1:colcon.colcon_core.environment:checking '/home/CIN/acfml/Robotics/ros2_ws/src/install/arm_interfaces/lib'
[0.707s] Level 1:colcon.colcon_core.shell:create_environment_hook('arm_interfaces', 'ld_library_path_lib')
[0.707s] INFO:colcon.colcon_core.shell:Creating environment hook '/home/CIN/acfml/Robotics/ros2_ws/src/install/arm_interfaces/share/arm_interfaces/hook/ld_library_path_lib.ps1'
[0.708s] INFO:colcon.colcon_core.shell:Creating environment descriptor '/home/CIN/acfml/Robotics/ros2_ws/src/install/arm_interfaces/share/arm_interfaces/hook/ld_library_path_lib.dsv'
[0.708s] INFO:colcon.colcon_core.shell:Creating environment hook '/home/CIN/acfml/Robotics/ros2_ws/src/install/arm_interfaces/share/arm_interfaces/hook/ld_library_path_lib.sh'
[0.708s] Level 1:colcon.colcon_core.environment:checking '/home/CIN/acfml/Robotics/ros2_ws/src/install/arm_interfaces/bin'
[0.708s] Level 1:colcon.colcon_core.environment:checking '/home/CIN/acfml/Robotics/ros2_ws/src/install/arm_interfaces/lib/pkgconfig/arm_interfaces.pc'
[0.708s] Level 1:colcon.colcon_core.environment:checking '/home/CIN/acfml/Robotics/ros2_ws/src/install/arm_interfaces/lib/python3.12/site-packages'
[0.709s] Level 1:colcon.colcon_core.shell:create_environment_hook('arm_interfaces', 'pythonpath')
[0.709s] INFO:colcon.colcon_core.shell:Creating environment hook '/home/CIN/acfml/Robotics/ros2_ws/src/install/arm_interfaces/share/arm_interfaces/hook/pythonpath.ps1'
[0.709s] INFO:colcon.colcon_core.shell:Creating environment descriptor '/home/CIN/acfml/Robotics/ros2_ws/src/install/arm_interfaces/share/arm_interfaces/hook/pythonpath.dsv'
[0.709s] INFO:colcon.colcon_core.shell:Creating environment hook '/home/CIN/acfml/Robotics/ros2_ws/src/install/arm_interfaces/share/arm_interfaces/hook/pythonpath.sh'
[0.710s] Level 1:colcon.colcon_core.environment:checking '/home/CIN/acfml/Robotics/ros2_ws/src/install/arm_interfaces/bin'
[0.710s] INFO:colcon.colcon_core.shell:Creating package script '/home/CIN/acfml/Robotics/ros2_ws/src/install/arm_interfaces/share/arm_interfaces/package.ps1'
[0.710s] INFO:colcon.colcon_core.shell:Creating package descriptor '/home/CIN/acfml/Robotics/ros2_ws/src/install/arm_interfaces/share/arm_interfaces/package.dsv'
[0.711s] INFO:colcon.colcon_core.shell:Creating package script '/home/CIN/acfml/Robotics/ros2_ws/src/install/arm_interfaces/share/arm_interfaces/package.sh'
[0.711s] INFO:colcon.colcon_core.shell:Creating package script '/home/CIN/acfml/Robotics/ros2_ws/src/install/arm_interfaces/share/arm_interfaces/package.bash'
[0.712s] INFO:colcon.colcon_core.shell:Creating package script '/home/CIN/acfml/Robotics/ros2_ws/src/install/arm_interfaces/share/arm_interfaces/package.zsh'
[0.713s] Level 1:colcon.colcon_core.environment:create_file_with_runtime_dependencies(/home/CIN/acfml/Robotics/ros2_ws/src/install/arm_interfaces/share/colcon-core/packages/arm_interfaces)
[1.010s] DEBUG:colcon.colcon_core.event_handler.log_command:Invoking command in '/home/CIN/acfml/Robotics/ros2_ws/src/grupo_1': DEBUGINFOD_URLS=https://debuginfod.ubuntu.com PYTHONPATH=/home/CIN/acfml/Robotics/ros2_ws/src/build/grupo_1/prefix_override:/usr/lib/python3/dist-packages/colcon_core/task/python/colcon_distutils_commands:/home/CIN/acfml/Robotics/ros2_ws/src/install/grupo_1/lib/python3.12/site-packages:${PYTHONPATH} /usr/bin/python3 -W ignore:setup.py install is deprecated -W ignore:easy_install command is deprecated setup.py egg_info --egg-base ../build/grupo_1 build --build-base /home/CIN/acfml/Robotics/ros2_ws/src/build/grupo_1/build install --record /home/CIN/acfml/Robotics/ros2_ws/src/build/grupo_1/install.log --single-version-externally-managed install_data
[1.522s] Level 1:colcon.colcon_core.environment:checking '/home/CIN/acfml/Robotics/ros2_ws/src/install/grupo_1' for CMake module files
[1.522s] DEBUG:colcon.colcon_core.event_handler.log_command:Invoked command in '/home/CIN/acfml/Robotics/ros2_ws/src/grupo_1' returned '0': DEBUGINFOD_URLS=https://debuginfod.ubuntu.com PYTHONPATH=/home/CIN/acfml/Robotics/ros2_ws/src/build/grupo_1/prefix_override:/usr/lib/python3/dist-packages/colcon_core/task/python/colcon_distutils_commands:/home/CIN/acfml/Robotics/ros2_ws/src/install/grupo_1/lib/python3.12/site-packages:${PYTHONPATH} /usr/bin/python3 -W ignore:setup.py install is deprecated -W ignore:easy_install command is deprecated setup.py egg_info --egg-base ../build/grupo_1 build --build-base /home/CIN/acfml/Robotics/ros2_ws/src/build/grupo_1/build install --record /home/CIN/acfml/Robotics/ros2_ws/src/build/grupo_1/install.log --single-version-externally-managed install_data
[1.523s] Level 1:colcon.colcon_core.environment:checking '/home/CIN/acfml/Robotics/ros2_ws/src/install/grupo_1' for CMake config files
[1.523s] Level 1:colcon.colcon_core.environment:checking '/home/CIN/acfml/Robotics/ros2_ws/src/install/grupo_1/lib'
[1.523s] Level 1:colcon.colcon_core.environment:checking '/home/CIN/acfml/Robotics/ros2_ws/src/install/grupo_1/bin'
[1.523s] Level 1:colcon.colcon_core.environment:checking '/home/CIN/acfml/Robotics/ros2_ws/src/install/grupo_1/lib/pkgconfig/grupo_1.pc'
[1.523s] Level 1:colcon.colcon_core.environment:checking '/home/CIN/acfml/Robotics/ros2_ws/src/install/grupo_1/lib/python3.12/site-packages'
[1.524s] Level 1:colcon.colcon_core.shell:create_environment_hook('grupo_1', 'pythonpath')
[1.524s] INFO:colcon.colcon_core.shell:Creating environment hook '/home/CIN/acfml/Robotics/ros2_ws/src/install/grupo_1/share/grupo_1/hook/pythonpath.ps1'
[1.524s] INFO:colcon.colcon_core.shell:Creating environment descriptor '/home/CIN/acfml/Robotics/ros2_ws/src/install/grupo_1/share/grupo_1/hook/pythonpath.dsv'
[1.524s] INFO:colcon.colcon_core.shell:Creating environment hook '/home/CIN/acfml/Robotics/ros2_ws/src/install/grupo_1/share/grupo_1/hook/pythonpath.sh'
[1.525s] Level 1:colcon.colcon_core.environment:checking '/home/CIN/acfml/Robotics/ros2_ws/src/install/grupo_1/bin'
[1.525s] Level 1:colcon.colcon_core.environment:create_environment_scripts_only(grupo_1)
[1.525s] INFO:colcon.colcon_core.shell:Creating package script '/home/CIN/acfml/Robotics/ros2_ws/src/install/grupo_1/share/grupo_1/package.ps1'
[1.525s] INFO:colcon.colcon_core.shell:Creating package descriptor '/home/CIN/acfml/Robotics/ros2_ws/src/install/grupo_1/share/grupo_1/package.dsv'
[1.526s] INFO:colcon.colcon_core.shell:Creating package script '/home/CIN/acfml/Robotics/ros2_ws/src/install/grupo_1/share/grupo_1/package.sh'
[1.526s] INFO:colcon.colcon_core.shell:Creating package script '/home/CIN/acfml/Robotics/ros2_ws/src/install/grupo_1/share/grupo_1/package.bash'
[1.526s] INFO:colcon.colcon_core.shell:Creating package script '/home/CIN/acfml/Robotics/ros2_ws/src/install/grupo_1/share/grupo_1/package.zsh'
[1.526s] Level 1:colcon.colcon_core.environment:create_file_with_runtime_dependencies(/home/CIN/acfml/Robotics/ros2_ws/src/install/grupo_1/share/colcon-core/packages/grupo_1)
[1.527s] DEBUG:colcon.colcon_parallel_executor.executor.parallel:closing loop
[1.527s] DEBUG:colcon.colcon_parallel_executor.executor.parallel:loop closed
[1.527s] DEBUG:colcon.colcon_parallel_executor.executor.parallel:run_until_complete finished with '0'
[1.527s] DEBUG:colcon.colcon_core.event_reactor:joining thread
[1.532s] INFO:colcon.colcon_core.plugin_system:Skipping extension 'colcon_notification.desktop_notification.terminal_notifier': Not used on non-Darwin systems
[1.532s] INFO:colcon.colcon_core.plugin_system:Skipping extension 'colcon_notification.desktop_notification.win32': Not used on non-Windows systems
[1.532s] INFO:colcon.colcon_notification.desktop_notification:Sending desktop notification using 'notify2'
[1.542s] DEBUG:colcon.colcon_core.event_reactor:joined thread
[1.543s] INFO:colcon.colcon_core.shell:Creating prefix script '/home/CIN/acfml/Robotics/ros2_ws/src/install/local_setup.ps1'
[1.544s] INFO:colcon.colcon_core.shell:Creating prefix util module '/home/CIN/acfml/Robotics/ros2_ws/src/install/_local_setup_util_ps1.py'
[1.544s] INFO:colcon.colcon_core.shell:Creating prefix chain script '/home/CIN/acfml/Robotics/ros2_ws/src/install/setup.ps1'
[1.545s] INFO:colcon.colcon_core.shell:Creating prefix script '/home/CIN/acfml/Robotics/ros2_ws/src/install/local_setup.sh'
[1.546s] INFO:colcon.colcon_core.shell:Creating prefix util module '/home/CIN/acfml/Robotics/ros2_ws/src/install/_local_setup_util_sh.py'
[1.546s] INFO:colcon.colcon_core.shell:Creating prefix chain script '/home/CIN/acfml/Robotics/ros2_ws/src/install/setup.sh'
[1.547s] INFO:colcon.colcon_core.shell:Creating prefix script '/home/CIN/acfml/Robotics/ros2_ws/src/install/local_setup.bash'
[1.547s] INFO:colcon.colcon_core.shell:Creating prefix chain script '/home/CIN/acfml/Robotics/ros2_ws/src/install/setup.bash'
[1.548s] INFO:colcon.colcon_core.shell:Creating prefix script '/home/CIN/acfml/Robotics/ros2_ws/src/install/local_setup.zsh'
[1.548s] INFO:colcon.colcon_core.shell:Creating prefix chain script '/home/CIN/acfml/Robotics/ros2_ws/src/install/setup.zsh'
