[0.728s] Invoking command in '/home/CIN/acfml/ros2_ws/src/py_pubsub': DEBUGINFOD_URLS=https://debuginfod.ubuntu.com PYTHONPATH=/home/CIN/acfml/ros2_ws/build/py_pubsub/prefix_override:/usr/lib/python3/dist-packages/colcon_core/task/python/colcon_distutils_commands:/home/CIN/acfml/ros2_ws/install/py_pubsub/lib/python3.12/site-packages:${PYTHONPATH} /usr/bin/python3 -W ignore:setup.py install is deprecated -W ignore:easy_install command is deprecated setup.py egg_info --egg-base ../../build/py_pubsub build --build-base /home/CIN/acfml/ros2_ws/build/py_pubsub/build install --record /home/CIN/acfml/ros2_ws/build/py_pubsub/install.log --single-version-externally-managed install_data
[0.961s] running egg_info
[0.961s] creating ../../build/py_pubsub/py_pubsub.egg-info
[0.980s] writing ../../build/py_pubsub/py_pubsub.egg-info/PKG-INFO
[0.981s] writing dependency_links to ../../build/py_pubsub/py_pubsub.egg-info/dependency_links.txt
[0.981s] writing entry points to ../../build/py_pubsub/py_pubsub.egg-info/entry_points.txt
[0.981s] writing requirements to ../../build/py_pubsub/py_pubsub.egg-info/requires.txt
[0.981s] writing top-level names to ../../build/py_pubsub/py_pubsub.egg-info/top_level.txt
[0.981s] writing manifest file '../../build/py_pubsub/py_pubsub.egg-info/SOURCES.txt'
[1.020s] reading manifest file '../../build/py_pubsub/py_pubsub.egg-info/SOURCES.txt'
[1.020s] adding license file 'LICENSE'
[1.020s] writing manifest file '../../build/py_pubsub/py_pubsub.egg-info/SOURCES.txt'
[1.021s] running build
[1.021s] running build_py
[1.021s] creating /home/CIN/acfml/ros2_ws/build/py_pubsub/build
[1.021s] creating /home/CIN/acfml/ros2_ws/build/py_pubsub/build/lib
[1.021s] creating /home/CIN/acfml/ros2_ws/build/py_pubsub/build/lib/py_pubsub
[1.021s] copying py_pubsub/__init__.py -> /home/CIN/acfml/ros2_ws/build/py_pubsub/build/lib/py_pubsub
[1.021s] copying py_pubsub/publisher_member_function.py -> /home/CIN/acfml/ros2_ws/build/py_pubsub/build/lib/py_pubsub
[1.021s] running install
[1.025s] running install_lib
[1.045s] creating /home/CIN/acfml/ros2_ws/install/py_pubsub/lib/python3.12/site-packages/py_pubsub
[1.045s] copying /home/CIN/acfml/ros2_ws/build/py_pubsub/build/lib/py_pubsub/__init__.py -> /home/CIN/acfml/ros2_ws/install/py_pubsub/lib/python3.12/site-packages/py_pubsub
[1.045s] copying /home/CIN/acfml/ros2_ws/build/py_pubsub/build/lib/py_pubsub/publisher_member_function.py -> /home/CIN/acfml/ros2_ws/install/py_pubsub/lib/python3.12/site-packages/py_pubsub
[1.045s] byte-compiling /home/CIN/acfml/ros2_ws/install/py_pubsub/lib/python3.12/site-packages/py_pubsub/__init__.py to __init__.cpython-312.pyc
[1.046s] byte-compiling /home/CIN/acfml/ros2_ws/install/py_pubsub/lib/python3.12/site-packages/py_pubsub/publisher_member_function.py to publisher_member_function.cpython-312.pyc
[1.046s] running install_data
[1.046s]   File "/home/CIN/acfml/ros2_ws/install/py_pubsub/lib/python3.12/site-packages/py_pubsub/publisher_member_function.py", line 16
[1.046s]     		self.get_logger().info('Publishing: "%s"', %msg.data)
[1.046s]     		                                           ^
[1.046s] SyntaxError: invalid syntax
[1.046s] 
[1.046s] creating /home/CIN/acfml/ros2_ws/install/py_pubsub/share/ament_index
[1.047s] creating /home/CIN/acfml/ros2_ws/install/py_pubsub/share/ament_index/resource_index
[1.047s] creating /home/CIN/acfml/ros2_ws/install/py_pubsub/share/ament_index/resource_index/packages
[1.047s] copying resource/py_pubsub -> /home/CIN/acfml/ros2_ws/install/py_pubsub/share/ament_index/resource_index/packages
[1.047s] copying package.xml -> /home/CIN/acfml/ros2_ws/install/py_pubsub/share/py_pubsub
[1.047s] running install_egg_info
[1.067s] Copying ../../build/py_pubsub/py_pubsub.egg-info to /home/CIN/acfml/ros2_ws/install/py_pubsub/lib/python3.12/site-packages/py_pubsub-0.0.0-py3.12.egg-info
[1.068s] running install_scripts
[1.198s] Installing talker script to /home/CIN/acfml/ros2_ws/install/py_pubsub/lib/py_pubsub
[1.198s] writing list of installed files to '/home/CIN/acfml/ros2_ws/build/py_pubsub/install.log'
[1.217s] Invoked command in '/home/CIN/acfml/ros2_ws/src/py_pubsub' returned '0': DEBUGINFOD_URLS=https://debuginfod.ubuntu.com PYTHONPATH=/home/CIN/acfml/ros2_ws/build/py_pubsub/prefix_override:/usr/lib/python3/dist-packages/colcon_core/task/python/colcon_distutils_commands:/home/CIN/acfml/ros2_ws/install/py_pubsub/lib/python3.12/site-packages:${PYTHONPATH} /usr/bin/python3 -W ignore:setup.py install is deprecated -W ignore:easy_install command is deprecated setup.py egg_info --egg-base ../../build/py_pubsub build --build-base /home/CIN/acfml/ros2_ws/build/py_pubsub/build install --record /home/CIN/acfml/ros2_ws/build/py_pubsub/install.log --single-version-externally-managed install_data
