[0.705s] Invoking command in '/home/CIN/acfml/ros2_ws/src/py_srvcli': DEBUGINFOD_URLS=https://debuginfod.ubuntu.com PYTHONPATH=/home/CIN/acfml/ros2_ws/src/py_srvcli/build/py_srvcli/prefix_override:/usr/lib/python3/dist-packages/colcon_core/task/python/colcon_distutils_commands:/home/CIN/acfml/ros2_ws/src/py_srvcli/install/py_srvcli/lib/python3.12/site-packages:${PYTHONPATH} /usr/bin/python3 -W ignore:setup.py install is deprecated -W ignore:easy_install command is deprecated setup.py egg_info --egg-base build/py_srvcli build --build-base /home/CIN/acfml/ros2_ws/src/py_srvcli/build/py_srvcli/build install --record /home/CIN/acfml/ros2_ws/src/py_srvcli/build/py_srvcli/install.log --single-version-externally-managed install_data
[0.937s] running egg_info
[0.956s] writing build/py_srvcli/py_srvcli.egg-info/PKG-INFO
[0.956s] writing dependency_links to build/py_srvcli/py_srvcli.egg-info/dependency_links.txt
[0.956s] writing entry points to build/py_srvcli/py_srvcli.egg-info/entry_points.txt
[0.956s] writing requirements to build/py_srvcli/py_srvcli.egg-info/requires.txt
[0.957s] writing top-level names to build/py_srvcli/py_srvcli.egg-info/top_level.txt
[0.995s] reading manifest file 'build/py_srvcli/py_srvcli.egg-info/SOURCES.txt'
[0.995s] adding license file 'LICENSE'
[0.995s] writing manifest file 'build/py_srvcli/py_srvcli.egg-info/SOURCES.txt'
[0.995s] running build
[0.995s] running build_py
[0.996s] copying py_srvcli/client_member_function.py -> /home/CIN/acfml/ros2_ws/src/py_srvcli/build/py_srvcli/build/lib/py_srvcli
[0.996s] running install
[1.001s] running install_lib
[1.021s] copying /home/CIN/acfml/ros2_ws/src/py_srvcli/build/py_srvcli/build/lib/py_srvcli/client_member_function.py -> /home/CIN/acfml/ros2_ws/src/py_srvcli/install/py_srvcli/lib/python3.12/site-packages/py_srvcli
[1.021s] byte-compiling /home/CIN/acfml/ros2_ws/src/py_srvcli/install/py_srvcli/lib/python3.12/site-packages/py_srvcli/client_member_function.py to client_member_function.cpython-312.pyc
[1.021s] running install_data
[1.021s] running install_egg_info
[1.041s] removing '/home/CIN/acfml/ros2_ws/src/py_srvcli/install/py_srvcli/lib/python3.12/site-packages/py_srvcli-0.0.0-py3.12.egg-info' (and everything under it)
[1.042s] Copying build/py_srvcli/py_srvcli.egg-info to /home/CIN/acfml/ros2_ws/src/py_srvcli/install/py_srvcli/lib/python3.12/site-packages/py_srvcli-0.0.0-py3.12.egg-info
[1.042s] running install_scripts
[1.171s] Installing client script to /home/CIN/acfml/ros2_ws/src/py_srvcli/install/py_srvcli/lib/py_srvcli
[1.171s] Installing service script to /home/CIN/acfml/ros2_ws/src/py_srvcli/install/py_srvcli/lib/py_srvcli
[1.171s] writing list of installed files to '/home/CIN/acfml/ros2_ws/src/py_srvcli/build/py_srvcli/install.log'
[1.195s] Invoked command in '/home/CIN/acfml/ros2_ws/src/py_srvcli' returned '0': DEBUGINFOD_URLS=https://debuginfod.ubuntu.com PYTHONPATH=/home/CIN/acfml/ros2_ws/src/py_srvcli/build/py_srvcli/prefix_override:/usr/lib/python3/dist-packages/colcon_core/task/python/colcon_distutils_commands:/home/CIN/acfml/ros2_ws/src/py_srvcli/install/py_srvcli/lib/python3.12/site-packages:${PYTHONPATH} /usr/bin/python3 -W ignore:setup.py install is deprecated -W ignore:easy_install command is deprecated setup.py egg_info --egg-base build/py_srvcli build --build-base /home/CIN/acfml/ros2_ws/src/py_srvcli/build/py_srvcli/build install --record /home/CIN/acfml/ros2_ws/src/py_srvcli/build/py_srvcli/install.log --single-version-externally-managed install_data
