[0.753s] Invoking command in '/home/CIN/acfml/Robotics/ros2_ws/src/grupo_1': DEBUGINFOD_URLS=https://debuginfod.ubuntu.com PYTHONPATH=/home/CIN/acfml/Robotics/ros2_ws/src/build/grupo_1/prefix_override:/usr/lib/python3/dist-packages/colcon_core/task/python/colcon_distutils_commands:/home/CIN/acfml/Robotics/ros2_ws/src/install/grupo_1/lib/python3.12/site-packages:${PYTHONPATH} /usr/bin/python3 -W ignore:setup.py install is deprecated -W ignore:easy_install command is deprecated setup.py egg_info --egg-base ../build/grupo_1 build --build-base /home/CIN/acfml/Robotics/ros2_ws/src/build/grupo_1/build install --record /home/CIN/acfml/Robotics/ros2_ws/src/build/grupo_1/install.log --single-version-externally-managed install_data
[1.028s] running egg_info
[1.049s] writing ../build/grupo_1/grupo_1.egg-info/PKG-INFO
[1.050s] writing dependency_links to ../build/grupo_1/grupo_1.egg-info/dependency_links.txt
[1.050s] writing entry points to ../build/grupo_1/grupo_1.egg-info/entry_points.txt
[1.050s] writing requirements to ../build/grupo_1/grupo_1.egg-info/requires.txt
[1.050s] writing top-level names to ../build/grupo_1/grupo_1.egg-info/top_level.txt
[1.094s] reading manifest file '../build/grupo_1/grupo_1.egg-info/SOURCES.txt'
[1.094s] adding license file 'LICENSE'
[1.094s] writing manifest file '../build/grupo_1/grupo_1.egg-info/SOURCES.txt'
[1.094s] running build
[1.094s] running build_py
[1.095s] running install
[1.099s] running install_lib
[1.122s] running install_data
[1.122s] copying resource/grupo_1 -> /home/CIN/acfml/Robotics/ros2_ws/src/install/grupo_1/share/ament_index/resource_index/packages
[1.122s] copying package.xml -> /home/CIN/acfml/Robotics/ros2_ws/src/install/grupo_1/share/grupo_1
[1.122s] running install_egg_info
[1.144s] Copying ../build/grupo_1/grupo_1.egg-info to /home/CIN/acfml/Robotics/ros2_ws/src/install/grupo_1/lib/python3.12/site-packages/grupo_1-0.0.0-py3.12.egg-info
[1.145s] running install_scripts
[1.293s] Installing client script to /home/CIN/acfml/Robotics/ros2_ws/src/install/grupo_1/lib/grupo_1
[1.293s] writing list of installed files to '/home/CIN/acfml/Robotics/ros2_ws/src/build/grupo_1/install.log'
[1.314s] Invoked command in '/home/CIN/acfml/Robotics/ros2_ws/src/grupo_1' returned '0': DEBUGINFOD_URLS=https://debuginfod.ubuntu.com PYTHONPATH=/home/CIN/acfml/Robotics/ros2_ws/src/build/grupo_1/prefix_override:/usr/lib/python3/dist-packages/colcon_core/task/python/colcon_distutils_commands:/home/CIN/acfml/Robotics/ros2_ws/src/install/grupo_1/lib/python3.12/site-packages:${PYTHONPATH} /usr/bin/python3 -W ignore:setup.py install is deprecated -W ignore:easy_install command is deprecated setup.py egg_info --egg-base ../build/grupo_1 build --build-base /home/CIN/acfml/Robotics/ros2_ws/src/build/grupo_1/build install --record /home/CIN/acfml/Robotics/ros2_ws/src/build/grupo_1/install.log --single-version-externally-managed install_data
