[0.723s] Invoking command in '/home/CIN/tjgc/Documents/Robotics/ros2_ws/src/grupo_1': DEBUGINFOD_URLS=https://debuginfod.ubuntu.com PYTHONPATH=/home/CIN/tjgc/Documents/Robotics/build/grupo_1/prefix_override:/usr/lib/python3/dist-packages/colcon_core/task/python/colcon_distutils_commands:/home/CIN/tjgc/Documents/Robotics/install/grupo_1/lib/python3.12/site-packages:${PYTHONPATH} /usr/bin/python3 -W ignore:setup.py install is deprecated -W ignore:easy_install command is deprecated setup.py egg_info --egg-base ../../../build/grupo_1 build --build-base /home/CIN/tjgc/Documents/Robotics/build/grupo_1/build install --record /home/CIN/tjgc/Documents/Robotics/build/grupo_1/install.log --single-version-externally-managed install_data
[0.914s] running egg_info
[0.914s] creating ../../../build/grupo_1/grupo_1.egg-info
[0.927s] writing ../../../build/grupo_1/grupo_1.egg-info/PKG-INFO
[0.928s] writing dependency_links to ../../../build/grupo_1/grupo_1.egg-info/dependency_links.txt
[0.928s] writing entry points to ../../../build/grupo_1/grupo_1.egg-info/entry_points.txt
[0.928s] writing requirements to ../../../build/grupo_1/grupo_1.egg-info/requires.txt
[0.928s] writing top-level names to ../../../build/grupo_1/grupo_1.egg-info/top_level.txt
[0.928s] writing manifest file '../../../build/grupo_1/grupo_1.egg-info/SOURCES.txt'
[0.957s] reading manifest file '../../../build/grupo_1/grupo_1.egg-info/SOURCES.txt'
[0.957s] adding license file 'LICENSE'
[0.957s] writing manifest file '../../../build/grupo_1/grupo_1.egg-info/SOURCES.txt'
[0.957s] running build
[0.957s] running build_py
[0.957s] creating /home/CIN/tjgc/Documents/Robotics/build/grupo_1/build
[0.958s] creating /home/CIN/tjgc/Documents/Robotics/build/grupo_1/build/lib
[0.958s] creating /home/CIN/tjgc/Documents/Robotics/build/grupo_1/build/lib/grupo_1
[0.958s] copying grupo_1/__init__.py -> /home/CIN/tjgc/Documents/Robotics/build/grupo_1/build/lib/grupo_1
[0.958s] copying grupo_1/teste.py -> /home/CIN/tjgc/Documents/Robotics/build/grupo_1/build/lib/grupo_1
[0.958s] copying grupo_1/client.py -> /home/CIN/tjgc/Documents/Robotics/build/grupo_1/build/lib/grupo_1
[0.958s] copying grupo_1/robot.py -> /home/CIN/tjgc/Documents/Robotics/build/grupo_1/build/lib/grupo_1
[0.958s] running install
[0.963s] running install_lib
[0.978s] creating /home/CIN/tjgc/Documents/Robotics/install/grupo_1/lib/python3.12/site-packages/grupo_1
[0.978s] copying /home/CIN/tjgc/Documents/Robotics/build/grupo_1/build/lib/grupo_1/__init__.py -> /home/CIN/tjgc/Documents/Robotics/install/grupo_1/lib/python3.12/site-packages/grupo_1
[0.978s] copying /home/CIN/tjgc/Documents/Robotics/build/grupo_1/build/lib/grupo_1/teste.py -> /home/CIN/tjgc/Documents/Robotics/install/grupo_1/lib/python3.12/site-packages/grupo_1
[0.978s] copying /home/CIN/tjgc/Documents/Robotics/build/grupo_1/build/lib/grupo_1/client.py -> /home/CIN/tjgc/Documents/Robotics/install/grupo_1/lib/python3.12/site-packages/grupo_1
[0.978s] copying /home/CIN/tjgc/Documents/Robotics/build/grupo_1/build/lib/grupo_1/robot.py -> /home/CIN/tjgc/Documents/Robotics/install/grupo_1/lib/python3.12/site-packages/grupo_1
[0.978s] byte-compiling /home/CIN/tjgc/Documents/Robotics/install/grupo_1/lib/python3.12/site-packages/grupo_1/__init__.py to __init__.cpython-312.pyc
[0.979s] byte-compiling /home/CIN/tjgc/Documents/Robotics/install/grupo_1/lib/python3.12/site-packages/grupo_1/teste.py to teste.cpython-312.pyc
[0.979s] byte-compiling /home/CIN/tjgc/Documents/Robotics/install/grupo_1/lib/python3.12/site-packages/grupo_1/client.py to client.cpython-312.pyc
[0.982s] byte-compiling /home/CIN/tjgc/Documents/Robotics/install/grupo_1/lib/python3.12/site-packages/grupo_1/robot.py to robot.cpython-312.pyc
[0.984s] running install_data
[0.984s] creating /home/CIN/tjgc/Documents/Robotics/install/grupo_1/share/ament_index
[0.984s] creating /home/CIN/tjgc/Documents/Robotics/install/grupo_1/share/ament_index/resource_index
[0.984s] creating /home/CIN/tjgc/Documents/Robotics/install/grupo_1/share/ament_index/resource_index/packages
[0.984s] copying resource/grupo_1 -> /home/CIN/tjgc/Documents/Robotics/install/grupo_1/share/ament_index/resource_index/packages
[0.984s] copying package.xml -> /home/CIN/tjgc/Documents/Robotics/install/grupo_1/share/grupo_1
[0.984s] running install_egg_info
[1.000s] Copying ../../../build/grupo_1/grupo_1.egg-info to /home/CIN/tjgc/Documents/Robotics/install/grupo_1/lib/python3.12/site-packages/grupo_1-0.0.0-py3.12.egg-info
[1.000s] running install_scripts
[1.099s] Installing client script to /home/CIN/tjgc/Documents/Robotics/install/grupo_1/lib/grupo_1
[1.099s] writing list of installed files to '/home/CIN/tjgc/Documents/Robotics/build/grupo_1/install.log'
[1.124s] Invoked command in '/home/CIN/tjgc/Documents/Robotics/ros2_ws/src/grupo_1' returned '0': DEBUGINFOD_URLS=https://debuginfod.ubuntu.com PYTHONPATH=/home/CIN/tjgc/Documents/Robotics/build/grupo_1/prefix_override:/usr/lib/python3/dist-packages/colcon_core/task/python/colcon_distutils_commands:/home/CIN/tjgc/Documents/Robotics/install/grupo_1/lib/python3.12/site-packages:${PYTHONPATH} /usr/bin/python3 -W ignore:setup.py install is deprecated -W ignore:easy_install command is deprecated setup.py egg_info --egg-base ../../../build/grupo_1 build --build-base /home/CIN/tjgc/Documents/Robotics/build/grupo_1/build install --record /home/CIN/tjgc/Documents/Robotics/build/grupo_1/install.log --single-version-externally-managed install_data
