[0.013s] Invoking command in '/home/CIN/tjgc/Documents/Robotics/build/arm_interfaces': CMAKE_PREFIX_PATH=${CMAKE_PREFIX_PATH}:/home/CIN/tjgc/Documents/Robotics/install/grupo_1:/opt/ros/jazzy DEBUGINFOD_URLS=https://debuginfod.ubuntu.com /usr/bin/cmake --build /home/CIN/tjgc/Documents/Robotics/build/arm_interfaces -- -j16 -l16
[0.060s] [  2%] Built target arm_interfaces__rosidl_generator_type_description
[0.072s] [  2%] Built target ament_cmake_python_copy_arm_interfaces
[0.083s] [  5%] Built target arm_interfaces__cpp
[0.085s] [ 20%] Built target arm_interfaces__rosidl_generator_c
[0.113s] [ 64%] Built target arm_interfaces__rosidl_typesupport_c
[0.113s] [ 64%] Built target arm_interfaces__rosidl_typesupport_introspection_cpp
[0.113s] [ 64%] Built target arm_interfaces__rosidl_typesupport_fastrtps_cpp
[0.113s] [ 64%] Built target arm_interfaces__rosidl_typesupport_cpp
[0.113s] [ 64%] Built target arm_interfaces__rosidl_typesupport_introspection_c
[0.114s] [ 73%] Built target arm_interfaces__rosidl_typesupport_fastrtps_c
[0.136s] [ 73%] Built target arm_interfaces
[0.156s] [ 76%] Built target arm_interfaces__py
[0.177s] [ 82%] Built target arm_interfaces__rosidl_generator_py
[0.198s] [ 94%] Built target arm_interfaces_s__rosidl_typesupport_introspection_c
[0.198s] [ 94%] Built target arm_interfaces_s__rosidl_typesupport_c
[0.199s] [100%] Built target arm_interfaces_s__rosidl_typesupport_fastrtps_c
[0.268s] running egg_info
[0.285s] writing arm_interfaces.egg-info/PKG-INFO
[0.285s] writing dependency_links to arm_interfaces.egg-info/dependency_links.txt
[0.285s] writing top-level names to arm_interfaces.egg-info/top_level.txt
[0.337s] reading manifest file 'arm_interfaces.egg-info/SOURCES.txt'
[0.337s] writing manifest file 'arm_interfaces.egg-info/SOURCES.txt'
[0.360s] [100%] Built target ament_cmake_python_build_arm_interfaces_egg
[0.372s] Invoked command in '/home/CIN/tjgc/Documents/Robotics/build/arm_interfaces' returned '0': CMAKE_PREFIX_PATH=${CMAKE_PREFIX_PATH}:/home/CIN/tjgc/Documents/Robotics/install/grupo_1:/opt/ros/jazzy DEBUGINFOD_URLS=https://debuginfod.ubuntu.com /usr/bin/cmake --build /home/CIN/tjgc/Documents/Robotics/build/arm_interfaces -- -j16 -l16
[0.382s] Invoking command in '/home/CIN/tjgc/Documents/Robotics/build/arm_interfaces': CMAKE_PREFIX_PATH=${CMAKE_PREFIX_PATH}:/home/CIN/tjgc/Documents/Robotics/install/grupo_1:/opt/ros/jazzy DEBUGINFOD_URLS=https://debuginfod.ubuntu.com /usr/bin/cmake --install /home/CIN/tjgc/Documents/Robotics/build/arm_interfaces
[0.389s] -- Install configuration: ""
[0.390s] -- Up-to-date: /home/CIN/tjgc/Documents/Robotics/install/arm_interfaces/share/ament_index/resource_index/rosidl_interfaces/arm_interfaces
[0.390s] -- Up-to-date: /home/CIN/tjgc/Documents/Robotics/install/arm_interfaces/share/arm_interfaces/srv/FollowTrajectory.json
[0.390s] -- Up-to-date: /home/CIN/tjgc/Documents/Robotics/install/arm_interfaces/include/arm_interfaces/arm_interfaces
[0.390s] -- Up-to-date: /home/CIN/tjgc/Documents/Robotics/install/arm_interfaces/include/arm_interfaces/arm_interfaces/msg
[0.390s] -- Up-to-date: /home/CIN/tjgc/Documents/Robotics/install/arm_interfaces/include/arm_interfaces/arm_interfaces/msg/rosidl_generator_c__visibility_control.h
[0.390s] -- Up-to-date: /home/CIN/tjgc/Documents/Robotics/install/arm_interfaces/include/arm_interfaces/arm_interfaces/srv
[0.390s] -- Up-to-date: /home/CIN/tjgc/Documents/Robotics/install/arm_interfaces/include/arm_interfaces/arm_interfaces/srv/detail
[0.390s] -- Up-to-date: /home/CIN/tjgc/Documents/Robotics/install/arm_interfaces/include/arm_interfaces/arm_interfaces/srv/detail/follow_trajectory__functions.h
[0.390s] -- Up-to-date: /home/CIN/tjgc/Documents/Robotics/install/arm_interfaces/include/arm_interfaces/arm_interfaces/srv/detail/follow_trajectory__description.c
[0.391s] -- Up-to-date: /home/CIN/tjgc/Documents/Robotics/install/arm_interfaces/include/arm_interfaces/arm_interfaces/srv/detail/follow_trajectory__type_support.h
[0.391s] -- Up-to-date: /home/CIN/tjgc/Documents/Robotics/install/arm_interfaces/include/arm_interfaces/arm_interfaces/srv/detail/follow_trajectory__struct.h
[0.391s] -- Up-to-date: /home/CIN/tjgc/Documents/Robotics/install/arm_interfaces/include/arm_interfaces/arm_interfaces/srv/detail/follow_trajectory__type_support.c
[0.391s] -- Up-to-date: /home/CIN/tjgc/Documents/Robotics/install/arm_interfaces/include/arm_interfaces/arm_interfaces/srv/detail/follow_trajectory__functions.c
[0.391s] -- Up-to-date: /home/CIN/tjgc/Documents/Robotics/install/arm_interfaces/include/arm_interfaces/arm_interfaces/srv/follow_trajectory.h
[0.391s] -- Up-to-date: /home/CIN/tjgc/Documents/Robotics/install/arm_interfaces/share/arm_interfaces/environment/library_path.sh
[0.391s] -- Up-to-date: /home/CIN/tjgc/Documents/Robotics/install/arm_interfaces/share/arm_interfaces/environment/library_path.dsv
[0.391s] -- Up-to-date: /home/CIN/tjgc/Documents/Robotics/install/arm_interfaces/lib/libarm_interfaces__rosidl_generator_c.so
[0.391s] -- Up-to-date: /home/CIN/tjgc/Documents/Robotics/install/arm_interfaces/include/arm_interfaces/arm_interfaces
[0.391s] -- Up-to-date: /home/CIN/tjgc/Documents/Robotics/install/arm_interfaces/include/arm_interfaces/arm_interfaces/msg
[0.392s] -- Up-to-date: /home/CIN/tjgc/Documents/Robotics/install/arm_interfaces/include/arm_interfaces/arm_interfaces/msg/rosidl_typesupport_fastrtps_c__visibility_control.h
[0.392s] -- Up-to-date: /home/CIN/tjgc/Documents/Robotics/install/arm_interfaces/include/arm_interfaces/arm_interfaces/srv
[0.392s] -- Up-to-date: /home/CIN/tjgc/Documents/Robotics/install/arm_interfaces/include/arm_interfaces/arm_interfaces/srv/detail
[0.392s] -- Up-to-date: /home/CIN/tjgc/Documents/Robotics/install/arm_interfaces/include/arm_interfaces/arm_interfaces/srv/detail/follow_trajectory__rosidl_typesupport_fastrtps_c.h
[0.392s] -- Up-to-date: /home/CIN/tjgc/Documents/Robotics/install/arm_interfaces/lib/libarm_interfaces__rosidl_typesupport_fastrtps_c.so
[0.392s] -- Up-to-date: /home/CIN/tjgc/Documents/Robotics/install/arm_interfaces/include/arm_interfaces/arm_interfaces
[0.392s] -- Up-to-date: /home/CIN/tjgc/Documents/Robotics/install/arm_interfaces/include/arm_interfaces/arm_interfaces/msg
[0.392s] -- Up-to-date: /home/CIN/tjgc/Documents/Robotics/install/arm_interfaces/include/arm_interfaces/arm_interfaces/msg/rosidl_generator_cpp__visibility_control.hpp
[0.392s] -- Up-to-date: /home/CIN/tjgc/Documents/Robotics/install/arm_interfaces/include/arm_interfaces/arm_interfaces/srv
[0.392s] -- Up-to-date: /home/CIN/tjgc/Documents/Robotics/install/arm_interfaces/include/arm_interfaces/arm_interfaces/srv/detail
[0.392s] -- Up-to-date: /home/CIN/tjgc/Documents/Robotics/install/arm_interfaces/include/arm_interfaces/arm_interfaces/srv/detail/follow_trajectory__builder.hpp
[0.393s] -- Up-to-date: /home/CIN/tjgc/Documents/Robotics/install/arm_interfaces/include/arm_interfaces/arm_interfaces/srv/detail/follow_trajectory__type_support.hpp
[0.393s] -- Up-to-date: /home/CIN/tjgc/Documents/Robotics/install/arm_interfaces/include/arm_interfaces/arm_interfaces/srv/detail/follow_trajectory__struct.hpp
[0.393s] -- Up-to-date: /home/CIN/tjgc/Documents/Robotics/install/arm_interfaces/include/arm_interfaces/arm_interfaces/srv/detail/follow_trajectory__traits.hpp
[0.393s] -- Up-to-date: /home/CIN/tjgc/Documents/Robotics/install/arm_interfaces/include/arm_interfaces/arm_interfaces/srv/follow_trajectory.hpp
[0.393s] -- Up-to-date: /home/CIN/tjgc/Documents/Robotics/install/arm_interfaces/include/arm_interfaces/arm_interfaces
[0.393s] -- Up-to-date: /home/CIN/tjgc/Documents/Robotics/install/arm_interfaces/include/arm_interfaces/arm_interfaces/msg
[0.393s] -- Up-to-date: /home/CIN/tjgc/Documents/Robotics/install/arm_interfaces/include/arm_interfaces/arm_interfaces/msg/rosidl_typesupport_fastrtps_cpp__visibility_control.h
[0.393s] -- Up-to-date: /home/CIN/tjgc/Documents/Robotics/install/arm_interfaces/include/arm_interfaces/arm_interfaces/srv
[0.393s] -- Up-to-date: /home/CIN/tjgc/Documents/Robotics/install/arm_interfaces/include/arm_interfaces/arm_interfaces/srv/detail
[0.393s] -- Up-to-date: /home/CIN/tjgc/Documents/Robotics/install/arm_interfaces/include/arm_interfaces/arm_interfaces/srv/detail/dds_fastrtps
[0.393s] -- Up-to-date: /home/CIN/tjgc/Documents/Robotics/install/arm_interfaces/include/arm_interfaces/arm_interfaces/srv/detail/follow_trajectory__rosidl_typesupport_fastrtps_cpp.hpp
[0.394s] -- Up-to-date: /home/CIN/tjgc/Documents/Robotics/install/arm_interfaces/lib/libarm_interfaces__rosidl_typesupport_fastrtps_cpp.so
[0.394s] -- Up-to-date: /home/CIN/tjgc/Documents/Robotics/install/arm_interfaces/include/arm_interfaces/arm_interfaces
[0.394s] -- Up-to-date: /home/CIN/tjgc/Documents/Robotics/install/arm_interfaces/include/arm_interfaces/arm_interfaces/msg
[0.394s] -- Up-to-date: /home/CIN/tjgc/Documents/Robotics/install/arm_interfaces/include/arm_interfaces/arm_interfaces/msg/rosidl_typesupport_introspection_c__visibility_control.h
[0.394s] -- Up-to-date: /home/CIN/tjgc/Documents/Robotics/install/arm_interfaces/include/arm_interfaces/arm_interfaces/srv
[0.394s] -- Up-to-date: /home/CIN/tjgc/Documents/Robotics/install/arm_interfaces/include/arm_interfaces/arm_interfaces/srv/detail
[0.394s] -- Up-to-date: /home/CIN/tjgc/Documents/Robotics/install/arm_interfaces/include/arm_interfaces/arm_interfaces/srv/detail/follow_trajectory__rosidl_typesupport_introspection_c.h
[0.394s] -- Up-to-date: /home/CIN/tjgc/Documents/Robotics/install/arm_interfaces/include/arm_interfaces/arm_interfaces/srv/detail/follow_trajectory__type_support.c
[0.394s] -- Up-to-date: /home/CIN/tjgc/Documents/Robotics/install/arm_interfaces/lib/libarm_interfaces__rosidl_typesupport_introspection_c.so
[0.394s] -- Up-to-date: /home/CIN/tjgc/Documents/Robotics/install/arm_interfaces/lib/libarm_interfaces__rosidl_typesupport_c.so
[0.394s] -- Up-to-date: /home/CIN/tjgc/Documents/Robotics/install/arm_interfaces/include/arm_interfaces/arm_interfaces
[0.394s] -- Up-to-date: /home/CIN/tjgc/Documents/Robotics/install/arm_interfaces/include/arm_interfaces/arm_interfaces/srv
[0.395s] -- Up-to-date: /home/CIN/tjgc/Documents/Robotics/install/arm_interfaces/include/arm_interfaces/arm_interfaces/srv/detail
[0.395s] -- Up-to-date: /home/CIN/tjgc/Documents/Robotics/install/arm_interfaces/include/arm_interfaces/arm_interfaces/srv/detail/follow_trajectory__type_support.cpp
[0.395s] -- Up-to-date: /home/CIN/tjgc/Documents/Robotics/install/arm_interfaces/include/arm_interfaces/arm_interfaces/srv/detail/follow_trajectory__rosidl_typesupport_introspection_cpp.hpp
[0.395s] -- Up-to-date: /home/CIN/tjgc/Documents/Robotics/install/arm_interfaces/lib/libarm_interfaces__rosidl_typesupport_introspection_cpp.so
[0.395s] -- Up-to-date: /home/CIN/tjgc/Documents/Robotics/install/arm_interfaces/lib/libarm_interfaces__rosidl_typesupport_cpp.so
[0.395s] -- Up-to-date: /home/CIN/tjgc/Documents/Robotics/install/arm_interfaces/share/arm_interfaces/environment/pythonpath.sh
[0.395s] -- Up-to-date: /home/CIN/tjgc/Documents/Robotics/install/arm_interfaces/share/arm_interfaces/environment/pythonpath.dsv
[0.395s] -- Up-to-date: /home/CIN/tjgc/Documents/Robotics/install/arm_interfaces/lib/python3.12/site-packages/arm_interfaces-0.0.0-py3.12.egg-info
[0.395s] -- Installing: /home/CIN/tjgc/Documents/Robotics/install/arm_interfaces/lib/python3.12/site-packages/arm_interfaces-0.0.0-py3.12.egg-info/SOURCES.txt
[0.395s] -- Installing: /home/CIN/tjgc/Documents/Robotics/install/arm_interfaces/lib/python3.12/site-packages/arm_interfaces-0.0.0-py3.12.egg-info/PKG-INFO
[0.395s] -- Installing: /home/CIN/tjgc/Documents/Robotics/install/arm_interfaces/lib/python3.12/site-packages/arm_interfaces-0.0.0-py3.12.egg-info/top_level.txt
[0.396s] -- Installing: /home/CIN/tjgc/Documents/Robotics/install/arm_interfaces/lib/python3.12/site-packages/arm_interfaces-0.0.0-py3.12.egg-info/dependency_links.txt
[0.396s] -- Up-to-date: /home/CIN/tjgc/Documents/Robotics/install/arm_interfaces/lib/python3.12/site-packages/arm_interfaces
[0.396s] -- Up-to-date: /home/CIN/tjgc/Documents/Robotics/install/arm_interfaces/lib/python3.12/site-packages/arm_interfaces/__init__.py
[0.396s] -- Up-to-date: /home/CIN/tjgc/Documents/Robotics/install/arm_interfaces/lib/python3.12/site-packages/arm_interfaces/arm_interfaces_s__rosidl_typesupport_introspection_c.so
[0.396s] -- Up-to-date: /home/CIN/tjgc/Documents/Robotics/install/arm_interfaces/lib/python3.12/site-packages/arm_interfaces/_arm_interfaces_s.ep.rosidl_typesupport_fastrtps_c.c
[0.396s] -- Up-to-date: /home/CIN/tjgc/Documents/Robotics/install/arm_interfaces/lib/python3.12/site-packages/arm_interfaces/arm_interfaces_s__rosidl_typesupport_c.so
[0.396s] -- Up-to-date: /home/CIN/tjgc/Documents/Robotics/install/arm_interfaces/lib/python3.12/site-packages/arm_interfaces/_arm_interfaces_s.ep.rosidl_typesupport_c.c
[0.396s] -- Up-to-date: /home/CIN/tjgc/Documents/Robotics/install/arm_interfaces/lib/python3.12/site-packages/arm_interfaces/_arm_interfaces_s.ep.rosidl_typesupport_introspection_c.c
[0.396s] -- Up-to-date: /home/CIN/tjgc/Documents/Robotics/install/arm_interfaces/lib/python3.12/site-packages/arm_interfaces/srv
[0.396s] -- Up-to-date: /home/CIN/tjgc/Documents/Robotics/install/arm_interfaces/lib/python3.12/site-packages/arm_interfaces/srv/__init__.py
[0.396s] -- Up-to-date: /home/CIN/tjgc/Documents/Robotics/install/arm_interfaces/lib/python3.12/site-packages/arm_interfaces/srv/_follow_trajectory.py
[0.396s] -- Up-to-date: /home/CIN/tjgc/Documents/Robotics/install/arm_interfaces/lib/python3.12/site-packages/arm_interfaces/srv/_follow_trajectory_s.c
[0.396s] -- Up-to-date: /home/CIN/tjgc/Documents/Robotics/install/arm_interfaces/lib/python3.12/site-packages/arm_interfaces/arm_interfaces_s__rosidl_typesupport_fastrtps_c.so
[0.426s] Listing '/home/CIN/tjgc/Documents/Robotics/install/arm_interfaces/lib/python3.12/site-packages/arm_interfaces'...
[0.426s] Listing '/home/CIN/tjgc/Documents/Robotics/install/arm_interfaces/lib/python3.12/site-packages/arm_interfaces/srv'...
[0.430s] -- Up-to-date: /home/CIN/tjgc/Documents/Robotics/install/arm_interfaces/lib/python3.12/site-packages/arm_interfaces/arm_interfaces_s__rosidl_typesupport_fastrtps_c.so
[0.430s] -- Up-to-date: /home/CIN/tjgc/Documents/Robotics/install/arm_interfaces/lib/python3.12/site-packages/arm_interfaces/arm_interfaces_s__rosidl_typesupport_introspection_c.so
[0.431s] -- Up-to-date: /home/CIN/tjgc/Documents/Robotics/install/arm_interfaces/lib/python3.12/site-packages/arm_interfaces/arm_interfaces_s__rosidl_typesupport_c.so
[0.431s] -- Up-to-date: /home/CIN/tjgc/Documents/Robotics/install/arm_interfaces/lib/libarm_interfaces__rosidl_generator_py.so
[0.431s] -- Up-to-date: /home/CIN/tjgc/Documents/Robotics/install/arm_interfaces/share/arm_interfaces/srv/FollowTrajectory.idl
[0.431s] -- Up-to-date: /home/CIN/tjgc/Documents/Robotics/install/arm_interfaces/share/arm_interfaces/srv/FollowTrajectory.srv
[0.431s] -- Up-to-date: /home/CIN/tjgc/Documents/Robotics/install/arm_interfaces/share/ament_index/resource_index/package_run_dependencies/arm_interfaces
[0.431s] -- Up-to-date: /home/CIN/tjgc/Documents/Robotics/install/arm_interfaces/share/ament_index/resource_index/parent_prefix_path/arm_interfaces
[0.432s] -- Up-to-date: /home/CIN/tjgc/Documents/Robotics/install/arm_interfaces/share/arm_interfaces/environment/ament_prefix_path.sh
[0.432s] -- Up-to-date: /home/CIN/tjgc/Documents/Robotics/install/arm_interfaces/share/arm_interfaces/environment/ament_prefix_path.dsv
[0.432s] -- Up-to-date: /home/CIN/tjgc/Documents/Robotics/install/arm_interfaces/share/arm_interfaces/environment/path.sh
[0.432s] -- Up-to-date: /home/CIN/tjgc/Documents/Robotics/install/arm_interfaces/share/arm_interfaces/environment/path.dsv
[0.432s] -- Up-to-date: /home/CIN/tjgc/Documents/Robotics/install/arm_interfaces/share/arm_interfaces/local_setup.bash
[0.432s] -- Up-to-date: /home/CIN/tjgc/Documents/Robotics/install/arm_interfaces/share/arm_interfaces/local_setup.sh
[0.432s] -- Up-to-date: /home/CIN/tjgc/Documents/Robotics/install/arm_interfaces/share/arm_interfaces/local_setup.zsh
[0.432s] -- Up-to-date: /home/CIN/tjgc/Documents/Robotics/install/arm_interfaces/share/arm_interfaces/local_setup.dsv
[0.432s] -- Installing: /home/CIN/tjgc/Documents/Robotics/install/arm_interfaces/share/arm_interfaces/package.dsv
[0.432s] -- Up-to-date: /home/CIN/tjgc/Documents/Robotics/install/arm_interfaces/share/ament_index/resource_index/packages/arm_interfaces
[0.433s] -- Up-to-date: /home/CIN/tjgc/Documents/Robotics/install/arm_interfaces/share/arm_interfaces/cmake/export_arm_interfaces__rosidl_generator_cExport.cmake
[0.433s] -- Up-to-date: /home/CIN/tjgc/Documents/Robotics/install/arm_interfaces/share/arm_interfaces/cmake/export_arm_interfaces__rosidl_generator_cExport-noconfig.cmake
[0.433s] -- Up-to-date: /home/CIN/tjgc/Documents/Robotics/install/arm_interfaces/share/arm_interfaces/cmake/export_arm_interfaces__rosidl_typesupport_fastrtps_cExport.cmake
[0.433s] -- Up-to-date: /home/CIN/tjgc/Documents/Robotics/install/arm_interfaces/share/arm_interfaces/cmake/export_arm_interfaces__rosidl_typesupport_fastrtps_cExport-noconfig.cmake
[0.433s] -- Up-to-date: /home/CIN/tjgc/Documents/Robotics/install/arm_interfaces/share/arm_interfaces/cmake/export_arm_interfaces__rosidl_generator_cppExport.cmake
[0.433s] -- Up-to-date: /home/CIN/tjgc/Documents/Robotics/install/arm_interfaces/share/arm_interfaces/cmake/export_arm_interfaces__rosidl_typesupport_fastrtps_cppExport.cmake
[0.433s] -- Up-to-date: /home/CIN/tjgc/Documents/Robotics/install/arm_interfaces/share/arm_interfaces/cmake/export_arm_interfaces__rosidl_typesupport_fastrtps_cppExport-noconfig.cmake
[0.433s] -- Up-to-date: /home/CIN/tjgc/Documents/Robotics/install/arm_interfaces/share/arm_interfaces/cmake/arm_interfaces__rosidl_typesupport_introspection_cExport.cmake
[0.433s] -- Up-to-date: /home/CIN/tjgc/Documents/Robotics/install/arm_interfaces/share/arm_interfaces/cmake/arm_interfaces__rosidl_typesupport_introspection_cExport-noconfig.cmake
[0.433s] -- Up-to-date: /home/CIN/tjgc/Documents/Robotics/install/arm_interfaces/share/arm_interfaces/cmake/arm_interfaces__rosidl_typesupport_cExport.cmake
[0.433s] -- Up-to-date: /home/CIN/tjgc/Documents/Robotics/install/arm_interfaces/share/arm_interfaces/cmake/arm_interfaces__rosidl_typesupport_cExport-noconfig.cmake
[0.434s] -- Up-to-date: /home/CIN/tjgc/Documents/Robotics/install/arm_interfaces/share/arm_interfaces/cmake/arm_interfaces__rosidl_typesupport_introspection_cppExport.cmake
[0.434s] -- Up-to-date: /home/CIN/tjgc/Documents/Robotics/install/arm_interfaces/share/arm_interfaces/cmake/arm_interfaces__rosidl_typesupport_introspection_cppExport-noconfig.cmake
[0.434s] -- Up-to-date: /home/CIN/tjgc/Documents/Robotics/install/arm_interfaces/share/arm_interfaces/cmake/arm_interfaces__rosidl_typesupport_cppExport.cmake
[0.434s] -- Up-to-date: /home/CIN/tjgc/Documents/Robotics/install/arm_interfaces/share/arm_interfaces/cmake/arm_interfaces__rosidl_typesupport_cppExport-noconfig.cmake
[0.434s] -- Up-to-date: /home/CIN/tjgc/Documents/Robotics/install/arm_interfaces/share/arm_interfaces/cmake/export_arm_interfaces__rosidl_generator_pyExport.cmake
[0.434s] -- Up-to-date: /home/CIN/tjgc/Documents/Robotics/install/arm_interfaces/share/arm_interfaces/cmake/export_arm_interfaces__rosidl_generator_pyExport-noconfig.cmake
[0.434s] -- Up-to-date: /home/CIN/tjgc/Documents/Robotics/install/arm_interfaces/share/arm_interfaces/cmake/rosidl_cmake-extras.cmake
[0.434s] -- Up-to-date: /home/CIN/tjgc/Documents/Robotics/install/arm_interfaces/share/arm_interfaces/cmake/ament_cmake_export_dependencies-extras.cmake
[0.434s] -- Up-to-date: /home/CIN/tjgc/Documents/Robotics/install/arm_interfaces/share/arm_interfaces/cmake/ament_cmake_export_include_directories-extras.cmake
[0.434s] -- Up-to-date: /home/CIN/tjgc/Documents/Robotics/install/arm_interfaces/share/arm_interfaces/cmake/ament_cmake_export_libraries-extras.cmake
[0.434s] -- Up-to-date: /home/CIN/tjgc/Documents/Robotics/install/arm_interfaces/share/arm_interfaces/cmake/ament_cmake_export_targets-extras.cmake
[0.435s] -- Up-to-date: /home/CIN/tjgc/Documents/Robotics/install/arm_interfaces/share/arm_interfaces/cmake/rosidl_cmake_export_typesupport_targets-extras.cmake
[0.435s] -- Up-to-date: /home/CIN/tjgc/Documents/Robotics/install/arm_interfaces/share/arm_interfaces/cmake/rosidl_cmake_export_typesupport_libraries-extras.cmake
[0.435s] -- Up-to-date: /home/CIN/tjgc/Documents/Robotics/install/arm_interfaces/share/arm_interfaces/cmake/arm_interfacesConfig.cmake
[0.435s] -- Up-to-date: /home/CIN/tjgc/Documents/Robotics/install/arm_interfaces/share/arm_interfaces/cmake/arm_interfacesConfig-version.cmake
[0.435s] -- Up-to-date: /home/CIN/tjgc/Documents/Robotics/install/arm_interfaces/share/arm_interfaces/package.xml
[0.436s] Invoked command in '/home/CIN/tjgc/Documents/Robotics/build/arm_interfaces' returned '0': CMAKE_PREFIX_PATH=${CMAKE_PREFIX_PATH}:/home/CIN/tjgc/Documents/Robotics/install/grupo_1:/opt/ros/jazzy DEBUGINFOD_URLS=https://debuginfod.ubuntu.com /usr/bin/cmake --install /home/CIN/tjgc/Documents/Robotics/build/arm_interfaces
