[0.014s] Invoking command in '/home/CIN/tjgc/Documents/Robotics/ros2_ws/build/arm_interfaces': CMAKE_PREFIX_PATH=${CMAKE_PREFIX_PATH}:/opt/ros/jazzy DEBUGINFOD_URLS=https://debuginfod.ubuntu.com /usr/bin/cmake /home/CIN/tjgc/Documents/Robotics/ros2_ws/src/arm_interfaces -DCMAKE_INSTALL_PREFIX=/home/CIN/tjgc/Documents/Robotics/ros2_ws/install/arm_interfaces
[0.145s] -- The C compiler identification is GNU 13.2.0
[0.266s] -- The CXX compiler identification is GNU 13.2.0
[0.286s] -- Detecting C compiler ABI info
[0.372s] -- Detecting C compiler ABI info - done
[0.379s] -- Check for working C compiler: /usr/bin/cc - skipped
[0.379s] -- Detecting C compile features
[0.380s] -- Detecting C compile features - done
[0.391s] -- Detecting CXX compiler ABI info
[0.494s] -- Detecting CXX compiler ABI info - done
[0.502s] -- Check for working CXX compiler: /usr/bin/c++ - skipped
[0.502s] -- Detecting CXX compile features
[0.502s] -- Detecting CXX compile features - done
[0.508s] -- Found ament_cmake: 2.5.4 (/opt/ros/jazzy/share/ament_cmake/cmake)
[0.631s] -- Found Python3: /usr/bin/python3 (found version "3.12.3") found components: Interpreter 
[0.731s] -- Found trajectory_msgs: 5.3.6 (/opt/ros/jazzy/share/trajectory_msgs/cmake)
[0.770s] -- Found rosidl_generator_c: 4.6.5 (/opt/ros/jazzy/share/rosidl_generator_c/cmake)
[0.783s] -- Found rosidl_generator_cpp: 4.6.5 (/opt/ros/jazzy/share/rosidl_generator_cpp/cmake)
[0.799s] -- Using all available rosidl_typesupport_c: rosidl_typesupport_fastrtps_c;rosidl_typesupport_introspection_c
[0.817s] -- Using all available rosidl_typesupport_cpp: rosidl_typesupport_fastrtps_cpp;rosidl_typesupport_introspection_cpp
[0.886s] -- Found rosidl_default_generators: 1.6.0 (/opt/ros/jazzy/share/rosidl_default_generators/cmake)
[0.900s] -- Found rosidl_adapter: 4.6.5 (/opt/ros/jazzy/share/rosidl_adapter/cmake)
[0.904s] -- Found ament_lint_auto: 0.17.2 (/opt/ros/jazzy/share/ament_lint_auto/cmake)
[1.462s] -- Found ament_cmake_ros: 0.12.0 (/opt/ros/jazzy/share/ament_cmake_ros/cmake)
[2.154s] -- Using all available rosidl_typesupport_c: rosidl_typesupport_fastrtps_c;rosidl_typesupport_introspection_c
[2.427s] -- Using all available rosidl_typesupport_cpp: rosidl_typesupport_fastrtps_cpp;rosidl_typesupport_introspection_cpp
[2.431s] -- Found python_cmake_module: 0.11.1 (/opt/ros/jazzy/share/python_cmake_module/cmake)
[2.540s] -- Found PythonExtra: /usr/bin/python3  
[2.927s] -- Found Python3: /usr/bin/python3 (found version "3.12.3") found components: Interpreter Development NumPy Development.Module Development.Embed 
[2.982s] -- Added test 'lint_cmake' to check CMake code style
[2.983s] -- Added test 'xmllint' to check XML markup files
[2.989s] -- Configuring done (2.9s)
[3.041s] -- Generating done (0.0s)
[3.053s] -- Build files have been written to: /home/CIN/tjgc/Documents/Robotics/ros2_ws/build/arm_interfaces
[3.062s] Invoked command in '/home/CIN/tjgc/Documents/Robotics/ros2_ws/build/arm_interfaces' returned '0': CMAKE_PREFIX_PATH=${CMAKE_PREFIX_PATH}:/opt/ros/jazzy DEBUGINFOD_URLS=https://debuginfod.ubuntu.com /usr/bin/cmake /home/CIN/tjgc/Documents/Robotics/ros2_ws/src/arm_interfaces -DCMAKE_INSTALL_PREFIX=/home/CIN/tjgc/Documents/Robotics/ros2_ws/install/arm_interfaces
[3.064s] Invoking command in '/home/CIN/tjgc/Documents/Robotics/ros2_ws/build/arm_interfaces': CMAKE_PREFIX_PATH=${CMAKE_PREFIX_PATH}:/opt/ros/jazzy DEBUGINFOD_URLS=https://debuginfod.ubuntu.com /usr/bin/cmake --build /home/CIN/tjgc/Documents/Robotics/ros2_ws/build/arm_interfaces -- -j16 -l16
[3.113s] [  2%] [34m[1mGenerating type hashes for ROS interfaces[0m
[3.122s] [  2%] Built target ament_cmake_python_copy_arm_interfaces
[3.292s] [  2%] Built target arm_interfaces__rosidl_generator_type_description
[3.315s] [  5%] [34m[1mGenerating C++ code for ROS interfaces[0m
[3.321s] running egg_info
[3.322s] creating arm_interfaces.egg-info
[3.336s] [  8%] [34m[1mGenerating C code for ROS interfaces[0m
[3.342s] writing arm_interfaces.egg-info/PKG-INFO
[3.343s] writing dependency_links to arm_interfaces.egg-info/dependency_links.txt
[3.343s] writing top-level names to arm_interfaces.egg-info/top_level.txt
[3.343s] writing manifest file 'arm_interfaces.egg-info/SOURCES.txt'
[3.397s] reading manifest file 'arm_interfaces.egg-info/SOURCES.txt'
[3.398s] writing manifest file 'arm_interfaces.egg-info/SOURCES.txt'
[3.431s] [  8%] Built target ament_cmake_python_build_arm_interfaces_egg
[3.558s] [  8%] Built target arm_interfaces__cpp
[3.610s] [ 17%] [32mBuilding C object CMakeFiles/arm_interfaces__rosidl_generator_c.dir/rosidl_generator_c/arm_interfaces/srv/detail/follow_trajectory__description.c.o[0m
[3.611s] [ 17%] [32mBuilding C object CMakeFiles/arm_interfaces__rosidl_generator_c.dir/rosidl_generator_c/arm_interfaces/srv/detail/follow_trajectory__type_support.c.o[0m
[3.611s] [ 17%] [32mBuilding C object CMakeFiles/arm_interfaces__rosidl_generator_c.dir/rosidl_generator_c/arm_interfaces/srv/detail/follow_trajectory__functions.c.o[0m
[3.703s] [ 20%] [32m[1mLinking C shared library libarm_interfaces__rosidl_generator_c.so[0m
[3.748s] [ 20%] Built target arm_interfaces__rosidl_generator_c
[3.761s] [ 38%] [34m[1mGenerating C type support for eProsima Fast-RTPS[0m
[3.761s] [ 38%] [34m[1mGenerating C++ type support for eProsima Fast-RTPS[0m
[3.761s] [ 38%] [34m[1mGenerating C++ type support dispatch for ROS interfaces[0m
[3.761s] [ 38%] [34m[1mGenerating C++ introspection for ROS interfaces[0m
[3.761s] [ 38%] [34m[1mGenerating C introspection for ROS interfaces[0m
[3.761s] [ 38%] [34m[1mGenerating C type support dispatch for ROS interfaces[0m
[3.985s] [ 41%] [32mBuilding CXX object CMakeFiles/arm_interfaces__rosidl_typesupport_c.dir/rosidl_typesupport_c/arm_interfaces/srv/follow_trajectory__type_support.cpp.o[0m
[4.003s] [ 44%] [32mBuilding CXX object CMakeFiles/arm_interfaces__rosidl_typesupport_cpp.dir/rosidl_typesupport_cpp/arm_interfaces/srv/follow_trajectory__type_support.cpp.o[0m
[4.020s] [ 47%] [32mBuilding C object CMakeFiles/arm_interfaces__rosidl_typesupport_introspection_c.dir/rosidl_typesupport_introspection_c/arm_interfaces/srv/detail/follow_trajectory__type_support.c.o[0m
[4.049s] [ 50%] [32mBuilding CXX object CMakeFiles/arm_interfaces__rosidl_typesupport_introspection_cpp.dir/rosidl_typesupport_introspection_cpp/arm_interfaces/srv/detail/follow_trajectory__type_support.cpp.o[0m
[4.051s] [ 52%] [32m[1mLinking CXX shared library libarm_interfaces__rosidl_typesupport_c.so[0m
[4.067s] [ 55%] [32mBuilding CXX object CMakeFiles/arm_interfaces__rosidl_typesupport_fastrtps_c.dir/rosidl_typesupport_fastrtps_c/arm_interfaces/srv/detail/follow_trajectory__type_support_c.cpp.o[0m
[4.071s] [ 58%] [32mBuilding CXX object CMakeFiles/arm_interfaces__rosidl_typesupport_fastrtps_cpp.dir/rosidl_typesupport_fastrtps_cpp/arm_interfaces/srv/detail/dds_fastrtps/follow_trajectory__type_support.cpp.o[0m
[4.083s] [ 61%] [32m[1mLinking C shared library libarm_interfaces__rosidl_typesupport_introspection_c.so[0m
[4.105s] [ 61%] Built target arm_interfaces__rosidl_typesupport_c
[4.123s] [ 61%] Built target arm_interfaces__rosidl_typesupport_introspection_c
[4.601s] [ 64%] [32m[1mLinking CXX shared library libarm_interfaces__rosidl_typesupport_cpp.so[0m
[4.691s] [ 67%] [32m[1mLinking CXX shared library libarm_interfaces__rosidl_typesupport_fastrtps_c.so[0m
[4.699s] [ 67%] Built target arm_interfaces__rosidl_typesupport_cpp
[4.716s] [ 70%] [32m[1mLinking CXX shared library libarm_interfaces__rosidl_typesupport_introspection_cpp.so[0m
[4.749s] [ 70%] Built target arm_interfaces__rosidl_typesupport_fastrtps_c
[4.810s] [ 70%] Built target arm_interfaces__rosidl_typesupport_introspection_cpp
[4.837s] [ 73%] [32m[1mLinking CXX shared library libarm_interfaces__rosidl_typesupport_fastrtps_cpp.so[0m
[4.922s] [ 73%] Built target arm_interfaces__rosidl_typesupport_fastrtps_cpp
[4.943s] [ 73%] Built target arm_interfaces
[4.966s] [ 76%] [34m[1mGenerating Python code for ROS interfaces[0m
[5.263s] [ 76%] Built target arm_interfaces__py
[5.282s] [ 79%] [32mBuilding C object CMakeFiles/arm_interfaces__rosidl_generator_py.dir/rosidl_generator_py/arm_interfaces/srv/_follow_trajectory_s.c.o[0m
[5.449s] [ 82%] [32m[1mLinking C shared library libarm_interfaces__rosidl_generator_py.so[0m
[5.492s] [ 82%] Built target arm_interfaces__rosidl_generator_py
[5.511s] [ 91%] [32mBuilding C object CMakeFiles/arm_interfaces_s__rosidl_typesupport_introspection_c.dir/rosidl_generator_py/arm_interfaces/_arm_interfaces_s.ep.rosidl_typesupport_introspection_c.c.o[0m
[5.511s] [ 91%] [32mBuilding C object CMakeFiles/arm_interfaces_s__rosidl_typesupport_fastrtps_c.dir/rosidl_generator_py/arm_interfaces/_arm_interfaces_s.ep.rosidl_typesupport_fastrtps_c.c.o[0m
[5.511s] [ 91%] [32mBuilding C object CMakeFiles/arm_interfaces_s__rosidl_typesupport_c.dir/rosidl_generator_py/arm_interfaces/_arm_interfaces_s.ep.rosidl_typesupport_c.c.o[0m
[5.613s] [ 97%] [32m[1mLinking C shared module rosidl_generator_py/arm_interfaces/arm_interfaces_s__rosidl_typesupport_introspection_c.so[0m
[5.613s] [ 97%] [32m[1mLinking C shared module rosidl_generator_py/arm_interfaces/arm_interfaces_s__rosidl_typesupport_c.so[0m
[5.619s] [100%] [32m[1mLinking C shared module rosidl_generator_py/arm_interfaces/arm_interfaces_s__rosidl_typesupport_fastrtps_c.so[0m
[5.643s] [100%] Built target arm_interfaces_s__rosidl_typesupport_c
[5.643s] [100%] Built target arm_interfaces_s__rosidl_typesupport_introspection_c
[5.652s] [100%] Built target arm_interfaces_s__rosidl_typesupport_fastrtps_c
[5.664s] Invoked command in '/home/CIN/tjgc/Documents/Robotics/ros2_ws/build/arm_interfaces' returned '0': CMAKE_PREFIX_PATH=${CMAKE_PREFIX_PATH}:/opt/ros/jazzy DEBUGINFOD_URLS=https://debuginfod.ubuntu.com /usr/bin/cmake --build /home/CIN/tjgc/Documents/Robotics/ros2_ws/build/arm_interfaces -- -j16 -l16
[5.674s] Invoking command in '/home/CIN/tjgc/Documents/Robotics/ros2_ws/build/arm_interfaces': CMAKE_PREFIX_PATH=${CMAKE_PREFIX_PATH}:/opt/ros/jazzy DEBUGINFOD_URLS=https://debuginfod.ubuntu.com /usr/bin/cmake --install /home/CIN/tjgc/Documents/Robotics/ros2_ws/build/arm_interfaces
[5.681s] -- Install configuration: ""
[5.682s] -- Installing: /home/CIN/tjgc/Documents/Robotics/ros2_ws/install/arm_interfaces/share/ament_index/resource_index/rosidl_interfaces/arm_interfaces
[5.682s] -- Installing: /home/CIN/tjgc/Documents/Robotics/ros2_ws/install/arm_interfaces/share/arm_interfaces/srv/FollowTrajectory.json
[5.682s] -- Installing: /home/CIN/tjgc/Documents/Robotics/ros2_ws/install/arm_interfaces/include/arm_interfaces/arm_interfaces
[5.682s] -- Installing: /home/CIN/tjgc/Documents/Robotics/ros2_ws/install/arm_interfaces/include/arm_interfaces/arm_interfaces/msg
[5.682s] -- Installing: /home/CIN/tjgc/Documents/Robotics/ros2_ws/install/arm_interfaces/include/arm_interfaces/arm_interfaces/msg/rosidl_generator_c__visibility_control.h
[5.682s] -- Installing: /home/CIN/tjgc/Documents/Robotics/ros2_ws/install/arm_interfaces/include/arm_interfaces/arm_interfaces/srv
[5.683s] -- Installing: /home/CIN/tjgc/Documents/Robotics/ros2_ws/install/arm_interfaces/include/arm_interfaces/arm_interfaces/srv/detail
[5.683s] -- Installing: /home/CIN/tjgc/Documents/Robotics/ros2_ws/install/arm_interfaces/include/arm_interfaces/arm_interfaces/srv/detail/follow_trajectory__functions.h
[5.683s] -- Installing: /home/CIN/tjgc/Documents/Robotics/ros2_ws/install/arm_interfaces/include/arm_interfaces/arm_interfaces/srv/detail/follow_trajectory__description.c
[5.683s] -- Installing: /home/CIN/tjgc/Documents/Robotics/ros2_ws/install/arm_interfaces/include/arm_interfaces/arm_interfaces/srv/detail/follow_trajectory__type_support.h
[5.683s] -- Installing: /home/CIN/tjgc/Documents/Robotics/ros2_ws/install/arm_interfaces/include/arm_interfaces/arm_interfaces/srv/detail/follow_trajectory__struct.h
[5.683s] -- Installing: /home/CIN/tjgc/Documents/Robotics/ros2_ws/install/arm_interfaces/include/arm_interfaces/arm_interfaces/srv/detail/follow_trajectory__type_support.c
[5.683s] -- Installing: /home/CIN/tjgc/Documents/Robotics/ros2_ws/install/arm_interfaces/include/arm_interfaces/arm_interfaces/srv/detail/follow_trajectory__functions.c
[5.683s] -- Installing: /home/CIN/tjgc/Documents/Robotics/ros2_ws/install/arm_interfaces/include/arm_interfaces/arm_interfaces/srv/follow_trajectory.h
[5.683s] -- Installing: /home/CIN/tjgc/Documents/Robotics/ros2_ws/install/arm_interfaces/share/arm_interfaces/environment/library_path.sh
[5.684s] -- Installing: /home/CIN/tjgc/Documents/Robotics/ros2_ws/install/arm_interfaces/share/arm_interfaces/environment/library_path.dsv
[5.684s] -- Installing: /home/CIN/tjgc/Documents/Robotics/ros2_ws/install/arm_interfaces/lib/libarm_interfaces__rosidl_generator_c.so
[5.684s] -- Set non-toolchain portion of runtime path of "/home/CIN/tjgc/Documents/Robotics/ros2_ws/install/arm_interfaces/lib/libarm_interfaces__rosidl_generator_c.so" to ""
[5.684s] -- Up-to-date: /home/CIN/tjgc/Documents/Robotics/ros2_ws/install/arm_interfaces/include/arm_interfaces/arm_interfaces
[5.684s] -- Up-to-date: /home/CIN/tjgc/Documents/Robotics/ros2_ws/install/arm_interfaces/include/arm_interfaces/arm_interfaces/msg
[5.684s] -- Installing: /home/CIN/tjgc/Documents/Robotics/ros2_ws/install/arm_interfaces/include/arm_interfaces/arm_interfaces/msg/rosidl_typesupport_fastrtps_c__visibility_control.h
[5.685s] -- Up-to-date: /home/CIN/tjgc/Documents/Robotics/ros2_ws/install/arm_interfaces/include/arm_interfaces/arm_interfaces/srv
[5.685s] -- Up-to-date: /home/CIN/tjgc/Documents/Robotics/ros2_ws/install/arm_interfaces/include/arm_interfaces/arm_interfaces/srv/detail
[5.685s] -- Installing: /home/CIN/tjgc/Documents/Robotics/ros2_ws/install/arm_interfaces/include/arm_interfaces/arm_interfaces/srv/detail/follow_trajectory__rosidl_typesupport_fastrtps_c.h
[5.685s] -- Installing: /home/CIN/tjgc/Documents/Robotics/ros2_ws/install/arm_interfaces/lib/libarm_interfaces__rosidl_typesupport_fastrtps_c.so
[5.685s] -- Set non-toolchain portion of runtime path of "/home/CIN/tjgc/Documents/Robotics/ros2_ws/install/arm_interfaces/lib/libarm_interfaces__rosidl_typesupport_fastrtps_c.so" to ""
[5.685s] -- Up-to-date: /home/CIN/tjgc/Documents/Robotics/ros2_ws/install/arm_interfaces/include/arm_interfaces/arm_interfaces
[5.685s] -- Up-to-date: /home/CIN/tjgc/Documents/Robotics/ros2_ws/install/arm_interfaces/include/arm_interfaces/arm_interfaces/msg
[5.685s] -- Installing: /home/CIN/tjgc/Documents/Robotics/ros2_ws/install/arm_interfaces/include/arm_interfaces/arm_interfaces/msg/rosidl_generator_cpp__visibility_control.hpp
[5.685s] -- Up-to-date: /home/CIN/tjgc/Documents/Robotics/ros2_ws/install/arm_interfaces/include/arm_interfaces/arm_interfaces/srv
[5.686s] -- Up-to-date: /home/CIN/tjgc/Documents/Robotics/ros2_ws/install/arm_interfaces/include/arm_interfaces/arm_interfaces/srv/detail
[5.686s] -- Installing: /home/CIN/tjgc/Documents/Robotics/ros2_ws/install/arm_interfaces/include/arm_interfaces/arm_interfaces/srv/detail/follow_trajectory__builder.hpp
[5.686s] -- Installing: /home/CIN/tjgc/Documents/Robotics/ros2_ws/install/arm_interfaces/include/arm_interfaces/arm_interfaces/srv/detail/follow_trajectory__type_support.hpp
[5.686s] -- Installing: /home/CIN/tjgc/Documents/Robotics/ros2_ws/install/arm_interfaces/include/arm_interfaces/arm_interfaces/srv/detail/follow_trajectory__struct.hpp
[5.686s] -- Installing: /home/CIN/tjgc/Documents/Robotics/ros2_ws/install/arm_interfaces/include/arm_interfaces/arm_interfaces/srv/detail/follow_trajectory__traits.hpp
[5.686s] -- Installing: /home/CIN/tjgc/Documents/Robotics/ros2_ws/install/arm_interfaces/include/arm_interfaces/arm_interfaces/srv/follow_trajectory.hpp
[5.686s] -- Up-to-date: /home/CIN/tjgc/Documents/Robotics/ros2_ws/install/arm_interfaces/include/arm_interfaces/arm_interfaces
[5.686s] -- Up-to-date: /home/CIN/tjgc/Documents/Robotics/ros2_ws/install/arm_interfaces/include/arm_interfaces/arm_interfaces/msg
[5.686s] -- Installing: /home/CIN/tjgc/Documents/Robotics/ros2_ws/install/arm_interfaces/include/arm_interfaces/arm_interfaces/msg/rosidl_typesupport_fastrtps_cpp__visibility_control.h
[5.686s] -- Up-to-date: /home/CIN/tjgc/Documents/Robotics/ros2_ws/install/arm_interfaces/include/arm_interfaces/arm_interfaces/srv
[5.687s] -- Up-to-date: /home/CIN/tjgc/Documents/Robotics/ros2_ws/install/arm_interfaces/include/arm_interfaces/arm_interfaces/srv/detail
[5.687s] -- Installing: /home/CIN/tjgc/Documents/Robotics/ros2_ws/install/arm_interfaces/include/arm_interfaces/arm_interfaces/srv/detail/dds_fastrtps
[5.687s] -- Installing: /home/CIN/tjgc/Documents/Robotics/ros2_ws/install/arm_interfaces/include/arm_interfaces/arm_interfaces/srv/detail/follow_trajectory__rosidl_typesupport_fastrtps_cpp.hpp
[5.687s] -- Installing: /home/CIN/tjgc/Documents/Robotics/ros2_ws/install/arm_interfaces/lib/libarm_interfaces__rosidl_typesupport_fastrtps_cpp.so
[5.687s] -- Set non-toolchain portion of runtime path of "/home/CIN/tjgc/Documents/Robotics/ros2_ws/install/arm_interfaces/lib/libarm_interfaces__rosidl_typesupport_fastrtps_cpp.so" to ""
[5.687s] -- Up-to-date: /home/CIN/tjgc/Documents/Robotics/ros2_ws/install/arm_interfaces/include/arm_interfaces/arm_interfaces
[5.687s] -- Up-to-date: /home/CIN/tjgc/Documents/Robotics/ros2_ws/install/arm_interfaces/include/arm_interfaces/arm_interfaces/msg
[5.687s] -- Installing: /home/CIN/tjgc/Documents/Robotics/ros2_ws/install/arm_interfaces/include/arm_interfaces/arm_interfaces/msg/rosidl_typesupport_introspection_c__visibility_control.h
[5.687s] -- Up-to-date: /home/CIN/tjgc/Documents/Robotics/ros2_ws/install/arm_interfaces/include/arm_interfaces/arm_interfaces/srv
[5.688s] -- Up-to-date: /home/CIN/tjgc/Documents/Robotics/ros2_ws/install/arm_interfaces/include/arm_interfaces/arm_interfaces/srv/detail
[5.688s] -- Installing: /home/CIN/tjgc/Documents/Robotics/ros2_ws/install/arm_interfaces/include/arm_interfaces/arm_interfaces/srv/detail/follow_trajectory__rosidl_typesupport_introspection_c.h
[5.688s] -- Up-to-date: /home/CIN/tjgc/Documents/Robotics/ros2_ws/install/arm_interfaces/include/arm_interfaces/arm_interfaces/srv/detail/follow_trajectory__type_support.c
[5.688s] -- Installing: /home/CIN/tjgc/Documents/Robotics/ros2_ws/install/arm_interfaces/lib/libarm_interfaces__rosidl_typesupport_introspection_c.so
[5.688s] -- Set non-toolchain portion of runtime path of "/home/CIN/tjgc/Documents/Robotics/ros2_ws/install/arm_interfaces/lib/libarm_interfaces__rosidl_typesupport_introspection_c.so" to ""
[5.688s] -- Installing: /home/CIN/tjgc/Documents/Robotics/ros2_ws/install/arm_interfaces/lib/libarm_interfaces__rosidl_typesupport_c.so
[5.688s] -- Set non-toolchain portion of runtime path of "/home/CIN/tjgc/Documents/Robotics/ros2_ws/install/arm_interfaces/lib/libarm_interfaces__rosidl_typesupport_c.so" to ""
[5.688s] -- Up-to-date: /home/CIN/tjgc/Documents/Robotics/ros2_ws/install/arm_interfaces/include/arm_interfaces/arm_interfaces
[5.688s] -- Up-to-date: /home/CIN/tjgc/Documents/Robotics/ros2_ws/install/arm_interfaces/include/arm_interfaces/arm_interfaces/srv
[5.688s] -- Up-to-date: /home/CIN/tjgc/Documents/Robotics/ros2_ws/install/arm_interfaces/include/arm_interfaces/arm_interfaces/srv/detail
[5.689s] -- Installing: /home/CIN/tjgc/Documents/Robotics/ros2_ws/install/arm_interfaces/include/arm_interfaces/arm_interfaces/srv/detail/follow_trajectory__type_support.cpp
[5.689s] -- Installing: /home/CIN/tjgc/Documents/Robotics/ros2_ws/install/arm_interfaces/include/arm_interfaces/arm_interfaces/srv/detail/follow_trajectory__rosidl_typesupport_introspection_cpp.hpp
[5.689s] -- Installing: /home/CIN/tjgc/Documents/Robotics/ros2_ws/install/arm_interfaces/lib/libarm_interfaces__rosidl_typesupport_introspection_cpp.so
[5.689s] -- Set non-toolchain portion of runtime path of "/home/CIN/tjgc/Documents/Robotics/ros2_ws/install/arm_interfaces/lib/libarm_interfaces__rosidl_typesupport_introspection_cpp.so" to ""
[5.689s] -- Installing: /home/CIN/tjgc/Documents/Robotics/ros2_ws/install/arm_interfaces/lib/libarm_interfaces__rosidl_typesupport_cpp.so
[5.689s] -- Set non-toolchain portion of runtime path of "/home/CIN/tjgc/Documents/Robotics/ros2_ws/install/arm_interfaces/lib/libarm_interfaces__rosidl_typesupport_cpp.so" to ""
[5.690s] -- Installing: /home/CIN/tjgc/Documents/Robotics/ros2_ws/install/arm_interfaces/share/arm_interfaces/environment/pythonpath.sh
[5.690s] -- Installing: /home/CIN/tjgc/Documents/Robotics/ros2_ws/install/arm_interfaces/share/arm_interfaces/environment/pythonpath.dsv
[5.690s] -- Installing: /home/CIN/tjgc/Documents/Robotics/ros2_ws/install/arm_interfaces/lib/python3.12/site-packages/arm_interfaces-0.0.0-py3.12.egg-info
[5.690s] -- Installing: /home/CIN/tjgc/Documents/Robotics/ros2_ws/install/arm_interfaces/lib/python3.12/site-packages/arm_interfaces-0.0.0-py3.12.egg-info/SOURCES.txt
[5.690s] -- Installing: /home/CIN/tjgc/Documents/Robotics/ros2_ws/install/arm_interfaces/lib/python3.12/site-packages/arm_interfaces-0.0.0-py3.12.egg-info/PKG-INFO
[5.690s] -- Installing: /home/CIN/tjgc/Documents/Robotics/ros2_ws/install/arm_interfaces/lib/python3.12/site-packages/arm_interfaces-0.0.0-py3.12.egg-info/top_level.txt
[5.690s] -- Installing: /home/CIN/tjgc/Documents/Robotics/ros2_ws/install/arm_interfaces/lib/python3.12/site-packages/arm_interfaces-0.0.0-py3.12.egg-info/dependency_links.txt
[5.690s] -- Installing: /home/CIN/tjgc/Documents/Robotics/ros2_ws/install/arm_interfaces/lib/python3.12/site-packages/arm_interfaces
[5.691s] -- Installing: /home/CIN/tjgc/Documents/Robotics/ros2_ws/install/arm_interfaces/lib/python3.12/site-packages/arm_interfaces/__init__.py
[5.691s] -- Installing: /home/CIN/tjgc/Documents/Robotics/ros2_ws/install/arm_interfaces/lib/python3.12/site-packages/arm_interfaces/arm_interfaces_s__rosidl_typesupport_introspection_c.so
[5.691s] -- Installing: /home/CIN/tjgc/Documents/Robotics/ros2_ws/install/arm_interfaces/lib/python3.12/site-packages/arm_interfaces/_arm_interfaces_s.ep.rosidl_typesupport_fastrtps_c.c
[5.691s] -- Installing: /home/CIN/tjgc/Documents/Robotics/ros2_ws/install/arm_interfaces/lib/python3.12/site-packages/arm_interfaces/arm_interfaces_s__rosidl_typesupport_c.so
[5.691s] -- Installing: /home/CIN/tjgc/Documents/Robotics/ros2_ws/install/arm_interfaces/lib/python3.12/site-packages/arm_interfaces/_arm_interfaces_s.ep.rosidl_typesupport_c.c
[5.691s] -- Installing: /home/CIN/tjgc/Documents/Robotics/ros2_ws/install/arm_interfaces/lib/python3.12/site-packages/arm_interfaces/_arm_interfaces_s.ep.rosidl_typesupport_introspection_c.c
[5.691s] -- Installing: /home/CIN/tjgc/Documents/Robotics/ros2_ws/install/arm_interfaces/lib/python3.12/site-packages/arm_interfaces/srv
[5.691s] -- Installing: /home/CIN/tjgc/Documents/Robotics/ros2_ws/install/arm_interfaces/lib/python3.12/site-packages/arm_interfaces/srv/__init__.py
[5.692s] -- Installing: /home/CIN/tjgc/Documents/Robotics/ros2_ws/install/arm_interfaces/lib/python3.12/site-packages/arm_interfaces/srv/_follow_trajectory.py
[5.692s] -- Installing: /home/CIN/tjgc/Documents/Robotics/ros2_ws/install/arm_interfaces/lib/python3.12/site-packages/arm_interfaces/srv/_follow_trajectory_s.c
[5.692s] -- Installing: /home/CIN/tjgc/Documents/Robotics/ros2_ws/install/arm_interfaces/lib/python3.12/site-packages/arm_interfaces/arm_interfaces_s__rosidl_typesupport_fastrtps_c.so
[5.726s] Listing '/home/CIN/tjgc/Documents/Robotics/ros2_ws/install/arm_interfaces/lib/python3.12/site-packages/arm_interfaces'...
[5.726s] Compiling '/home/CIN/tjgc/Documents/Robotics/ros2_ws/install/arm_interfaces/lib/python3.12/site-packages/arm_interfaces/__init__.py'...
[5.726s] Listing '/home/CIN/tjgc/Documents/Robotics/ros2_ws/install/arm_interfaces/lib/python3.12/site-packages/arm_interfaces/srv'...
[5.726s] Compiling '/home/CIN/tjgc/Documents/Robotics/ros2_ws/install/arm_interfaces/lib/python3.12/site-packages/arm_interfaces/srv/__init__.py'...
[5.726s] Compiling '/home/CIN/tjgc/Documents/Robotics/ros2_ws/install/arm_interfaces/lib/python3.12/site-packages/arm_interfaces/srv/_follow_trajectory.py'...
[5.731s] -- Installing: /home/CIN/tjgc/Documents/Robotics/ros2_ws/install/arm_interfaces/lib/python3.12/site-packages/arm_interfaces/arm_interfaces_s__rosidl_typesupport_fastrtps_c.so
[5.731s] -- Set non-toolchain portion of runtime path of "/home/CIN/tjgc/Documents/Robotics/ros2_ws/install/arm_interfaces/lib/python3.12/site-packages/arm_interfaces/arm_interfaces_s__rosidl_typesupport_fastrtps_c.so" to ""
[5.731s] -- Installing: /home/CIN/tjgc/Documents/Robotics/ros2_ws/install/arm_interfaces/lib/python3.12/site-packages/arm_interfaces/arm_interfaces_s__rosidl_typesupport_introspection_c.so
[5.732s] -- Set non-toolchain portion of runtime path of "/home/CIN/tjgc/Documents/Robotics/ros2_ws/install/arm_interfaces/lib/python3.12/site-packages/arm_interfaces/arm_interfaces_s__rosidl_typesupport_introspection_c.so" to ""
[5.732s] -- Installing: /home/CIN/tjgc/Documents/Robotics/ros2_ws/install/arm_interfaces/lib/python3.12/site-packages/arm_interfaces/arm_interfaces_s__rosidl_typesupport_c.so
[5.732s] -- Set non-toolchain portion of runtime path of "/home/CIN/tjgc/Documents/Robotics/ros2_ws/install/arm_interfaces/lib/python3.12/site-packages/arm_interfaces/arm_interfaces_s__rosidl_typesupport_c.so" to ""
[5.732s] -- Installing: /home/CIN/tjgc/Documents/Robotics/ros2_ws/install/arm_interfaces/lib/libarm_interfaces__rosidl_generator_py.so
[5.733s] -- Set non-toolchain portion of runtime path of "/home/CIN/tjgc/Documents/Robotics/ros2_ws/install/arm_interfaces/lib/libarm_interfaces__rosidl_generator_py.so" to ""
[5.733s] -- Installing: /home/CIN/tjgc/Documents/Robotics/ros2_ws/install/arm_interfaces/share/arm_interfaces/srv/FollowTrajectory.idl
[5.733s] -- Installing: /home/CIN/tjgc/Documents/Robotics/ros2_ws/install/arm_interfaces/share/arm_interfaces/srv/FollowTrajectory.srv
[5.733s] -- Installing: /home/CIN/tjgc/Documents/Robotics/ros2_ws/install/arm_interfaces/share/ament_index/resource_index/package_run_dependencies/arm_interfaces
[5.733s] -- Installing: /home/CIN/tjgc/Documents/Robotics/ros2_ws/install/arm_interfaces/share/ament_index/resource_index/parent_prefix_path/arm_interfaces
[5.733s] -- Installing: /home/CIN/tjgc/Documents/Robotics/ros2_ws/install/arm_interfaces/share/arm_interfaces/environment/ament_prefix_path.sh
[5.733s] -- Installing: /home/CIN/tjgc/Documents/Robotics/ros2_ws/install/arm_interfaces/share/arm_interfaces/environment/ament_prefix_path.dsv
[5.734s] -- Installing: /home/CIN/tjgc/Documents/Robotics/ros2_ws/install/arm_interfaces/share/arm_interfaces/environment/path.sh
[5.734s] -- Installing: /home/CIN/tjgc/Documents/Robotics/ros2_ws/install/arm_interfaces/share/arm_interfaces/environment/path.dsv
[5.734s] -- Installing: /home/CIN/tjgc/Documents/Robotics/ros2_ws/install/arm_interfaces/share/arm_interfaces/local_setup.bash
[5.734s] -- Installing: /home/CIN/tjgc/Documents/Robotics/ros2_ws/install/arm_interfaces/share/arm_interfaces/local_setup.sh
[5.734s] -- Installing: /home/CIN/tjgc/Documents/Robotics/ros2_ws/install/arm_interfaces/share/arm_interfaces/local_setup.zsh
[5.734s] -- Installing: /home/CIN/tjgc/Documents/Robotics/ros2_ws/install/arm_interfaces/share/arm_interfaces/local_setup.dsv
[5.734s] -- Installing: /home/CIN/tjgc/Documents/Robotics/ros2_ws/install/arm_interfaces/share/arm_interfaces/package.dsv
[5.735s] -- Installing: /home/CIN/tjgc/Documents/Robotics/ros2_ws/install/arm_interfaces/share/ament_index/resource_index/packages/arm_interfaces
[5.735s] -- Installing: /home/CIN/tjgc/Documents/Robotics/ros2_ws/install/arm_interfaces/share/arm_interfaces/cmake/export_arm_interfaces__rosidl_generator_cExport.cmake
[5.735s] -- Installing: /home/CIN/tjgc/Documents/Robotics/ros2_ws/install/arm_interfaces/share/arm_interfaces/cmake/export_arm_interfaces__rosidl_generator_cExport-noconfig.cmake
[5.735s] -- Installing: /home/CIN/tjgc/Documents/Robotics/ros2_ws/install/arm_interfaces/share/arm_interfaces/cmake/export_arm_interfaces__rosidl_typesupport_fastrtps_cExport.cmake
[5.735s] -- Installing: /home/CIN/tjgc/Documents/Robotics/ros2_ws/install/arm_interfaces/share/arm_interfaces/cmake/export_arm_interfaces__rosidl_typesupport_fastrtps_cExport-noconfig.cmake
[5.736s] -- Installing: /home/CIN/tjgc/Documents/Robotics/ros2_ws/install/arm_interfaces/share/arm_interfaces/cmake/export_arm_interfaces__rosidl_generator_cppExport.cmake
[5.736s] -- Installing: /home/CIN/tjgc/Documents/Robotics/ros2_ws/install/arm_interfaces/share/arm_interfaces/cmake/export_arm_interfaces__rosidl_typesupport_fastrtps_cppExport.cmake
[5.736s] -- Installing: /home/CIN/tjgc/Documents/Robotics/ros2_ws/install/arm_interfaces/share/arm_interfaces/cmake/export_arm_interfaces__rosidl_typesupport_fastrtps_cppExport-noconfig.cmake
[5.736s] -- Installing: /home/CIN/tjgc/Documents/Robotics/ros2_ws/install/arm_interfaces/share/arm_interfaces/cmake/arm_interfaces__rosidl_typesupport_introspection_cExport.cmake
[5.736s] -- Installing: /home/CIN/tjgc/Documents/Robotics/ros2_ws/install/arm_interfaces/share/arm_interfaces/cmake/arm_interfaces__rosidl_typesupport_introspection_cExport-noconfig.cmake
[5.736s] -- Installing: /home/CIN/tjgc/Documents/Robotics/ros2_ws/install/arm_interfaces/share/arm_interfaces/cmake/arm_interfaces__rosidl_typesupport_cExport.cmake
[5.736s] -- Installing: /home/CIN/tjgc/Documents/Robotics/ros2_ws/install/arm_interfaces/share/arm_interfaces/cmake/arm_interfaces__rosidl_typesupport_cExport-noconfig.cmake
[5.737s] -- Installing: /home/CIN/tjgc/Documents/Robotics/ros2_ws/install/arm_interfaces/share/arm_interfaces/cmake/arm_interfaces__rosidl_typesupport_introspection_cppExport.cmake
[5.737s] -- Installing: /home/CIN/tjgc/Documents/Robotics/ros2_ws/install/arm_interfaces/share/arm_interfaces/cmake/arm_interfaces__rosidl_typesupport_introspection_cppExport-noconfig.cmake
[5.737s] -- Installing: /home/CIN/tjgc/Documents/Robotics/ros2_ws/install/arm_interfaces/share/arm_interfaces/cmake/arm_interfaces__rosidl_typesupport_cppExport.cmake
[5.737s] -- Installing: /home/CIN/tjgc/Documents/Robotics/ros2_ws/install/arm_interfaces/share/arm_interfaces/cmake/arm_interfaces__rosidl_typesupport_cppExport-noconfig.cmake
[5.737s] -- Installing: /home/CIN/tjgc/Documents/Robotics/ros2_ws/install/arm_interfaces/share/arm_interfaces/cmake/export_arm_interfaces__rosidl_generator_pyExport.cmake
[5.737s] -- Installing: /home/CIN/tjgc/Documents/Robotics/ros2_ws/install/arm_interfaces/share/arm_interfaces/cmake/export_arm_interfaces__rosidl_generator_pyExport-noconfig.cmake
[5.737s] -- Installing: /home/CIN/tjgc/Documents/Robotics/ros2_ws/install/arm_interfaces/share/arm_interfaces/cmake/rosidl_cmake-extras.cmake
[5.738s] -- Installing: /home/CIN/tjgc/Documents/Robotics/ros2_ws/install/arm_interfaces/share/arm_interfaces/cmake/ament_cmake_export_dependencies-extras.cmake
[5.738s] -- Installing: /home/CIN/tjgc/Documents/Robotics/ros2_ws/install/arm_interfaces/share/arm_interfaces/cmake/ament_cmake_export_include_directories-extras.cmake
[5.738s] -- Installing: /home/CIN/tjgc/Documents/Robotics/ros2_ws/install/arm_interfaces/share/arm_interfaces/cmake/ament_cmake_export_libraries-extras.cmake
[5.738s] -- Installing: /home/CIN/tjgc/Documents/Robotics/ros2_ws/install/arm_interfaces/share/arm_interfaces/cmake/ament_cmake_export_targets-extras.cmake
[5.738s] -- Installing: /home/CIN/tjgc/Documents/Robotics/ros2_ws/install/arm_interfaces/share/arm_interfaces/cmake/rosidl_cmake_export_typesupport_targets-extras.cmake
[5.738s] -- Installing: /home/CIN/tjgc/Documents/Robotics/ros2_ws/install/arm_interfaces/share/arm_interfaces/cmake/rosidl_cmake_export_typesupport_libraries-extras.cmake
[5.738s] -- Installing: /home/CIN/tjgc/Documents/Robotics/ros2_ws/install/arm_interfaces/share/arm_interfaces/cmake/arm_interfacesConfig.cmake
[5.739s] -- Installing: /home/CIN/tjgc/Documents/Robotics/ros2_ws/install/arm_interfaces/share/arm_interfaces/cmake/arm_interfacesConfig-version.cmake
[5.739s] -- Installing: /home/CIN/tjgc/Documents/Robotics/ros2_ws/install/arm_interfaces/share/arm_interfaces/package.xml
[5.741s] Invoked command in '/home/CIN/tjgc/Documents/Robotics/ros2_ws/build/arm_interfaces' returned '0': CMAKE_PREFIX_PATH=${CMAKE_PREFIX_PATH}:/opt/ros/jazzy DEBUGINFOD_URLS=https://debuginfod.ubuntu.com /usr/bin/cmake --install /home/CIN/tjgc/Documents/Robotics/ros2_ws/build/arm_interfaces
