[  2%] Built target arm_interfaces__rosidl_generator_type_description
[  2%] Built target ament_cmake_python_copy_arm_interfaces
[  5%] Built target arm_interfaces__cpp
[ 20%] Built target arm_interfaces__rosidl_generator_c
[ 55%] Built target arm_interfaces__rosidl_typesupport_introspection_cpp
[ 55%] Built target arm_interfaces__rosidl_typesupport_introspection_c
[ 55%] Built target arm_interfaces__rosidl_typesupport_c
[ 55%] Built target arm_interfaces__rosidl_typesupport_fastrtps_cpp
[ 64%] Built target arm_interfaces__rosidl_typesupport_cpp
[ 73%] Built target arm_interfaces__rosidl_typesupport_fastrtps_c
[ 73%] Built target arm_interfaces
[ 76%] Built target arm_interfaces__py
[ 82%] Built target arm_interfaces__rosidl_generator_py
[ 97%] Built target arm_interfaces_s__rosidl_typesupport_c
[100%] Built target arm_interfaces_s__rosidl_typesupport_introspection_c
[100%] Built target arm_interfaces_s__rosidl_typesupport_fastrtps_c
running egg_info
writing arm_interfaces.egg-info/PKG-INFO
writing dependency_links to arm_interfaces.egg-info/dependency_links.txt
writing top-level names to arm_interfaces.egg-info/top_level.txt
reading manifest file 'arm_interfaces.egg-info/SOURCES.txt'
writing manifest file 'arm_interfaces.egg-info/SOURCES.txt'
[100%] Built target ament_cmake_python_build_arm_interfaces_egg
-- Install configuration: ""
-- Up-to-date: /home/CIN/tjgc/Documents/Robotics/install/arm_interfaces/share/ament_index/resource_index/rosidl_interfaces/arm_interfaces
-- Up-to-date: /home/CIN/tjgc/Documents/Robotics/install/arm_interfaces/share/arm_interfaces/srv/FollowTrajectory.json
-- Up-to-date: /home/CIN/tjgc/Documents/Robotics/install/arm_interfaces/include/arm_interfaces/arm_interfaces
-- Up-to-date: /home/CIN/tjgc/Documents/Robotics/install/arm_interfaces/include/arm_interfaces/arm_interfaces/msg
-- Up-to-date: /home/CIN/tjgc/Documents/Robotics/install/arm_interfaces/include/arm_interfaces/arm_interfaces/msg/rosidl_generator_c__visibility_control.h
-- Up-to-date: /home/CIN/tjgc/Documents/Robotics/install/arm_interfaces/include/arm_interfaces/arm_interfaces/srv
-- Up-to-date: /home/CIN/tjgc/Documents/Robotics/install/arm_interfaces/include/arm_interfaces/arm_interfaces/srv/detail
-- Up-to-date: /home/CIN/tjgc/Documents/Robotics/install/arm_interfaces/include/arm_interfaces/arm_interfaces/srv/detail/follow_trajectory__functions.h
-- Up-to-date: /home/CIN/tjgc/Documents/Robotics/install/arm_interfaces/include/arm_interfaces/arm_interfaces/srv/detail/follow_trajectory__description.c
-- Up-to-date: /home/CIN/tjgc/Documents/Robotics/install/arm_interfaces/include/arm_interfaces/arm_interfaces/srv/detail/follow_trajectory__type_support.h
-- Up-to-date: /home/CIN/tjgc/Documents/Robotics/install/arm_interfaces/include/arm_interfaces/arm_interfaces/srv/detail/follow_trajectory__struct.h
-- Up-to-date: /home/CIN/tjgc/Documents/Robotics/install/arm_interfaces/include/arm_interfaces/arm_interfaces/srv/detail/follow_trajectory__type_support.c
-- Up-to-date: /home/CIN/tjgc/Documents/Robotics/install/arm_interfaces/include/arm_interfaces/arm_interfaces/srv/detail/follow_trajectory__functions.c
-- Up-to-date: /home/CIN/tjgc/Documents/Robotics/install/arm_interfaces/include/arm_interfaces/arm_interfaces/srv/follow_trajectory.h
-- Up-to-date: /home/CIN/tjgc/Documents/Robotics/install/arm_interfaces/share/arm_interfaces/environment/library_path.sh
-- Up-to-date: /home/CIN/tjgc/Documents/Robotics/install/arm_interfaces/share/arm_interfaces/environment/library_path.dsv
-- Up-to-date: /home/CIN/tjgc/Documents/Robotics/install/arm_interfaces/lib/libarm_interfaces__rosidl_generator_c.so
-- Up-to-date: /home/CIN/tjgc/Documents/Robotics/install/arm_interfaces/include/arm_interfaces/arm_interfaces
-- Up-to-date: /home/CIN/tjgc/Documents/Robotics/install/arm_interfaces/include/arm_interfaces/arm_interfaces/msg
-- Up-to-date: /home/CIN/tjgc/Documents/Robotics/install/arm_interfaces/include/arm_interfaces/arm_interfaces/msg/rosidl_typesupport_fastrtps_c__visibility_control.h
-- Up-to-date: /home/CIN/tjgc/Documents/Robotics/install/arm_interfaces/include/arm_interfaces/arm_interfaces/srv
-- Up-to-date: /home/CIN/tjgc/Documents/Robotics/install/arm_interfaces/include/arm_interfaces/arm_interfaces/srv/detail
-- Up-to-date: /home/CIN/tjgc/Documents/Robotics/install/arm_interfaces/include/arm_interfaces/arm_interfaces/srv/detail/follow_trajectory__rosidl_typesupport_fastrtps_c.h
-- Up-to-date: /home/CIN/tjgc/Documents/Robotics/install/arm_interfaces/lib/libarm_interfaces__rosidl_typesupport_fastrtps_c.so
-- Up-to-date: /home/CIN/tjgc/Documents/Robotics/install/arm_interfaces/include/arm_interfaces/arm_interfaces
-- Up-to-date: /home/CIN/tjgc/Documents/Robotics/install/arm_interfaces/include/arm_interfaces/arm_interfaces/msg
-- Up-to-date: /home/CIN/tjgc/Documents/Robotics/install/arm_interfaces/include/arm_interfaces/arm_interfaces/msg/rosidl_generator_cpp__visibility_control.hpp
-- Up-to-date: /home/CIN/tjgc/Documents/Robotics/install/arm_interfaces/include/arm_interfaces/arm_interfaces/srv
-- Up-to-date: /home/CIN/tjgc/Documents/Robotics/install/arm_interfaces/include/arm_interfaces/arm_interfaces/srv/detail
-- Up-to-date: /home/CIN/tjgc/Documents/Robotics/install/arm_interfaces/include/arm_interfaces/arm_interfaces/srv/detail/follow_trajectory__builder.hpp
-- Up-to-date: /home/CIN/tjgc/Documents/Robotics/install/arm_interfaces/include/arm_interfaces/arm_interfaces/srv/detail/follow_trajectory__type_support.hpp
-- Up-to-date: /home/CIN/tjgc/Documents/Robotics/install/arm_interfaces/include/arm_interfaces/arm_interfaces/srv/detail/follow_trajectory__struct.hpp
-- Up-to-date: /home/CIN/tjgc/Documents/Robotics/install/arm_interfaces/include/arm_interfaces/arm_interfaces/srv/detail/follow_trajectory__traits.hpp
-- Up-to-date: /home/CIN/tjgc/Documents/Robotics/install/arm_interfaces/include/arm_interfaces/arm_interfaces/srv/follow_trajectory.hpp
-- Up-to-date: /home/CIN/tjgc/Documents/Robotics/install/arm_interfaces/include/arm_interfaces/arm_interfaces
-- Up-to-date: /home/CIN/tjgc/Documents/Robotics/install/arm_interfaces/include/arm_interfaces/arm_interfaces/msg
-- Up-to-date: /home/CIN/tjgc/Documents/Robotics/install/arm_interfaces/include/arm_interfaces/arm_interfaces/msg/rosidl_typesupport_fastrtps_cpp__visibility_control.h
-- Up-to-date: /home/CIN/tjgc/Documents/Robotics/install/arm_interfaces/include/arm_interfaces/arm_interfaces/srv
-- Up-to-date: /home/CIN/tjgc/Documents/Robotics/install/arm_interfaces/include/arm_interfaces/arm_interfaces/srv/detail
-- Up-to-date: /home/CIN/tjgc/Documents/Robotics/install/arm_interfaces/include/arm_interfaces/arm_interfaces/srv/detail/dds_fastrtps
-- Up-to-date: /home/CIN/tjgc/Documents/Robotics/install/arm_interfaces/include/arm_interfaces/arm_interfaces/srv/detail/follow_trajectory__rosidl_typesupport_fastrtps_cpp.hpp
-- Up-to-date: /home/CIN/tjgc/Documents/Robotics/install/arm_interfaces/lib/libarm_interfaces__rosidl_typesupport_fastrtps_cpp.so
-- Up-to-date: /home/CIN/tjgc/Documents/Robotics/install/arm_interfaces/include/arm_interfaces/arm_interfaces
-- Up-to-date: /home/CIN/tjgc/Documents/Robotics/install/arm_interfaces/include/arm_interfaces/arm_interfaces/msg
-- Up-to-date: /home/CIN/tjgc/Documents/Robotics/install/arm_interfaces/include/arm_interfaces/arm_interfaces/msg/rosidl_typesupport_introspection_c__visibility_control.h
-- Up-to-date: /home/CIN/tjgc/Documents/Robotics/install/arm_interfaces/include/arm_interfaces/arm_interfaces/srv
-- Up-to-date: /home/CIN/tjgc/Documents/Robotics/install/arm_interfaces/include/arm_interfaces/arm_interfaces/srv/detail
-- Up-to-date: /home/CIN/tjgc/Documents/Robotics/install/arm_interfaces/include/arm_interfaces/arm_interfaces/srv/detail/follow_trajectory__rosidl_typesupport_introspection_c.h
-- Up-to-date: /home/CIN/tjgc/Documents/Robotics/install/arm_interfaces/include/arm_interfaces/arm_interfaces/srv/detail/follow_trajectory__type_support.c
-- Up-to-date: /home/CIN/tjgc/Documents/Robotics/install/arm_interfaces/lib/libarm_interfaces__rosidl_typesupport_introspection_c.so
-- Up-to-date: /home/CIN/tjgc/Documents/Robotics/install/arm_interfaces/lib/libarm_interfaces__rosidl_typesupport_c.so
-- Up-to-date: /home/CIN/tjgc/Documents/Robotics/install/arm_interfaces/include/arm_interfaces/arm_interfaces
-- Up-to-date: /home/CIN/tjgc/Documents/Robotics/install/arm_interfaces/include/arm_interfaces/arm_interfaces/srv
-- Up-to-date: /home/CIN/tjgc/Documents/Robotics/install/arm_interfaces/include/arm_interfaces/arm_interfaces/srv/detail
-- Up-to-date: /home/CIN/tjgc/Documents/Robotics/install/arm_interfaces/include/arm_interfaces/arm_interfaces/srv/detail/follow_trajectory__type_support.cpp
-- Up-to-date: /home/CIN/tjgc/Documents/Robotics/install/arm_interfaces/include/arm_interfaces/arm_interfaces/srv/detail/follow_trajectory__rosidl_typesupport_introspection_cpp.hpp
-- Up-to-date: /home/CIN/tjgc/Documents/Robotics/install/arm_interfaces/lib/libarm_interfaces__rosidl_typesupport_introspection_cpp.so
-- Up-to-date: /home/CIN/tjgc/Documents/Robotics/install/arm_interfaces/lib/libarm_interfaces__rosidl_typesupport_cpp.so
-- Up-to-date: /home/CIN/tjgc/Documents/Robotics/install/arm_interfaces/share/arm_interfaces/environment/pythonpath.sh
-- Up-to-date: /home/CIN/tjgc/Documents/Robotics/install/arm_interfaces/share/arm_interfaces/environment/pythonpath.dsv
-- Up-to-date: /home/CIN/tjgc/Documents/Robotics/install/arm_interfaces/lib/python3.12/site-packages/arm_interfaces-0.0.0-py3.12.egg-info
-- Installing: /home/CIN/tjgc/Documents/Robotics/install/arm_interfaces/lib/python3.12/site-packages/arm_interfaces-0.0.0-py3.12.egg-info/SOURCES.txt
-- Installing: /home/CIN/tjgc/Documents/Robotics/install/arm_interfaces/lib/python3.12/site-packages/arm_interfaces-0.0.0-py3.12.egg-info/PKG-INFO
-- Installing: /home/CIN/tjgc/Documents/Robotics/install/arm_interfaces/lib/python3.12/site-packages/arm_interfaces-0.0.0-py3.12.egg-info/top_level.txt
-- Installing: /home/CIN/tjgc/Documents/Robotics/install/arm_interfaces/lib/python3.12/site-packages/arm_interfaces-0.0.0-py3.12.egg-info/dependency_links.txt
-- Up-to-date: /home/CIN/tjgc/Documents/Robotics/install/arm_interfaces/lib/python3.12/site-packages/arm_interfaces
-- Up-to-date: /home/CIN/tjgc/Documents/Robotics/install/arm_interfaces/lib/python3.12/site-packages/arm_interfaces/__init__.py
-- Up-to-date: /home/CIN/tjgc/Documents/Robotics/install/arm_interfaces/lib/python3.12/site-packages/arm_interfaces/arm_interfaces_s__rosidl_typesupport_introspection_c.so
-- Up-to-date: /home/CIN/tjgc/Documents/Robotics/install/arm_interfaces/lib/python3.12/site-packages/arm_interfaces/_arm_interfaces_s.ep.rosidl_typesupport_fastrtps_c.c
-- Up-to-date: /home/CIN/tjgc/Documents/Robotics/install/arm_interfaces/lib/python3.12/site-packages/arm_interfaces/arm_interfaces_s__rosidl_typesupport_c.so
-- Up-to-date: /home/CIN/tjgc/Documents/Robotics/install/arm_interfaces/lib/python3.12/site-packages/arm_interfaces/_arm_interfaces_s.ep.rosidl_typesupport_c.c
-- Up-to-date: /home/CIN/tjgc/Documents/Robotics/install/arm_interfaces/lib/python3.12/site-packages/arm_interfaces/_arm_interfaces_s.ep.rosidl_typesupport_introspection_c.c
-- Up-to-date: /home/CIN/tjgc/Documents/Robotics/install/arm_interfaces/lib/python3.12/site-packages/arm_interfaces/srv
-- Up-to-date: /home/CIN/tjgc/Documents/Robotics/install/arm_interfaces/lib/python3.12/site-packages/arm_interfaces/srv/__init__.py
-- Up-to-date: /home/CIN/tjgc/Documents/Robotics/install/arm_interfaces/lib/python3.12/site-packages/arm_interfaces/srv/_follow_trajectory.py
-- Up-to-date: /home/CIN/tjgc/Documents/Robotics/install/arm_interfaces/lib/python3.12/site-packages/arm_interfaces/srv/_follow_trajectory_s.c
-- Up-to-date: /home/CIN/tjgc/Documents/Robotics/install/arm_interfaces/lib/python3.12/site-packages/arm_interfaces/arm_interfaces_s__rosidl_typesupport_fastrtps_c.so
Listing '/home/CIN/tjgc/Documents/Robotics/install/arm_interfaces/lib/python3.12/site-packages/arm_interfaces'...
Listing '/home/CIN/tjgc/Documents/Robotics/install/arm_interfaces/lib/python3.12/site-packages/arm_interfaces/srv'...
-- Up-to-date: /home/CIN/tjgc/Documents/Robotics/install/arm_interfaces/lib/python3.12/site-packages/arm_interfaces/arm_interfaces_s__rosidl_typesupport_fastrtps_c.so
-- Up-to-date: /home/CIN/tjgc/Documents/Robotics/install/arm_interfaces/lib/python3.12/site-packages/arm_interfaces/arm_interfaces_s__rosidl_typesupport_introspection_c.so
-- Up-to-date: /home/CIN/tjgc/Documents/Robotics/install/arm_interfaces/lib/python3.12/site-packages/arm_interfaces/arm_interfaces_s__rosidl_typesupport_c.so
-- Up-to-date: /home/CIN/tjgc/Documents/Robotics/install/arm_interfaces/lib/libarm_interfaces__rosidl_generator_py.so
-- Up-to-date: /home/CIN/tjgc/Documents/Robotics/install/arm_interfaces/share/arm_interfaces/srv/FollowTrajectory.idl
-- Up-to-date: /home/CIN/tjgc/Documents/Robotics/install/arm_interfaces/share/arm_interfaces/srv/FollowTrajectory.srv
-- Up-to-date: /home/CIN/tjgc/Documents/Robotics/install/arm_interfaces/share/ament_index/resource_index/package_run_dependencies/arm_interfaces
-- Up-to-date: /home/CIN/tjgc/Documents/Robotics/install/arm_interfaces/share/ament_index/resource_index/parent_prefix_path/arm_interfaces
-- Up-to-date: /home/CIN/tjgc/Documents/Robotics/install/arm_interfaces/share/arm_interfaces/environment/ament_prefix_path.sh
-- Up-to-date: /home/CIN/tjgc/Documents/Robotics/install/arm_interfaces/share/arm_interfaces/environment/ament_prefix_path.dsv
-- Up-to-date: /home/CIN/tjgc/Documents/Robotics/install/arm_interfaces/share/arm_interfaces/environment/path.sh
-- Up-to-date: /home/CIN/tjgc/Documents/Robotics/install/arm_interfaces/share/arm_interfaces/environment/path.dsv
-- Up-to-date: /home/CIN/tjgc/Documents/Robotics/install/arm_interfaces/share/arm_interfaces/local_setup.bash
-- Up-to-date: /home/CIN/tjgc/Documents/Robotics/install/arm_interfaces/share/arm_interfaces/local_setup.sh
-- Up-to-date: /home/CIN/tjgc/Documents/Robotics/install/arm_interfaces/share/arm_interfaces/local_setup.zsh
-- Up-to-date: /home/CIN/tjgc/Documents/Robotics/install/arm_interfaces/share/arm_interfaces/local_setup.dsv
-- Installing: /home/CIN/tjgc/Documents/Robotics/install/arm_interfaces/share/arm_interfaces/package.dsv
-- Up-to-date: /home/CIN/tjgc/Documents/Robotics/install/arm_interfaces/share/ament_index/resource_index/packages/arm_interfaces
-- Up-to-date: /home/CIN/tjgc/Documents/Robotics/install/arm_interfaces/share/arm_interfaces/cmake/export_arm_interfaces__rosidl_generator_cExport.cmake
-- Up-to-date: /home/CIN/tjgc/Documents/Robotics/install/arm_interfaces/share/arm_interfaces/cmake/export_arm_interfaces__rosidl_generator_cExport-noconfig.cmake
-- Up-to-date: /home/CIN/tjgc/Documents/Robotics/install/arm_interfaces/share/arm_interfaces/cmake/export_arm_interfaces__rosidl_typesupport_fastrtps_cExport.cmake
-- Up-to-date: /home/CIN/tjgc/Documents/Robotics/install/arm_interfaces/share/arm_interfaces/cmake/export_arm_interfaces__rosidl_typesupport_fastrtps_cExport-noconfig.cmake
-- Up-to-date: /home/CIN/tjgc/Documents/Robotics/install/arm_interfaces/share/arm_interfaces/cmake/export_arm_interfaces__rosidl_generator_cppExport.cmake
-- Up-to-date: /home/CIN/tjgc/Documents/Robotics/install/arm_interfaces/share/arm_interfaces/cmake/export_arm_interfaces__rosidl_typesupport_fastrtps_cppExport.cmake
-- Up-to-date: /home/CIN/tjgc/Documents/Robotics/install/arm_interfaces/share/arm_interfaces/cmake/export_arm_interfaces__rosidl_typesupport_fastrtps_cppExport-noconfig.cmake
-- Up-to-date: /home/CIN/tjgc/Documents/Robotics/install/arm_interfaces/share/arm_interfaces/cmake/arm_interfaces__rosidl_typesupport_introspection_cExport.cmake
-- Up-to-date: /home/CIN/tjgc/Documents/Robotics/install/arm_interfaces/share/arm_interfaces/cmake/arm_interfaces__rosidl_typesupport_introspection_cExport-noconfig.cmake
-- Up-to-date: /home/CIN/tjgc/Documents/Robotics/install/arm_interfaces/share/arm_interfaces/cmake/arm_interfaces__rosidl_typesupport_cExport.cmake
-- Up-to-date: /home/CIN/tjgc/Documents/Robotics/install/arm_interfaces/share/arm_interfaces/cmake/arm_interfaces__rosidl_typesupport_cExport-noconfig.cmake
-- Up-to-date: /home/CIN/tjgc/Documents/Robotics/install/arm_interfaces/share/arm_interfaces/cmake/arm_interfaces__rosidl_typesupport_introspection_cppExport.cmake
-- Up-to-date: /home/CIN/tjgc/Documents/Robotics/install/arm_interfaces/share/arm_interfaces/cmake/arm_interfaces__rosidl_typesupport_introspection_cppExport-noconfig.cmake
-- Up-to-date: /home/CIN/tjgc/Documents/Robotics/install/arm_interfaces/share/arm_interfaces/cmake/arm_interfaces__rosidl_typesupport_cppExport.cmake
-- Up-to-date: /home/CIN/tjgc/Documents/Robotics/install/arm_interfaces/share/arm_interfaces/cmake/arm_interfaces__rosidl_typesupport_cppExport-noconfig.cmake
-- Up-to-date: /home/CIN/tjgc/Documents/Robotics/install/arm_interfaces/share/arm_interfaces/cmake/export_arm_interfaces__rosidl_generator_pyExport.cmake
-- Up-to-date: /home/CIN/tjgc/Documents/Robotics/install/arm_interfaces/share/arm_interfaces/cmake/export_arm_interfaces__rosidl_generator_pyExport-noconfig.cmake
-- Up-to-date: /home/CIN/tjgc/Documents/Robotics/install/arm_interfaces/share/arm_interfaces/cmake/rosidl_cmake-extras.cmake
-- Up-to-date: /home/CIN/tjgc/Documents/Robotics/install/arm_interfaces/share/arm_interfaces/cmake/ament_cmake_export_dependencies-extras.cmake
-- Up-to-date: /home/CIN/tjgc/Documents/Robotics/install/arm_interfaces/share/arm_interfaces/cmake/ament_cmake_export_include_directories-extras.cmake
-- Up-to-date: /home/CIN/tjgc/Documents/Robotics/install/arm_interfaces/share/arm_interfaces/cmake/ament_cmake_export_libraries-extras.cmake
-- Up-to-date: /home/CIN/tjgc/Documents/Robotics/install/arm_interfaces/share/arm_interfaces/cmake/ament_cmake_export_targets-extras.cmake
-- Up-to-date: /home/CIN/tjgc/Documents/Robotics/install/arm_interfaces/share/arm_interfaces/cmake/rosidl_cmake_export_typesupport_targets-extras.cmake
-- Up-to-date: /home/CIN/tjgc/Documents/Robotics/install/arm_interfaces/share/arm_interfaces/cmake/rosidl_cmake_export_typesupport_libraries-extras.cmake
-- Up-to-date: /home/CIN/tjgc/Documents/Robotics/install/arm_interfaces/share/arm_interfaces/cmake/arm_interfacesConfig.cmake
-- Up-to-date: /home/CIN/tjgc/Documents/Robotics/install/arm_interfaces/share/arm_interfaces/cmake/arm_interfacesConfig-version.cmake
-- Up-to-date: /home/CIN/tjgc/Documents/Robotics/install/arm_interfaces/share/arm_interfaces/package.xml
