[0.800s] Invoking command in '/home/CIN/tjgc/Documents/Robotics/ros2_ws/src/grupo_1': DEBUGINFOD_URLS=https://debuginfod.ubuntu.com PYTHONPATH=/home/CIN/tjgc/Documents/Robotics/ros2_ws/build/grupo_1/prefix_override:/usr/lib/python3/dist-packages/colcon_core/task/python/colcon_distutils_commands:/home/CIN/tjgc/Documents/Robotics/ros2_ws/install/grupo_1/lib/python3.12/site-packages:${PYTHONPATH} /usr/bin/python3 -W ignore:setup.py install is deprecated -W ignore:easy_install command is deprecated setup.py egg_info --egg-base ../../build/grupo_1 build --build-base /home/CIN/tjgc/Documents/Robotics/ros2_ws/build/grupo_1/build install --record /home/CIN/tjgc/Documents/Robotics/ros2_ws/build/grupo_1/install.log --single-version-externally-managed install_data
[1.014s] running egg_info
[1.031s] writing ../../build/grupo_1/grupo_1.egg-info/PKG-INFO
[1.031s] writing dependency_links to ../../build/grupo_1/grupo_1.egg-info/dependency_links.txt
[1.031s] writing entry points to ../../build/grupo_1/grupo_1.egg-info/entry_points.txt
[1.032s] writing requirements to ../../build/grupo_1/grupo_1.egg-info/requires.txt
[1.032s] writing top-level names to ../../build/grupo_1/grupo_1.egg-info/top_level.txt
[1.065s] reading manifest file '../../build/grupo_1/grupo_1.egg-info/SOURCES.txt'
[1.065s] adding license file 'LICENSE'
[1.065s] writing manifest file '../../build/grupo_1/grupo_1.egg-info/SOURCES.txt'
[1.066s] running build
[1.066s] running build_py
[1.066s] copying grupo_1/__init__.py -> /home/CIN/tjgc/Documents/Robotics/ros2_ws/build/grupo_1/build/lib/grupo_1
[1.066s] copying grupo_1/teste.py -> /home/CIN/tjgc/Documents/Robotics/ros2_ws/build/grupo_1/build/lib/grupo_1
[1.066s] copying grupo_1/a.py -> /home/CIN/tjgc/Documents/Robotics/ros2_ws/build/grupo_1/build/lib/grupo_1
[1.067s] copying grupo_1/client.py -> /home/CIN/tjgc/Documents/Robotics/ros2_ws/build/grupo_1/build/lib/grupo_1
[1.067s] copying grupo_1/robot.py -> /home/CIN/tjgc/Documents/Robotics/ros2_ws/build/grupo_1/build/lib/grupo_1
[1.067s] running install
[1.073s] running install_lib
[1.089s] copying /home/CIN/tjgc/Documents/Robotics/ros2_ws/build/grupo_1/build/lib/grupo_1/__init__.py -> /home/CIN/tjgc/Documents/Robotics/ros2_ws/install/grupo_1/lib/python3.12/site-packages/grupo_1
[1.089s] copying /home/CIN/tjgc/Documents/Robotics/ros2_ws/build/grupo_1/build/lib/grupo_1/teste.py -> /home/CIN/tjgc/Documents/Robotics/ros2_ws/install/grupo_1/lib/python3.12/site-packages/grupo_1
[1.090s] copying /home/CIN/tjgc/Documents/Robotics/ros2_ws/build/grupo_1/build/lib/grupo_1/a.py -> /home/CIN/tjgc/Documents/Robotics/ros2_ws/install/grupo_1/lib/python3.12/site-packages/grupo_1
[1.090s] copying /home/CIN/tjgc/Documents/Robotics/ros2_ws/build/grupo_1/build/lib/grupo_1/client.py -> /home/CIN/tjgc/Documents/Robotics/ros2_ws/install/grupo_1/lib/python3.12/site-packages/grupo_1
[1.090s] copying /home/CIN/tjgc/Documents/Robotics/ros2_ws/build/grupo_1/build/lib/grupo_1/robot.py -> /home/CIN/tjgc/Documents/Robotics/ros2_ws/install/grupo_1/lib/python3.12/site-packages/grupo_1
[1.090s] byte-compiling /home/CIN/tjgc/Documents/Robotics/ros2_ws/install/grupo_1/lib/python3.12/site-packages/grupo_1/__init__.py to __init__.cpython-312.pyc
[1.091s] byte-compiling /home/CIN/tjgc/Documents/Robotics/ros2_ws/install/grupo_1/lib/python3.12/site-packages/grupo_1/teste.py to teste.cpython-312.pyc
[1.092s] byte-compiling /home/CIN/tjgc/Documents/Robotics/ros2_ws/install/grupo_1/lib/python3.12/site-packages/grupo_1/a.py to a.cpython-312.pyc
[1.092s] byte-compiling /home/CIN/tjgc/Documents/Robotics/ros2_ws/install/grupo_1/lib/python3.12/site-packages/grupo_1/client.py to client.cpython-312.pyc
[1.098s] byte-compiling /home/CIN/tjgc/Documents/Robotics/ros2_ws/install/grupo_1/lib/python3.12/site-packages/grupo_1/robot.py to robot.cpython-312.pyc
[1.100s] running install_data
[1.100s] creating /home/CIN/tjgc/Documents/Robotics/ros2_ws/install/grupo_1/share/ament_index
[1.100s] creating /home/CIN/tjgc/Documents/Robotics/ros2_ws/install/grupo_1/share/ament_index/resource_index
[1.100s] creating /home/CIN/tjgc/Documents/Robotics/ros2_ws/install/grupo_1/share/ament_index/resource_index/packages
[1.100s] copying resource/grupo_1 -> /home/CIN/tjgc/Documents/Robotics/ros2_ws/install/grupo_1/share/ament_index/resource_index/packages
[1.100s] copying package.xml -> /home/CIN/tjgc/Documents/Robotics/ros2_ws/install/grupo_1/share/grupo_1
[1.101s] running install_egg_info
[1.118s] Copying ../../build/grupo_1/grupo_1.egg-info to /home/CIN/tjgc/Documents/Robotics/ros2_ws/install/grupo_1/lib/python3.12/site-packages/grupo_1-0.0.0-py3.12.egg-info
[1.121s] running install_scripts
[1.240s] Installing client script to /home/CIN/tjgc/Documents/Robotics/ros2_ws/install/grupo_1/lib/grupo_1
[1.240s] writing list of installed files to '/home/CIN/tjgc/Documents/Robotics/ros2_ws/build/grupo_1/install.log'
[1.266s] Invoked command in '/home/CIN/tjgc/Documents/Robotics/ros2_ws/src/grupo_1' returned '0': DEBUGINFOD_URLS=https://debuginfod.ubuntu.com PYTHONPATH=/home/CIN/tjgc/Documents/Robotics/ros2_ws/build/grupo_1/prefix_override:/usr/lib/python3/dist-packages/colcon_core/task/python/colcon_distutils_commands:/home/CIN/tjgc/Documents/Robotics/ros2_ws/install/grupo_1/lib/python3.12/site-packages:${PYTHONPATH} /usr/bin/python3 -W ignore:setup.py install is deprecated -W ignore:easy_install command is deprecated setup.py egg_info --egg-base ../../build/grupo_1 build --build-base /home/CIN/tjgc/Documents/Robotics/ros2_ws/build/grupo_1/build install --record /home/CIN/tjgc/Documents/Robotics/ros2_ws/build/grupo_1/install.log --single-version-externally-managed install_data
