[0.708s] Invoking command in '/home/CIN/acfml/ros2_ws/src/py_srvcli': DEBUGINFOD_URLS=https://debuginfod.ubuntu.com PYTHONPATH=/home/CIN/acfml/ros2_ws/src/py_srvcli/build/py_srvcli/prefix_override:/usr/lib/python3/dist-packages/colcon_core/task/python/colcon_distutils_commands:/home/CIN/acfml/ros2_ws/src/py_srvcli/install/py_srvcli/lib/python3.12/site-packages:${PYTHONPATH} /usr/bin/python3 -W ignore:setup.py install is deprecated -W ignore:easy_install command is deprecated setup.py egg_info --egg-base build/py_srvcli build --build-base /home/CIN/acfml/ros2_ws/src/py_srvcli/build/py_srvcli/build install --record /home/CIN/acfml/ros2_ws/src/py_srvcli/build/py_srvcli/install.log --single-version-externally-managed install_data
[0.940s] running egg_info
[0.959s] writing build/py_srvcli/py_srvcli.egg-info/PKG-INFO
[0.960s] writing dependency_links to build/py_srvcli/py_srvcli.egg-info/dependency_links.txt
[0.960s] writing entry points to build/py_srvcli/py_srvcli.egg-info/entry_points.txt
[0.960s] writing requirements to build/py_srvcli/py_srvcli.egg-info/requires.txt
[0.960s] writing top-level names to build/py_srvcli/py_srvcli.egg-info/top_level.txt
[0.999s] reading manifest file 'build/py_srvcli/py_srvcli.egg-info/SOURCES.txt'
[0.999s] adding license file 'LICENSE'
[0.999s] writing manifest file 'build/py_srvcli/py_srvcli.egg-info/SOURCES.txt'
[0.999s] running build
[0.999s] running build_py
[0.999s] running install
[1.004s] running install_lib
[1.024s] running install_data
[1.024s] running install_egg_info
[1.044s] removing '/home/CIN/acfml/ros2_ws/src/py_srvcli/install/py_srvcli/lib/python3.12/site-packages/py_srvcli-0.0.0-py3.12.egg-info' (and everything under it)
[1.044s] Copying build/py_srvcli/py_srvcli.egg-info to /home/CIN/acfml/ros2_ws/src/py_srvcli/install/py_srvcli/lib/python3.12/site-packages/py_srvcli-0.0.0-py3.12.egg-info
[1.045s] running install_scripts
[1.173s] Installing client script to /home/CIN/acfml/ros2_ws/src/py_srvcli/install/py_srvcli/lib/py_srvcli
[1.174s] Installing service script to /home/CIN/acfml/ros2_ws/src/py_srvcli/install/py_srvcli/lib/py_srvcli
[1.174s] writing list of installed files to '/home/CIN/acfml/ros2_ws/src/py_srvcli/build/py_srvcli/install.log'
[1.193s] Invoked command in '/home/CIN/acfml/ros2_ws/src/py_srvcli' returned '0': DEBUGINFOD_URLS=https://debuginfod.ubuntu.com PYTHONPATH=/home/CIN/acfml/ros2_ws/src/py_srvcli/build/py_srvcli/prefix_override:/usr/lib/python3/dist-packages/colcon_core/task/python/colcon_distutils_commands:/home/CIN/acfml/ros2_ws/src/py_srvcli/install/py_srvcli/lib/python3.12/site-packages:${PYTHONPATH} /usr/bin/python3 -W ignore:setup.py install is deprecated -W ignore:easy_install command is deprecated setup.py egg_info --egg-base build/py_srvcli build --build-base /home/CIN/acfml/ros2_ws/src/py_srvcli/build/py_srvcli/build install --record /home/CIN/acfml/ros2_ws/src/py_srvcli/build/py_srvcli/install.log --single-version-externally-managed install_data
