[0.018s] Invoking command in '/home/CIN/acfml/ros2_ws/build/projeto_braco': CMAKE_PREFIX_PATH=${CMAKE_PREFIX_PATH}:/home/CIN/acfml/ros2_ws/install/py_pubsub:/opt/ros/jazzy DEBUGINFOD_URLS=https://debuginfod.ubuntu.com /usr/bin/cmake /home/CIN/acfml/ros2_ws/projeto_braco -DCMAKE_INSTALL_PREFIX=/home/CIN/acfml/ros2_ws/install/projeto_braco
[0.448s] -- The C compiler identification is GNU 13.2.0
[0.449s] -- The CXX compiler identification is GNU 13.2.0
[0.449s] -- Detecting C compiler ABI info
[0.449s] -- Detecting C compiler ABI info - done
[0.449s] -- Check for working C compiler: /usr/bin/cc - skipped
[0.449s] -- Detecting C compile features
[0.449s] -- Detecting C compile features - done
[0.449s] -- Detecting CXX compiler ABI info
[0.450s] -- Detecting CXX compiler ABI info - done
[0.457s] -- Check for working CXX compiler: /usr/bin/c++ - skipped
[0.457s] -- Detecting CXX compile features
[0.457s] -- Detecting CXX compile features - done
[0.464s] -- Found ament_cmake: 2.5.4 (/opt/ros/jazzy/share/ament_cmake/cmake)
[0.598s] -- Found Python3: /usr/bin/python3 (found version "3.12.3") found components: Interpreter 
[0.696s] -- Found ament_lint_auto: 0.17.2 (/opt/ros/jazzy/share/ament_lint_auto/cmake)
[0.784s] -- Added test 'lint_cmake' to check CMake code style
[0.786s] -- Added test 'xmllint' to check XML markup files
[0.787s] -- Configuring done (0.8s)
[0.790s] -- Generating done (0.0s)
[0.792s] -- Build files have been written to: /home/CIN/acfml/ros2_ws/build/projeto_braco
