/home/CIN/tjgc/Documents/Robotics/ros2_ws/install/grupo_1/lib/python3.12/site-packages/grupo_1/__init__.py
/home/CIN/tjgc/Documents/Robotics/ros2_ws/install/grupo_1/lib/python3.12/site-packages/grupo_1/teste.py
/home/CIN/tjgc/Documents/Robotics/ros2_ws/install/grupo_1/lib/python3.12/site-packages/grupo_1/a.py
/home/CIN/tjgc/Documents/Robotics/ros2_ws/install/grupo_1/lib/python3.12/site-packages/grupo_1/client.py
/home/CIN/tjgc/Documents/Robotics/ros2_ws/install/grupo_1/lib/python3.12/site-packages/grupo_1/robot.py
/home/CIN/tjgc/Documents/Robotics/ros2_ws/install/grupo_1/lib/python3.12/site-packages/grupo_1/__pycache__/__init__.cpython-312.pyc
/home/CIN/tjgc/Documents/Robotics/ros2_ws/install/grupo_1/lib/python3.12/site-packages/grupo_1/__pycache__/teste.cpython-312.pyc
/home/CIN/tjgc/Documents/Robotics/ros2_ws/install/grupo_1/lib/python3.12/site-packages/grupo_1/__pycache__/a.cpython-312.pyc
/home/CIN/tjgc/Documents/Robotics/ros2_ws/install/grupo_1/lib/python3.12/site-packages/grupo_1/__pycache__/client.cpython-312.pyc
/home/CIN/tjgc/Documents/Robotics/ros2_ws/install/grupo_1/lib/python3.12/site-packages/grupo_1/__pycache__/robot.cpython-312.pyc
/home/CIN/tjgc/Documents/Robotics/ros2_ws/install/grupo_1/share/ament_index/resource_index/packages/grupo_1
/home/CIN/tjgc/Documents/Robotics/ros2_ws/install/grupo_1/share/grupo_1/package.xml
/home/CIN/tjgc/Documents/Robotics/ros2_ws/install/grupo_1/lib/python3.12/site-packages/grupo_1-0.0.0-py3.12.egg-info/SOURCES.txt
/home/CIN/tjgc/Documents/Robotics/ros2_ws/install/grupo_1/lib/python3.12/site-packages/grupo_1-0.0.0-py3.12.egg-info/zip-safe
/home/CIN/tjgc/Documents/Robotics/ros2_ws/install/grupo_1/lib/python3.12/site-packages/grupo_1-0.0.0-py3.12.egg-info/PKG-INFO
/home/CIN/tjgc/Documents/Robotics/ros2_ws/install/grupo_1/lib/python3.12/site-packages/grupo_1-0.0.0-py3.12.egg-info/requires.txt
/home/CIN/tjgc/Documents/Robotics/ros2_ws/install/grupo_1/lib/python3.12/site-packages/grupo_1-0.0.0-py3.12.egg-info/top_level.txt
/home/CIN/tjgc/Documents/Robotics/ros2_ws/install/grupo_1/lib/python3.12/site-packages/grupo_1-0.0.0-py3.12.egg-info/entry_points.txt
/home/CIN/tjgc/Documents/Robotics/ros2_ws/install/grupo_1/lib/python3.12/site-packages/grupo_1-0.0.0-py3.12.egg-info/dependency_links.txt
/home/CIN/tjgc/Documents/Robotics/ros2_ws/install/grupo_1/lib/grupo_1/client
