running egg_info
writing ../../../build/grupo_1/grupo_1.egg-info/PKG-INFO
writing dependency_links to ../../../build/grupo_1/grupo_1.egg-info/dependency_links.txt
writing entry points to ../../../build/grupo_1/grupo_1.egg-info/entry_points.txt
writing requirements to ../../../build/grupo_1/grupo_1.egg-info/requires.txt
writing top-level names to ../../../build/grupo_1/grupo_1.egg-info/top_level.txt
reading manifest file '../../../build/grupo_1/grupo_1.egg-info/SOURCES.txt'
adding license file 'LICENSE'
writing manifest file '../../../build/grupo_1/grupo_1.egg-info/SOURCES.txt'
running build
running build_py
copying grupo_1/client.py -> /home/CIN/tjgc/Documents/Robotics/build/grupo_1/build/lib/grupo_1
running install
running install_lib
copying /home/CIN/tjgc/Documents/Robotics/build/grupo_1/build/lib/grupo_1/client.py -> /home/CIN/tjgc/Documents/Robotics/install/grupo_1/lib/python3.12/site-packages/grupo_1
byte-compiling /home/CIN/tjgc/Documents/Robotics/install/grupo_1/lib/python3.12/site-packages/grupo_1/client.py to client.cpython-312.pyc
running install_data
running install_egg_info
removing '/home/CIN/tjgc/Documents/Robotics/install/grupo_1/lib/python3.12/site-packages/grupo_1-0.0.0-py3.12.egg-info' (and everything under it)
Copying ../../../build/grupo_1/grupo_1.egg-info to /home/CIN/tjgc/Documents/Robotics/install/grupo_1/lib/python3.12/site-packages/grupo_1-0.0.0-py3.12.egg-info
running install_scripts
Installing client script to /home/CIN/tjgc/Documents/Robotics/install/grupo_1/lib/grupo_1
writing list of installed files to '/home/CIN/tjgc/Documents/Robotics/build/grupo_1/install.log'
