[0.073s] DEBUG:colcon:Command line arguments: ['/usr/bin/colcon', 'build']
[0.073s] DEBUG:colcon:Parsed command line arguments: Namespace(log_base=None, log_level=None, verb_name='build', build_base='build', install_base='install', merge_install=False, symlink_install=False, test_result_base=None, continue_on_error=False, executor='parallel', parallel_workers=16, event_handlers=None, ignore_user_meta=False, metas=['./colcon.meta'], base_paths=['.'], packages_ignore=None, packages_ignore_regex=None, paths=None, packages_up_to=None, packages_up_to_regex=None, packages_above=None, packages_above_and_dependencies=None, packages_above_depth=None, packages_select_by_dep=None, packages_skip_by_dep=None, packages_skip_up_to=None, packages_select_build_failed=False, packages_skip_build_finished=False, packages_select_test_failures=False, packages_skip_test_passed=False, packages_select=None, packages_skip=None, packages_select_regex=None, packages_skip_regex=None, packages_start=None, packages_end=None, allow_overriding=[], cmake_args=None, cmake_target=None, cmake_target_skip_unavailable=False, cmake_clean_cache=False, cmake_clean_first=False, cmake_force_configure=False, ament_cmake_args=None, catkin_cmake_args=None, catkin_skip_building_tests=False, verb_parser=<colcon_defaults.argument_parser.defaults.DefaultArgumentsDecorator object at 0x7a38d0c76060>, verb_extension=<colcon_core.verb.build.BuildVerb object at 0x7a38d0d96390>, main=<bound method BuildVerb.main of <colcon_core.verb.build.BuildVerb object at 0x7a38d0d96390>>)
[0.106s] Level 1:colcon.colcon_core.package_discovery:discover_packages(colcon_meta) check parameters
[0.106s] Level 1:colcon.colcon_core.package_discovery:discover_packages(recursive) check parameters
[0.106s] Level 1:colcon.colcon_core.package_discovery:discover_packages(ignore) check parameters
[0.106s] Level 1:colcon.colcon_core.package_discovery:discover_packages(path) check parameters
[0.106s] Level 1:colcon.colcon_core.package_discovery:discover_packages(colcon_meta) discover
[0.106s] Level 1:colcon.colcon_core.package_discovery:discover_packages(recursive) discover
[0.106s] INFO:colcon.colcon_core.package_discovery:Crawling recursively for packages in '/home/CIN/tjgc/Documents/Robotics'
[0.106s] Level 1:colcon.colcon_core.package_identification:_identify(.) by extensions ['ignore', 'ignore_ament_install']
[0.106s] Level 1:colcon.colcon_core.package_identification:_identify(.) by extension 'ignore'
[0.107s] Level 1:colcon.colcon_core.package_identification:_identify(.) by extension 'ignore_ament_install'
[0.107s] Level 1:colcon.colcon_core.package_identification:_identify(.) by extensions ['colcon_pkg']
[0.107s] Level 1:colcon.colcon_core.package_identification:_identify(.) by extension 'colcon_pkg'
[0.107s] Level 1:colcon.colcon_core.package_identification:_identify(.) by extensions ['colcon_meta']
[0.107s] Level 1:colcon.colcon_core.package_identification:_identify(.) by extension 'colcon_meta'
[0.107s] Level 1:colcon.colcon_core.package_identification:_identify(.) by extensions ['ros']
[0.107s] Level 1:colcon.colcon_core.package_identification:_identify(.) by extension 'ros'
[0.124s] Level 1:colcon.colcon_core.package_identification:_identify(.) by extensions ['cmake', 'python']
[0.124s] Level 1:colcon.colcon_core.package_identification:_identify(.) by extension 'cmake'
[0.124s] Level 1:colcon.colcon_core.package_identification:_identify(.) by extension 'python'
[0.124s] Level 1:colcon.colcon_core.package_identification:_identify(.) by extensions ['python_setup_py']
[0.124s] Level 1:colcon.colcon_core.package_identification:_identify(.) by extension 'python_setup_py'
[0.124s] Level 1:colcon.colcon_core.package_identification:_identify(build) by extensions ['ignore', 'ignore_ament_install']
[0.124s] Level 1:colcon.colcon_core.package_identification:_identify(build) by extension 'ignore'
[0.125s] Level 1:colcon.colcon_core.package_identification:_identify(build) ignored
[0.125s] Level 1:colcon.colcon_core.package_identification:_identify(install) by extensions ['ignore', 'ignore_ament_install']
[0.125s] Level 1:colcon.colcon_core.package_identification:_identify(install) by extension 'ignore'
[0.125s] Level 1:colcon.colcon_core.package_identification:_identify(install) ignored
[0.125s] Level 1:colcon.colcon_core.package_identification:_identify(log) by extensions ['ignore', 'ignore_ament_install']
[0.125s] Level 1:colcon.colcon_core.package_identification:_identify(log) by extension 'ignore'
[0.125s] Level 1:colcon.colcon_core.package_identification:_identify(log) ignored
[0.125s] Level 1:colcon.colcon_core.package_identification:_identify(ros2_ws) by extensions ['ignore', 'ignore_ament_install']
[0.125s] Level 1:colcon.colcon_core.package_identification:_identify(ros2_ws) by extension 'ignore'
[0.125s] Level 1:colcon.colcon_core.package_identification:_identify(ros2_ws) by extension 'ignore_ament_install'
[0.125s] Level 1:colcon.colcon_core.package_identification:_identify(ros2_ws) by extensions ['colcon_pkg']
[0.125s] Level 1:colcon.colcon_core.package_identification:_identify(ros2_ws) by extension 'colcon_pkg'
[0.125s] Level 1:colcon.colcon_core.package_identification:_identify(ros2_ws) by extensions ['colcon_meta']
[0.125s] Level 1:colcon.colcon_core.package_identification:_identify(ros2_ws) by extension 'colcon_meta'
[0.125s] Level 1:colcon.colcon_core.package_identification:_identify(ros2_ws) by extensions ['ros']
[0.125s] Level 1:colcon.colcon_core.package_identification:_identify(ros2_ws) by extension 'ros'
[0.125s] Level 1:colcon.colcon_core.package_identification:_identify(ros2_ws) by extensions ['cmake', 'python']
[0.125s] Level 1:colcon.colcon_core.package_identification:_identify(ros2_ws) by extension 'cmake'
[0.125s] Level 1:colcon.colcon_core.package_identification:_identify(ros2_ws) by extension 'python'
[0.125s] Level 1:colcon.colcon_core.package_identification:_identify(ros2_ws) by extensions ['python_setup_py']
[0.125s] Level 1:colcon.colcon_core.package_identification:_identify(ros2_ws) by extension 'python_setup_py'
[0.125s] Level 1:colcon.colcon_core.package_identification:_identify(ros2_ws/build) by extensions ['ignore', 'ignore_ament_install']
[0.125s] Level 1:colcon.colcon_core.package_identification:_identify(ros2_ws/build) by extension 'ignore'
[0.126s] Level 1:colcon.colcon_core.package_identification:_identify(ros2_ws/build) ignored
[0.126s] Level 1:colcon.colcon_core.package_identification:_identify(ros2_ws/install) by extensions ['ignore', 'ignore_ament_install']
[0.126s] Level 1:colcon.colcon_core.package_identification:_identify(ros2_ws/install) by extension 'ignore'
[0.126s] Level 1:colcon.colcon_core.package_identification:_identify(ros2_ws/install) ignored
[0.126s] Level 1:colcon.colcon_core.package_identification:_identify(ros2_ws/log) by extensions ['ignore', 'ignore_ament_install']
[0.126s] Level 1:colcon.colcon_core.package_identification:_identify(ros2_ws/log) by extension 'ignore'
[0.126s] Level 1:colcon.colcon_core.package_identification:_identify(ros2_ws/log) ignored
[0.126s] Level 1:colcon.colcon_core.package_identification:_identify(ros2_ws/src) by extensions ['ignore', 'ignore_ament_install']
[0.126s] Level 1:colcon.colcon_core.package_identification:_identify(ros2_ws/src) by extension 'ignore'
[0.126s] Level 1:colcon.colcon_core.package_identification:_identify(ros2_ws/src) by extension 'ignore_ament_install'
[0.126s] Level 1:colcon.colcon_core.package_identification:_identify(ros2_ws/src) by extensions ['colcon_pkg']
[0.126s] Level 1:colcon.colcon_core.package_identification:_identify(ros2_ws/src) by extension 'colcon_pkg'
[0.126s] Level 1:colcon.colcon_core.package_identification:_identify(ros2_ws/src) by extensions ['colcon_meta']
[0.126s] Level 1:colcon.colcon_core.package_identification:_identify(ros2_ws/src) by extension 'colcon_meta'
[0.126s] Level 1:colcon.colcon_core.package_identification:_identify(ros2_ws/src) by extensions ['ros']
[0.126s] Level 1:colcon.colcon_core.package_identification:_identify(ros2_ws/src) by extension 'ros'
[0.126s] Level 1:colcon.colcon_core.package_identification:_identify(ros2_ws/src) by extensions ['cmake', 'python']
[0.126s] Level 1:colcon.colcon_core.package_identification:_identify(ros2_ws/src) by extension 'cmake'
[0.126s] Level 1:colcon.colcon_core.package_identification:_identify(ros2_ws/src) by extension 'python'
[0.126s] Level 1:colcon.colcon_core.package_identification:_identify(ros2_ws/src) by extensions ['python_setup_py']
[0.126s] Level 1:colcon.colcon_core.package_identification:_identify(ros2_ws/src) by extension 'python_setup_py'
[0.126s] Level 1:colcon.colcon_core.package_identification:_identify(ros2_ws/src/arm_interfaces) by extensions ['ignore', 'ignore_ament_install']
[0.126s] Level 1:colcon.colcon_core.package_identification:_identify(ros2_ws/src/arm_interfaces) by extension 'ignore'
[0.127s] Level 1:colcon.colcon_core.package_identification:_identify(ros2_ws/src/arm_interfaces) by extension 'ignore_ament_install'
[0.127s] Level 1:colcon.colcon_core.package_identification:_identify(ros2_ws/src/arm_interfaces) by extensions ['colcon_pkg']
[0.127s] Level 1:colcon.colcon_core.package_identification:_identify(ros2_ws/src/arm_interfaces) by extension 'colcon_pkg'
[0.127s] Level 1:colcon.colcon_core.package_identification:_identify(ros2_ws/src/arm_interfaces) by extensions ['colcon_meta']
[0.127s] Level 1:colcon.colcon_core.package_identification:_identify(ros2_ws/src/arm_interfaces) by extension 'colcon_meta'
[0.127s] Level 1:colcon.colcon_core.package_identification:_identify(ros2_ws/src/arm_interfaces) by extensions ['ros']
[0.127s] Level 1:colcon.colcon_core.package_identification:_identify(ros2_ws/src/arm_interfaces) by extension 'ros'
[0.129s] DEBUG:colcon.colcon_core.package_identification:Package 'ros2_ws/src/arm_interfaces' with type 'ros.ament_cmake' and name 'arm_interfaces'
[0.129s] Level 1:colcon.colcon_core.package_identification:_identify(ros2_ws/src/build) by extensions ['ignore', 'ignore_ament_install']
[0.129s] Level 1:colcon.colcon_core.package_identification:_identify(ros2_ws/src/build) by extension 'ignore'
[0.129s] Level 1:colcon.colcon_core.package_identification:_identify(ros2_ws/src/build) ignored
[0.129s] Level 1:colcon.colcon_core.package_identification:_identify(ros2_ws/src/grupo_1) by extensions ['ignore', 'ignore_ament_install']
[0.129s] Level 1:colcon.colcon_core.package_identification:_identify(ros2_ws/src/grupo_1) by extension 'ignore'
[0.129s] Level 1:colcon.colcon_core.package_identification:_identify(ros2_ws/src/grupo_1) by extension 'ignore_ament_install'
[0.129s] Level 1:colcon.colcon_core.package_identification:_identify(ros2_ws/src/grupo_1) by extensions ['colcon_pkg']
[0.129s] Level 1:colcon.colcon_core.package_identification:_identify(ros2_ws/src/grupo_1) by extension 'colcon_pkg'
[0.129s] Level 1:colcon.colcon_core.package_identification:_identify(ros2_ws/src/grupo_1) by extensions ['colcon_meta']
[0.129s] Level 1:colcon.colcon_core.package_identification:_identify(ros2_ws/src/grupo_1) by extension 'colcon_meta'
[0.129s] Level 1:colcon.colcon_core.package_identification:_identify(ros2_ws/src/grupo_1) by extensions ['ros']
[0.129s] Level 1:colcon.colcon_core.package_identification:_identify(ros2_ws/src/grupo_1) by extension 'ros'
[0.130s] DEBUG:colcon.colcon_core.package_identification:Package 'ros2_ws/src/grupo_1' with type 'ros.ament_python' and name 'grupo_1'
[0.130s] Level 1:colcon.colcon_core.package_identification:_identify(ros2_ws/src/install) by extensions ['ignore', 'ignore_ament_install']
[0.130s] Level 1:colcon.colcon_core.package_identification:_identify(ros2_ws/src/install) by extension 'ignore'
[0.130s] Level 1:colcon.colcon_core.package_identification:_identify(ros2_ws/src/install) ignored
[0.130s] Level 1:colcon.colcon_core.package_identification:_identify(ros2_ws/src/log) by extensions ['ignore', 'ignore_ament_install']
[0.130s] Level 1:colcon.colcon_core.package_identification:_identify(ros2_ws/src/log) by extension 'ignore'
[0.130s] Level 1:colcon.colcon_core.package_identification:_identify(ros2_ws/src/log) ignored
[0.130s] Level 1:colcon.colcon_core.package_discovery:discover_packages(recursive) using defaults
[0.130s] Level 1:colcon.colcon_core.package_discovery:discover_packages(ignore) discover
[0.130s] Level 1:colcon.colcon_core.package_discovery:discover_packages(ignore) using defaults
[0.130s] Level 1:colcon.colcon_core.package_discovery:discover_packages(path) discover
[0.130s] Level 1:colcon.colcon_core.package_discovery:discover_packages(path) using defaults
[0.142s] Level 1:colcon.colcon_core.package_discovery:discover_packages(prefix_path) check parameters
[0.142s] Level 1:colcon.colcon_core.package_discovery:discover_packages(prefix_path) discover
[0.143s] DEBUG:colcon.colcon_installed_package_information.package_discovery:Found 2 installed packages in /home/CIN/tjgc/Documents/Robotics/install
[0.145s] DEBUG:colcon.colcon_installed_package_information.package_discovery:Found 285 installed packages in /opt/ros/jazzy
[0.145s] Level 1:colcon.colcon_core.package_discovery:discover_packages(prefix_path) using defaults
[0.180s] Level 5:colcon.colcon_core.verb:set package 'arm_interfaces' build argument 'cmake_args' from command line to 'None'
[0.180s] Level 5:colcon.colcon_core.verb:set package 'arm_interfaces' build argument 'cmake_target' from command line to 'None'
[0.180s] Level 5:colcon.colcon_core.verb:set package 'arm_interfaces' build argument 'cmake_target_skip_unavailable' from command line to 'False'
[0.180s] Level 5:colcon.colcon_core.verb:set package 'arm_interfaces' build argument 'cmake_clean_cache' from command line to 'False'
[0.180s] Level 5:colcon.colcon_core.verb:set package 'arm_interfaces' build argument 'cmake_clean_first' from command line to 'False'
[0.180s] Level 5:colcon.colcon_core.verb:set package 'arm_interfaces' build argument 'cmake_force_configure' from command line to 'False'
[0.180s] Level 5:colcon.colcon_core.verb:set package 'arm_interfaces' build argument 'ament_cmake_args' from command line to 'None'
[0.180s] Level 5:colcon.colcon_core.verb:set package 'arm_interfaces' build argument 'catkin_cmake_args' from command line to 'None'
[0.180s] Level 5:colcon.colcon_core.verb:set package 'arm_interfaces' build argument 'catkin_skip_building_tests' from command line to 'False'
[0.180s] DEBUG:colcon.colcon_core.verb:Building package 'arm_interfaces' with the following arguments: {'ament_cmake_args': None, 'build_base': '/home/CIN/tjgc/Documents/Robotics/build/arm_interfaces', 'catkin_cmake_args': None, 'catkin_skip_building_tests': False, 'cmake_args': None, 'cmake_clean_cache': False, 'cmake_clean_first': False, 'cmake_force_configure': False, 'cmake_target': None, 'cmake_target_skip_unavailable': False, 'install_base': '/home/CIN/tjgc/Documents/Robotics/install/arm_interfaces', 'merge_install': False, 'path': '/home/CIN/tjgc/Documents/Robotics/ros2_ws/src/arm_interfaces', 'symlink_install': False, 'test_result_base': None}
[0.180s] Level 5:colcon.colcon_core.verb:set package 'grupo_1' build argument 'cmake_args' from command line to 'None'
[0.180s] Level 5:colcon.colcon_core.verb:set package 'grupo_1' build argument 'cmake_target' from command line to 'None'
[0.181s] Level 5:colcon.colcon_core.verb:set package 'grupo_1' build argument 'cmake_target_skip_unavailable' from command line to 'False'
[0.181s] Level 5:colcon.colcon_core.verb:set package 'grupo_1' build argument 'cmake_clean_cache' from command line to 'False'
[0.181s] Level 5:colcon.colcon_core.verb:set package 'grupo_1' build argument 'cmake_clean_first' from command line to 'False'
[0.181s] Level 5:colcon.colcon_core.verb:set package 'grupo_1' build argument 'cmake_force_configure' from command line to 'False'
[0.181s] Level 5:colcon.colcon_core.verb:set package 'grupo_1' build argument 'ament_cmake_args' from command line to 'None'
[0.181s] Level 5:colcon.colcon_core.verb:set package 'grupo_1' build argument 'catkin_cmake_args' from command line to 'None'
[0.181s] Level 5:colcon.colcon_core.verb:set package 'grupo_1' build argument 'catkin_skip_building_tests' from command line to 'False'
[0.181s] DEBUG:colcon.colcon_core.verb:Building package 'grupo_1' with the following arguments: {'ament_cmake_args': None, 'build_base': '/home/CIN/tjgc/Documents/Robotics/build/grupo_1', 'catkin_cmake_args': None, 'catkin_skip_building_tests': False, 'cmake_args': None, 'cmake_clean_cache': False, 'cmake_clean_first': False, 'cmake_force_configure': False, 'cmake_target': None, 'cmake_target_skip_unavailable': False, 'install_base': '/home/CIN/tjgc/Documents/Robotics/install/grupo_1', 'merge_install': False, 'path': '/home/CIN/tjgc/Documents/Robotics/ros2_ws/src/grupo_1', 'symlink_install': False, 'test_result_base': None}
[0.181s] INFO:colcon.colcon_core.executor:Executing jobs using 'parallel' executor
[0.181s] DEBUG:colcon.colcon_parallel_executor.executor.parallel:run_until_complete
[0.182s] INFO:colcon.colcon_ros.task.ament_cmake.build:Building ROS package in '/home/CIN/tjgc/Documents/Robotics/ros2_ws/src/arm_interfaces' with build type 'ament_cmake'
[0.182s] INFO:colcon.colcon_cmake.task.cmake.build:Building CMake package in '/home/CIN/tjgc/Documents/Robotics/ros2_ws/src/arm_interfaces'
[0.183s] INFO:colcon.colcon_core.plugin_system:Skipping extension 'colcon_core.shell.bat': Not used on non-Windows systems
[0.184s] INFO:colcon.colcon_core.shell:Skip shell extension 'powershell' for command environment: Not usable outside of PowerShell
[0.184s] DEBUG:colcon.colcon_core.shell:Skip shell extension 'dsv' for command environment
[0.186s] INFO:colcon.colcon_ros.task.ament_python.build:Building ROS package in '/home/CIN/tjgc/Documents/Robotics/ros2_ws/src/grupo_1' with build type 'ament_python'
[0.187s] Level 1:colcon.colcon_core.shell:create_environment_hook('grupo_1', 'ament_prefix_path')
[0.187s] INFO:colcon.colcon_core.shell:Creating environment hook '/home/CIN/tjgc/Documents/Robotics/install/grupo_1/share/grupo_1/hook/ament_prefix_path.ps1'
[0.187s] INFO:colcon.colcon_core.shell:Creating environment descriptor '/home/CIN/tjgc/Documents/Robotics/install/grupo_1/share/grupo_1/hook/ament_prefix_path.dsv'
[0.187s] INFO:colcon.colcon_core.shell:Creating environment hook '/home/CIN/tjgc/Documents/Robotics/install/grupo_1/share/grupo_1/hook/ament_prefix_path.sh'
[0.188s] INFO:colcon.colcon_core.shell:Skip shell extension 'powershell' for command environment: Not usable outside of PowerShell
[0.188s] DEBUG:colcon.colcon_core.shell:Skip shell extension 'dsv' for command environment
[0.193s] DEBUG:colcon.colcon_core.event_handler.log_command:Invoking command in '/home/CIN/tjgc/Documents/Robotics/build/arm_interfaces': CMAKE_PREFIX_PATH=${CMAKE_PREFIX_PATH}:/home/CIN/tjgc/Documents/Robotics/install/grupo_1:/opt/ros/jazzy DEBUGINFOD_URLS=https://debuginfod.ubuntu.com /usr/bin/cmake --build /home/CIN/tjgc/Documents/Robotics/build/arm_interfaces -- -j16 -l16
[0.379s] INFO:colcon.colcon_core.task.python.build:Building Python package in '/home/CIN/tjgc/Documents/Robotics/ros2_ws/src/grupo_1'
[0.380s] INFO:colcon.colcon_core.shell:Skip shell extension 'powershell' for command environment: Not usable outside of PowerShell
[0.380s] DEBUG:colcon.colcon_core.shell:Skip shell extension 'dsv' for command environment
[0.546s] DEBUG:colcon.colcon_core.event_handler.log_command:Invoked command in '/home/CIN/tjgc/Documents/Robotics/build/arm_interfaces' returned '0': CMAKE_PREFIX_PATH=${CMAKE_PREFIX_PATH}:/home/CIN/tjgc/Documents/Robotics/install/grupo_1:/opt/ros/jazzy DEBUGINFOD_URLS=https://debuginfod.ubuntu.com /usr/bin/cmake --build /home/CIN/tjgc/Documents/Robotics/build/arm_interfaces -- -j16 -l16
[0.556s] DEBUG:colcon.colcon_core.event_handler.log_command:Invoking command in '/home/CIN/tjgc/Documents/Robotics/build/arm_interfaces': CMAKE_PREFIX_PATH=${CMAKE_PREFIX_PATH}:/home/CIN/tjgc/Documents/Robotics/install/grupo_1:/opt/ros/jazzy DEBUGINFOD_URLS=https://debuginfod.ubuntu.com /usr/bin/cmake --install /home/CIN/tjgc/Documents/Robotics/build/arm_interfaces
[0.609s] Level 1:colcon.colcon_core.environment:create_environment_scripts_only(arm_interfaces)
[0.609s] DEBUG:colcon.colcon_core.event_handler.log_command:Invoked command in '/home/CIN/tjgc/Documents/Robotics/build/arm_interfaces' returned '0': CMAKE_PREFIX_PATH=${CMAKE_PREFIX_PATH}:/home/CIN/tjgc/Documents/Robotics/install/grupo_1:/opt/ros/jazzy DEBUGINFOD_URLS=https://debuginfod.ubuntu.com /usr/bin/cmake --install /home/CIN/tjgc/Documents/Robotics/build/arm_interfaces
[0.611s] Level 1:colcon.colcon_core.environment:checking '/home/CIN/tjgc/Documents/Robotics/install/arm_interfaces' for CMake module files
[0.611s] Level 1:colcon.colcon_core.environment:checking '/home/CIN/tjgc/Documents/Robotics/install/arm_interfaces' for CMake config files
[0.612s] Level 1:colcon.colcon_core.shell:create_environment_hook('arm_interfaces', 'cmake_prefix_path')
[0.612s] INFO:colcon.colcon_core.shell:Creating environment hook '/home/CIN/tjgc/Documents/Robotics/install/arm_interfaces/share/arm_interfaces/hook/cmake_prefix_path.ps1'
[0.612s] INFO:colcon.colcon_core.shell:Creating environment descriptor '/home/CIN/tjgc/Documents/Robotics/install/arm_interfaces/share/arm_interfaces/hook/cmake_prefix_path.dsv'
[0.613s] INFO:colcon.colcon_core.shell:Creating environment hook '/home/CIN/tjgc/Documents/Robotics/install/arm_interfaces/share/arm_interfaces/hook/cmake_prefix_path.sh'
[0.613s] Level 1:colcon.colcon_core.environment:checking '/home/CIN/tjgc/Documents/Robotics/install/arm_interfaces/lib'
[0.613s] Level 1:colcon.colcon_core.shell:create_environment_hook('arm_interfaces', 'ld_library_path_lib')
[0.613s] INFO:colcon.colcon_core.shell:Creating environment hook '/home/CIN/tjgc/Documents/Robotics/install/arm_interfaces/share/arm_interfaces/hook/ld_library_path_lib.ps1'
[0.614s] INFO:colcon.colcon_core.shell:Creating environment descriptor '/home/CIN/tjgc/Documents/Robotics/install/arm_interfaces/share/arm_interfaces/hook/ld_library_path_lib.dsv'
[0.614s] INFO:colcon.colcon_core.shell:Creating environment hook '/home/CIN/tjgc/Documents/Robotics/install/arm_interfaces/share/arm_interfaces/hook/ld_library_path_lib.sh'
[0.614s] Level 1:colcon.colcon_core.environment:checking '/home/CIN/tjgc/Documents/Robotics/install/arm_interfaces/bin'
[0.614s] Level 1:colcon.colcon_core.environment:checking '/home/CIN/tjgc/Documents/Robotics/install/arm_interfaces/lib/pkgconfig/arm_interfaces.pc'
[0.615s] Level 1:colcon.colcon_core.environment:checking '/home/CIN/tjgc/Documents/Robotics/install/arm_interfaces/lib/python3.12/site-packages'
[0.615s] Level 1:colcon.colcon_core.shell:create_environment_hook('arm_interfaces', 'pythonpath')
[0.615s] INFO:colcon.colcon_core.shell:Creating environment hook '/home/CIN/tjgc/Documents/Robotics/install/arm_interfaces/share/arm_interfaces/hook/pythonpath.ps1'
[0.615s] INFO:colcon.colcon_core.shell:Creating environment descriptor '/home/CIN/tjgc/Documents/Robotics/install/arm_interfaces/share/arm_interfaces/hook/pythonpath.dsv'
[0.615s] INFO:colcon.colcon_core.shell:Creating environment hook '/home/CIN/tjgc/Documents/Robotics/install/arm_interfaces/share/arm_interfaces/hook/pythonpath.sh'
[0.616s] Level 1:colcon.colcon_core.environment:checking '/home/CIN/tjgc/Documents/Robotics/install/arm_interfaces/bin'
[0.616s] INFO:colcon.colcon_core.shell:Creating package script '/home/CIN/tjgc/Documents/Robotics/install/arm_interfaces/share/arm_interfaces/package.ps1'
[0.617s] INFO:colcon.colcon_core.shell:Creating package descriptor '/home/CIN/tjgc/Documents/Robotics/install/arm_interfaces/share/arm_interfaces/package.dsv'
[0.617s] INFO:colcon.colcon_core.shell:Creating package script '/home/CIN/tjgc/Documents/Robotics/install/arm_interfaces/share/arm_interfaces/package.sh'
[0.642s] INFO:colcon.colcon_core.shell:Creating package script '/home/CIN/tjgc/Documents/Robotics/install/arm_interfaces/share/arm_interfaces/package.bash'
[0.643s] INFO:colcon.colcon_core.shell:Creating package script '/home/CIN/tjgc/Documents/Robotics/install/arm_interfaces/share/arm_interfaces/package.zsh'
[0.643s] Level 1:colcon.colcon_core.environment:create_file_with_runtime_dependencies(/home/CIN/tjgc/Documents/Robotics/install/arm_interfaces/share/colcon-core/packages/arm_interfaces)
[0.644s] Level 1:colcon.colcon_core.environment:create_environment_scripts_only(arm_interfaces)
[0.644s] Level 1:colcon.colcon_core.environment:checking '/home/CIN/tjgc/Documents/Robotics/install/arm_interfaces' for CMake module files
[0.644s] Level 1:colcon.colcon_core.environment:checking '/home/CIN/tjgc/Documents/Robotics/install/arm_interfaces' for CMake config files
[0.645s] Level 1:colcon.colcon_core.shell:create_environment_hook('arm_interfaces', 'cmake_prefix_path')
[0.645s] INFO:colcon.colcon_core.shell:Creating environment hook '/home/CIN/tjgc/Documents/Robotics/install/arm_interfaces/share/arm_interfaces/hook/cmake_prefix_path.ps1'
[0.645s] INFO:colcon.colcon_core.shell:Creating environment descriptor '/home/CIN/tjgc/Documents/Robotics/install/arm_interfaces/share/arm_interfaces/hook/cmake_prefix_path.dsv'
[0.645s] INFO:colcon.colcon_core.shell:Creating environment hook '/home/CIN/tjgc/Documents/Robotics/install/arm_interfaces/share/arm_interfaces/hook/cmake_prefix_path.sh'
[0.646s] Level 1:colcon.colcon_core.environment:checking '/home/CIN/tjgc/Documents/Robotics/install/arm_interfaces/lib'
[0.646s] Level 1:colcon.colcon_core.shell:create_environment_hook('arm_interfaces', 'ld_library_path_lib')
[0.646s] INFO:colcon.colcon_core.shell:Creating environment hook '/home/CIN/tjgc/Documents/Robotics/install/arm_interfaces/share/arm_interfaces/hook/ld_library_path_lib.ps1'
[0.646s] INFO:colcon.colcon_core.shell:Creating environment descriptor '/home/CIN/tjgc/Documents/Robotics/install/arm_interfaces/share/arm_interfaces/hook/ld_library_path_lib.dsv'
[0.647s] INFO:colcon.colcon_core.shell:Creating environment hook '/home/CIN/tjgc/Documents/Robotics/install/arm_interfaces/share/arm_interfaces/hook/ld_library_path_lib.sh'
[0.647s] Level 1:colcon.colcon_core.environment:checking '/home/CIN/tjgc/Documents/Robotics/install/arm_interfaces/bin'
[0.647s] Level 1:colcon.colcon_core.environment:checking '/home/CIN/tjgc/Documents/Robotics/install/arm_interfaces/lib/pkgconfig/arm_interfaces.pc'
[0.647s] Level 1:colcon.colcon_core.environment:checking '/home/CIN/tjgc/Documents/Robotics/install/arm_interfaces/lib/python3.12/site-packages'
[0.647s] Level 1:colcon.colcon_core.shell:create_environment_hook('arm_interfaces', 'pythonpath')
[0.647s] INFO:colcon.colcon_core.shell:Creating environment hook '/home/CIN/tjgc/Documents/Robotics/install/arm_interfaces/share/arm_interfaces/hook/pythonpath.ps1'
[0.648s] INFO:colcon.colcon_core.shell:Creating environment descriptor '/home/CIN/tjgc/Documents/Robotics/install/arm_interfaces/share/arm_interfaces/hook/pythonpath.dsv'
[0.648s] INFO:colcon.colcon_core.shell:Creating environment hook '/home/CIN/tjgc/Documents/Robotics/install/arm_interfaces/share/arm_interfaces/hook/pythonpath.sh'
[0.648s] Level 1:colcon.colcon_core.environment:checking '/home/CIN/tjgc/Documents/Robotics/install/arm_interfaces/bin'
[0.649s] INFO:colcon.colcon_core.shell:Creating package script '/home/CIN/tjgc/Documents/Robotics/install/arm_interfaces/share/arm_interfaces/package.ps1'
[0.649s] INFO:colcon.colcon_core.shell:Creating package descriptor '/home/CIN/tjgc/Documents/Robotics/install/arm_interfaces/share/arm_interfaces/package.dsv'
[0.649s] INFO:colcon.colcon_core.shell:Creating package script '/home/CIN/tjgc/Documents/Robotics/install/arm_interfaces/share/arm_interfaces/package.sh'
[0.650s] INFO:colcon.colcon_core.shell:Creating package script '/home/CIN/tjgc/Documents/Robotics/install/arm_interfaces/share/arm_interfaces/package.bash'
[0.652s] INFO:colcon.colcon_core.shell:Creating package script '/home/CIN/tjgc/Documents/Robotics/install/arm_interfaces/share/arm_interfaces/package.zsh'
[0.652s] Level 1:colcon.colcon_core.environment:create_file_with_runtime_dependencies(/home/CIN/tjgc/Documents/Robotics/install/arm_interfaces/share/colcon-core/packages/arm_interfaces)
[0.863s] DEBUG:colcon.colcon_core.event_handler.log_command:Invoking command in '/home/CIN/tjgc/Documents/Robotics/ros2_ws/src/grupo_1': DEBUGINFOD_URLS=https://debuginfod.ubuntu.com PYTHONPATH=/home/CIN/tjgc/Documents/Robotics/build/grupo_1/prefix_override:/usr/lib/python3/dist-packages/colcon_core/task/python/colcon_distutils_commands:/home/CIN/tjgc/Documents/Robotics/install/grupo_1/lib/python3.12/site-packages:${PYTHONPATH} /usr/bin/python3 -W ignore:setup.py install is deprecated -W ignore:easy_install command is deprecated setup.py egg_info --egg-base ../../../build/grupo_1 build --build-base /home/CIN/tjgc/Documents/Robotics/build/grupo_1/build install --record /home/CIN/tjgc/Documents/Robotics/build/grupo_1/install.log --single-version-externally-managed install_data
[1.272s] Level 1:colcon.colcon_core.environment:checking '/home/CIN/tjgc/Documents/Robotics/install/grupo_1' for CMake module files
[1.273s] DEBUG:colcon.colcon_core.event_handler.log_command:Invoked command in '/home/CIN/tjgc/Documents/Robotics/ros2_ws/src/grupo_1' returned '0': DEBUGINFOD_URLS=https://debuginfod.ubuntu.com PYTHONPATH=/home/CIN/tjgc/Documents/Robotics/build/grupo_1/prefix_override:/usr/lib/python3/dist-packages/colcon_core/task/python/colcon_distutils_commands:/home/CIN/tjgc/Documents/Robotics/install/grupo_1/lib/python3.12/site-packages:${PYTHONPATH} /usr/bin/python3 -W ignore:setup.py install is deprecated -W ignore:easy_install command is deprecated setup.py egg_info --egg-base ../../../build/grupo_1 build --build-base /home/CIN/tjgc/Documents/Robotics/build/grupo_1/build install --record /home/CIN/tjgc/Documents/Robotics/build/grupo_1/install.log --single-version-externally-managed install_data
[1.273s] Level 1:colcon.colcon_core.environment:checking '/home/CIN/tjgc/Documents/Robotics/install/grupo_1' for CMake config files
[1.273s] Level 1:colcon.colcon_core.environment:checking '/home/CIN/tjgc/Documents/Robotics/install/grupo_1/lib'
[1.273s] Level 1:colcon.colcon_core.environment:checking '/home/CIN/tjgc/Documents/Robotics/install/grupo_1/bin'
[1.273s] Level 1:colcon.colcon_core.environment:checking '/home/CIN/tjgc/Documents/Robotics/install/grupo_1/lib/pkgconfig/grupo_1.pc'
[1.274s] Level 1:colcon.colcon_core.environment:checking '/home/CIN/tjgc/Documents/Robotics/install/grupo_1/lib/python3.12/site-packages'
[1.274s] Level 1:colcon.colcon_core.shell:create_environment_hook('grupo_1', 'pythonpath')
[1.274s] INFO:colcon.colcon_core.shell:Creating environment hook '/home/CIN/tjgc/Documents/Robotics/install/grupo_1/share/grupo_1/hook/pythonpath.ps1'
[1.274s] INFO:colcon.colcon_core.shell:Creating environment descriptor '/home/CIN/tjgc/Documents/Robotics/install/grupo_1/share/grupo_1/hook/pythonpath.dsv'
[1.274s] INFO:colcon.colcon_core.shell:Creating environment hook '/home/CIN/tjgc/Documents/Robotics/install/grupo_1/share/grupo_1/hook/pythonpath.sh'
[1.275s] Level 1:colcon.colcon_core.environment:checking '/home/CIN/tjgc/Documents/Robotics/install/grupo_1/bin'
[1.275s] Level 1:colcon.colcon_core.environment:create_environment_scripts_only(grupo_1)
[1.275s] INFO:colcon.colcon_core.shell:Creating package script '/home/CIN/tjgc/Documents/Robotics/install/grupo_1/share/grupo_1/package.ps1'
[1.275s] INFO:colcon.colcon_core.shell:Creating package descriptor '/home/CIN/tjgc/Documents/Robotics/install/grupo_1/share/grupo_1/package.dsv'
[1.276s] INFO:colcon.colcon_core.shell:Creating package script '/home/CIN/tjgc/Documents/Robotics/install/grupo_1/share/grupo_1/package.sh'
[1.276s] INFO:colcon.colcon_core.shell:Creating package script '/home/CIN/tjgc/Documents/Robotics/install/grupo_1/share/grupo_1/package.bash'
[1.276s] INFO:colcon.colcon_core.shell:Creating package script '/home/CIN/tjgc/Documents/Robotics/install/grupo_1/share/grupo_1/package.zsh'
[1.276s] Level 1:colcon.colcon_core.environment:create_file_with_runtime_dependencies(/home/CIN/tjgc/Documents/Robotics/install/grupo_1/share/colcon-core/packages/grupo_1)
[1.277s] DEBUG:colcon.colcon_parallel_executor.executor.parallel:closing loop
[1.277s] DEBUG:colcon.colcon_parallel_executor.executor.parallel:loop closed
[1.277s] DEBUG:colcon.colcon_parallel_executor.executor.parallel:run_until_complete finished with '0'
[1.277s] DEBUG:colcon.colcon_core.event_reactor:joining thread
[1.282s] INFO:colcon.colcon_core.plugin_system:Skipping extension 'colcon_notification.desktop_notification.terminal_notifier': Not used on non-Darwin systems
[1.301s] INFO:colcon.colcon_core.plugin_system:Skipping extension 'colcon_notification.desktop_notification.win32': Not used on non-Windows systems
[1.301s] INFO:colcon.colcon_notification.desktop_notification:Sending desktop notification using 'notify2'
[1.311s] DEBUG:colcon.colcon_core.event_reactor:joined thread
[1.312s] INFO:colcon.colcon_core.shell:Creating prefix script '/home/CIN/tjgc/Documents/Robotics/install/local_setup.ps1'
[1.312s] INFO:colcon.colcon_core.shell:Creating prefix util module '/home/CIN/tjgc/Documents/Robotics/install/_local_setup_util_ps1.py'
[1.313s] INFO:colcon.colcon_core.shell:Creating prefix chain script '/home/CIN/tjgc/Documents/Robotics/install/setup.ps1'
[1.314s] INFO:colcon.colcon_core.shell:Creating prefix script '/home/CIN/tjgc/Documents/Robotics/install/local_setup.sh'
[1.314s] INFO:colcon.colcon_core.shell:Creating prefix util module '/home/CIN/tjgc/Documents/Robotics/install/_local_setup_util_sh.py'
[1.315s] INFO:colcon.colcon_core.shell:Creating prefix chain script '/home/CIN/tjgc/Documents/Robotics/install/setup.sh'
[1.316s] INFO:colcon.colcon_core.shell:Creating prefix script '/home/CIN/tjgc/Documents/Robotics/install/local_setup.bash'
[1.316s] INFO:colcon.colcon_core.shell:Creating prefix chain script '/home/CIN/tjgc/Documents/Robotics/install/setup.bash'
[1.317s] INFO:colcon.colcon_core.shell:Creating prefix script '/home/CIN/tjgc/Documents/Robotics/install/local_setup.zsh'
[1.317s] INFO:colcon.colcon_core.shell:Creating prefix chain script '/home/CIN/tjgc/Documents/Robotics/install/setup.zsh'
