[0.783s] Invoking command in '/home/CIN/acfml/Robotics/ros2_ws/src/grupo_1': DEBUGINFOD_URLS=https://debuginfod.ubuntu.com PYTHONPATH=/home/CIN/acfml/Robotics/ros2_ws/src/build/grupo_1/prefix_override:/usr/lib/python3/dist-packages/colcon_core/task/python/colcon_distutils_commands:/home/CIN/acfml/Robotics/ros2_ws/src/install/grupo_1/lib/python3.12/site-packages:${PYTHONPATH} /usr/bin/python3 -W ignore:setup.py install is deprecated -W ignore:easy_install command is deprecated setup.py egg_info --egg-base ../build/grupo_1 build --build-base /home/CIN/acfml/Robotics/ros2_ws/src/build/grupo_1/build install --record /home/CIN/acfml/Robotics/ros2_ws/src/build/grupo_1/install.log --single-version-externally-managed install_data
[1.042s] running egg_info
[1.042s] creating ../build/grupo_1/grupo_1.egg-info
[1.062s] writing ../build/grupo_1/grupo_1.egg-info/PKG-INFO
[1.062s] writing dependency_links to ../build/grupo_1/grupo_1.egg-info/dependency_links.txt
[1.063s] writing entry points to ../build/grupo_1/grupo_1.egg-info/entry_points.txt
[1.063s] writing requirements to ../build/grupo_1/grupo_1.egg-info/requires.txt
[1.063s] writing top-level names to ../build/grupo_1/grupo_1.egg-info/top_level.txt
[1.063s] writing manifest file '../build/grupo_1/grupo_1.egg-info/SOURCES.txt'
[1.102s] reading manifest file '../build/grupo_1/grupo_1.egg-info/SOURCES.txt'
[1.102s] adding license file 'LICENSE'
[1.102s] writing manifest file '../build/grupo_1/grupo_1.egg-info/SOURCES.txt'
[1.102s] running build
[1.103s] running build_py
[1.103s] creating /home/CIN/acfml/Robotics/ros2_ws/src/build/grupo_1/build
[1.103s] creating /home/CIN/acfml/Robotics/ros2_ws/src/build/grupo_1/build/lib
[1.103s] creating /home/CIN/acfml/Robotics/ros2_ws/src/build/grupo_1/build/lib/grupo_1
[1.103s] copying grupo_1/__init__.py -> /home/CIN/acfml/Robotics/ros2_ws/src/build/grupo_1/build/lib/grupo_1
[1.103s] copying grupo_1/teste.py -> /home/CIN/acfml/Robotics/ros2_ws/src/build/grupo_1/build/lib/grupo_1
[1.103s] copying grupo_1/client.py -> /home/CIN/acfml/Robotics/ros2_ws/src/build/grupo_1/build/lib/grupo_1
[1.103s] copying grupo_1/robot.py -> /home/CIN/acfml/Robotics/ros2_ws/src/build/grupo_1/build/lib/grupo_1
[1.103s] running install
[1.108s] running install_lib
[1.129s] creating /home/CIN/acfml/Robotics/ros2_ws/src/install/grupo_1/lib/python3.12/site-packages/grupo_1
[1.129s] copying /home/CIN/acfml/Robotics/ros2_ws/src/build/grupo_1/build/lib/grupo_1/__init__.py -> /home/CIN/acfml/Robotics/ros2_ws/src/install/grupo_1/lib/python3.12/site-packages/grupo_1
[1.129s] copying /home/CIN/acfml/Robotics/ros2_ws/src/build/grupo_1/build/lib/grupo_1/teste.py -> /home/CIN/acfml/Robotics/ros2_ws/src/install/grupo_1/lib/python3.12/site-packages/grupo_1
[1.129s] copying /home/CIN/acfml/Robotics/ros2_ws/src/build/grupo_1/build/lib/grupo_1/client.py -> /home/CIN/acfml/Robotics/ros2_ws/src/install/grupo_1/lib/python3.12/site-packages/grupo_1
[1.129s] copying /home/CIN/acfml/Robotics/ros2_ws/src/build/grupo_1/build/lib/grupo_1/robot.py -> /home/CIN/acfml/Robotics/ros2_ws/src/install/grupo_1/lib/python3.12/site-packages/grupo_1
[1.129s] byte-compiling /home/CIN/acfml/Robotics/ros2_ws/src/install/grupo_1/lib/python3.12/site-packages/grupo_1/__init__.py to __init__.cpython-312.pyc
[1.130s] byte-compiling /home/CIN/acfml/Robotics/ros2_ws/src/install/grupo_1/lib/python3.12/site-packages/grupo_1/teste.py to teste.cpython-312.pyc
[1.130s] byte-compiling /home/CIN/acfml/Robotics/ros2_ws/src/install/grupo_1/lib/python3.12/site-packages/grupo_1/client.py to client.cpython-312.pyc
[1.132s] byte-compiling /home/CIN/acfml/Robotics/ros2_ws/src/install/grupo_1/lib/python3.12/site-packages/grupo_1/robot.py to robot.cpython-312.pyc
[1.134s] running install_data
[1.134s] creating /home/CIN/acfml/Robotics/ros2_ws/src/install/grupo_1/share/ament_index
[1.134s] creating /home/CIN/acfml/Robotics/ros2_ws/src/install/grupo_1/share/ament_index/resource_index
[1.134s] creating /home/CIN/acfml/Robotics/ros2_ws/src/install/grupo_1/share/ament_index/resource_index/packages
[1.134s] error: can't copy 'resource/grupo_1': doesn't exist or not a regular file
[1.152s] Invoked command in '/home/CIN/acfml/Robotics/ros2_ws/src/grupo_1' returned '1': DEBUGINFOD_URLS=https://debuginfod.ubuntu.com PYTHONPATH=/home/CIN/acfml/Robotics/ros2_ws/src/build/grupo_1/prefix_override:/usr/lib/python3/dist-packages/colcon_core/task/python/colcon_distutils_commands:/home/CIN/acfml/Robotics/ros2_ws/src/install/grupo_1/lib/python3.12/site-packages:${PYTHONPATH} /usr/bin/python3 -W ignore:setup.py install is deprecated -W ignore:easy_install command is deprecated setup.py egg_info --egg-base ../build/grupo_1 build --build-base /home/CIN/acfml/Robotics/ros2_ws/src/build/grupo_1/build install --record /home/CIN/acfml/Robotics/ros2_ws/src/build/grupo_1/install.log --single-version-externally-managed install_data
