[0.850s] Invoking command in '/home/CIN/acfml/ros2_ws/src/py_srvcli': DEBUGINFOD_URLS=https://debuginfod.ubuntu.com PYTHONPATH=/home/CIN/acfml/ros2_ws/src/build/py_srvcli/prefix_override:/usr/lib/python3/dist-packages/colcon_core/task/python/colcon_distutils_commands:/home/CIN/acfml/ros2_ws/src/install/py_srvcli/lib/python3.12/site-packages:${PYTHONPATH} /usr/bin/python3 -W ignore:setup.py install is deprecated -W ignore:easy_install command is deprecated setup.py egg_info --egg-base ../build/py_srvcli build --build-base /home/CIN/acfml/ros2_ws/src/build/py_srvcli/build install --record /home/CIN/acfml/ros2_ws/src/build/py_srvcli/install.log --single-version-externally-managed install_data
[1.079s] running egg_info
[1.079s] creating ../build/py_srvcli/py_srvcli.egg-info
[1.098s] writing ../build/py_srvcli/py_srvcli.egg-info/PKG-INFO
[1.098s] writing dependency_links to ../build/py_srvcli/py_srvcli.egg-info/dependency_links.txt
[1.098s] writing entry points to ../build/py_srvcli/py_srvcli.egg-info/entry_points.txt
[1.098s] writing requirements to ../build/py_srvcli/py_srvcli.egg-info/requires.txt
[1.098s] writing top-level names to ../build/py_srvcli/py_srvcli.egg-info/top_level.txt
[1.098s] writing manifest file '../build/py_srvcli/py_srvcli.egg-info/SOURCES.txt'
[1.136s] reading manifest file '../build/py_srvcli/py_srvcli.egg-info/SOURCES.txt'
[1.137s] adding license file 'LICENSE'
[1.137s] writing manifest file '../build/py_srvcli/py_srvcli.egg-info/SOURCES.txt'
[1.137s] running build
[1.137s] running build_py
[1.137s] creating /home/CIN/acfml/ros2_ws/src/build/py_srvcli/build
[1.137s] creating /home/CIN/acfml/ros2_ws/src/build/py_srvcli/build/lib
[1.138s] creating /home/CIN/acfml/ros2_ws/src/build/py_srvcli/build/lib/py_srvcli
[1.138s] copying py_srvcli/__init__.py -> /home/CIN/acfml/ros2_ws/src/build/py_srvcli/build/lib/py_srvcli
[1.138s] copying py_srvcli/client_member_function.py -> /home/CIN/acfml/ros2_ws/src/build/py_srvcli/build/lib/py_srvcli
[1.138s] copying py_srvcli/service_member_function.py -> /home/CIN/acfml/ros2_ws/src/build/py_srvcli/build/lib/py_srvcli
[1.138s] running install
[1.142s] running install_lib
[1.162s] creating /home/CIN/acfml/ros2_ws/src/install/py_srvcli/lib/python3.12/site-packages/py_srvcli
[1.162s] copying /home/CIN/acfml/ros2_ws/src/build/py_srvcli/build/lib/py_srvcli/__init__.py -> /home/CIN/acfml/ros2_ws/src/install/py_srvcli/lib/python3.12/site-packages/py_srvcli
[1.162s] copying /home/CIN/acfml/ros2_ws/src/build/py_srvcli/build/lib/py_srvcli/client_member_function.py -> /home/CIN/acfml/ros2_ws/src/install/py_srvcli/lib/python3.12/site-packages/py_srvcli
[1.162s] copying /home/CIN/acfml/ros2_ws/src/build/py_srvcli/build/lib/py_srvcli/service_member_function.py -> /home/CIN/acfml/ros2_ws/src/install/py_srvcli/lib/python3.12/site-packages/py_srvcli
[1.162s] byte-compiling /home/CIN/acfml/ros2_ws/src/install/py_srvcli/lib/python3.12/site-packages/py_srvcli/__init__.py to __init__.cpython-312.pyc
[1.162s] byte-compiling /home/CIN/acfml/ros2_ws/src/install/py_srvcli/lib/python3.12/site-packages/py_srvcli/client_member_function.py to client_member_function.cpython-312.pyc
[1.163s] byte-compiling /home/CIN/acfml/ros2_ws/src/install/py_srvcli/lib/python3.12/site-packages/py_srvcli/service_member_function.py to service_member_function.cpython-312.pyc
[1.163s] running install_data
[1.163s] creating /home/CIN/acfml/ros2_ws/src/install/py_srvcli/share/ament_index
[1.163s] creating /home/CIN/acfml/ros2_ws/src/install/py_srvcli/share/ament_index/resource_index
[1.163s] creating /home/CIN/acfml/ros2_ws/src/install/py_srvcli/share/ament_index/resource_index/packages
[1.163s] copying resource/py_srvcli -> /home/CIN/acfml/ros2_ws/src/install/py_srvcli/share/ament_index/resource_index/packages
[1.163s] copying package.xml -> /home/CIN/acfml/ros2_ws/src/install/py_srvcli/share/py_srvcli
[1.163s] running install_egg_info
[1.184s] Copying ../build/py_srvcli/py_srvcli.egg-info to /home/CIN/acfml/ros2_ws/src/install/py_srvcli/lib/python3.12/site-packages/py_srvcli-0.0.0-py3.12.egg-info
[1.184s] running install_scripts
[1.312s] Installing service script to /home/CIN/acfml/ros2_ws/src/install/py_srvcli/lib/py_srvcli
[1.313s] writing list of installed files to '/home/CIN/acfml/ros2_ws/src/build/py_srvcli/install.log'
[1.331s] Invoked command in '/home/CIN/acfml/ros2_ws/src/py_srvcli' returned '0': DEBUGINFOD_URLS=https://debuginfod.ubuntu.com PYTHONPATH=/home/CIN/acfml/ros2_ws/src/build/py_srvcli/prefix_override:/usr/lib/python3/dist-packages/colcon_core/task/python/colcon_distutils_commands:/home/CIN/acfml/ros2_ws/src/install/py_srvcli/lib/python3.12/site-packages:${PYTHONPATH} /usr/bin/python3 -W ignore:setup.py install is deprecated -W ignore:easy_install command is deprecated setup.py egg_info --egg-base ../build/py_srvcli build --build-base /home/CIN/acfml/ros2_ws/src/build/py_srvcli/build install --record /home/CIN/acfml/ros2_ws/src/build/py_srvcli/install.log --single-version-externally-managed install_data
