[0.085s] DEBUG:colcon:Command line arguments: ['/usr/bin/colcon', 'build', '--packages-select', 'projeto_braco']
[0.085s] DEBUG:colcon:Parsed command line arguments: Namespace(log_base=None, log_level=None, verb_name='build', build_base='build', install_base='install', merge_install=False, symlink_install=False, test_result_base=None, continue_on_error=False, executor='parallel', parallel_workers=16, event_handlers=None, ignore_user_meta=False, metas=['./colcon.meta'], base_paths=['.'], packages_ignore=None, packages_ignore_regex=None, paths=None, packages_up_to=None, packages_up_to_regex=None, packages_above=None, packages_above_and_dependencies=None, packages_above_depth=None, packages_select_by_dep=None, packages_skip_by_dep=None, packages_skip_up_to=None, packages_select_build_failed=False, packages_skip_build_finished=False, packages_select_test_failures=False, packages_skip_test_passed=False, packages_select=['projeto_braco'], packages_skip=None, packages_select_regex=None, packages_skip_regex=None, packages_start=None, packages_end=None, allow_overriding=[], cmake_args=None, cmake_target=None, cmake_target_skip_unavailable=False, cmake_clean_cache=False, cmake_clean_first=False, cmake_force_configure=False, ament_cmake_args=None, catkin_cmake_args=None, catkin_skip_building_tests=False, verb_parser=<colcon_defaults.argument_parser.defaults.DefaultArgumentsDecorator object at 0x7f308e986b70>, verb_extension=<colcon_core.verb.build.BuildVerb object at 0x7f308eaa3650>, main=<bound method BuildVerb.main of <colcon_core.verb.build.BuildVerb object at 0x7f308eaa3650>>)
[0.116s] Level 1:colcon.colcon_core.package_discovery:discover_packages(colcon_meta) check parameters
[0.116s] Level 1:colcon.colcon_core.package_discovery:discover_packages(recursive) check parameters
[0.116s] Level 1:colcon.colcon_core.package_discovery:discover_packages(ignore) check parameters
[0.116s] Level 1:colcon.colcon_core.package_discovery:discover_packages(path) check parameters
[0.116s] Level 1:colcon.colcon_core.package_discovery:discover_packages(colcon_meta) discover
[0.116s] Level 1:colcon.colcon_core.package_discovery:discover_packages(recursive) discover
[0.116s] INFO:colcon.colcon_core.package_discovery:Crawling recursively for packages in '/home/CIN/acfml/ros2_ws'
[0.116s] Level 1:colcon.colcon_core.package_identification:_identify(.) by extensions ['ignore', 'ignore_ament_install']
[0.116s] Level 1:colcon.colcon_core.package_identification:_identify(.) by extension 'ignore'
[0.116s] Level 1:colcon.colcon_core.package_identification:_identify(.) by extension 'ignore_ament_install'
[0.116s] Level 1:colcon.colcon_core.package_identification:_identify(.) by extensions ['colcon_pkg']
[0.116s] Level 1:colcon.colcon_core.package_identification:_identify(.) by extension 'colcon_pkg'
[0.116s] Level 1:colcon.colcon_core.package_identification:_identify(.) by extensions ['colcon_meta']
[0.116s] Level 1:colcon.colcon_core.package_identification:_identify(.) by extension 'colcon_meta'
[0.116s] Level 1:colcon.colcon_core.package_identification:_identify(.) by extensions ['ros']
[0.117s] Level 1:colcon.colcon_core.package_identification:_identify(.) by extension 'ros'
[0.135s] Level 1:colcon.colcon_core.package_identification:_identify(.) by extensions ['cmake', 'python']
[0.135s] Level 1:colcon.colcon_core.package_identification:_identify(.) by extension 'cmake'
[0.135s] Level 1:colcon.colcon_core.package_identification:_identify(.) by extension 'python'
[0.135s] Level 1:colcon.colcon_core.package_identification:_identify(.) by extensions ['python_setup_py']
[0.135s] Level 1:colcon.colcon_core.package_identification:_identify(.) by extension 'python_setup_py'
[0.135s] Level 1:colcon.colcon_core.package_identification:_identify(build) by extensions ['ignore', 'ignore_ament_install']
[0.135s] Level 1:colcon.colcon_core.package_identification:_identify(build) by extension 'ignore'
[0.135s] Level 1:colcon.colcon_core.package_identification:_identify(build) ignored
[0.135s] Level 1:colcon.colcon_core.package_identification:_identify(install) by extensions ['ignore', 'ignore_ament_install']
[0.135s] Level 1:colcon.colcon_core.package_identification:_identify(install) by extension 'ignore'
[0.135s] Level 1:colcon.colcon_core.package_identification:_identify(install) ignored
[0.136s] Level 1:colcon.colcon_core.package_identification:_identify(log) by extensions ['ignore', 'ignore_ament_install']
[0.136s] Level 1:colcon.colcon_core.package_identification:_identify(log) by extension 'ignore'
[0.136s] Level 1:colcon.colcon_core.package_identification:_identify(log) ignored
[0.136s] Level 1:colcon.colcon_core.package_identification:_identify(projeto_braco) by extensions ['ignore', 'ignore_ament_install']
[0.136s] Level 1:colcon.colcon_core.package_identification:_identify(projeto_braco) by extension 'ignore'
[0.136s] Level 1:colcon.colcon_core.package_identification:_identify(projeto_braco) by extension 'ignore_ament_install'
[0.136s] Level 1:colcon.colcon_core.package_identification:_identify(projeto_braco) by extensions ['colcon_pkg']
[0.136s] Level 1:colcon.colcon_core.package_identification:_identify(projeto_braco) by extension 'colcon_pkg'
[0.136s] Level 1:colcon.colcon_core.package_identification:_identify(projeto_braco) by extensions ['colcon_meta']
[0.136s] Level 1:colcon.colcon_core.package_identification:_identify(projeto_braco) by extension 'colcon_meta'
[0.136s] Level 1:colcon.colcon_core.package_identification:_identify(projeto_braco) by extensions ['ros']
[0.136s] Level 1:colcon.colcon_core.package_identification:_identify(projeto_braco) by extension 'ros'
[0.138s] DEBUG:colcon.colcon_core.package_identification:Package 'projeto_braco' with type 'ros.ament_cmake' and name 'projeto_braco'
[0.138s] Level 1:colcon.colcon_core.package_identification:_identify(src) by extensions ['ignore', 'ignore_ament_install']
[0.138s] Level 1:colcon.colcon_core.package_identification:_identify(src) by extension 'ignore'
[0.138s] Level 1:colcon.colcon_core.package_identification:_identify(src) by extension 'ignore_ament_install'
[0.138s] Level 1:colcon.colcon_core.package_identification:_identify(src) by extensions ['colcon_pkg']
[0.138s] Level 1:colcon.colcon_core.package_identification:_identify(src) by extension 'colcon_pkg'
[0.138s] Level 1:colcon.colcon_core.package_identification:_identify(src) by extensions ['colcon_meta']
[0.138s] Level 1:colcon.colcon_core.package_identification:_identify(src) by extension 'colcon_meta'
[0.138s] Level 1:colcon.colcon_core.package_identification:_identify(src) by extensions ['ros']
[0.138s] Level 1:colcon.colcon_core.package_identification:_identify(src) by extension 'ros'
[0.138s] Level 1:colcon.colcon_core.package_identification:_identify(src) by extensions ['cmake', 'python']
[0.138s] Level 1:colcon.colcon_core.package_identification:_identify(src) by extension 'cmake'
[0.138s] Level 1:colcon.colcon_core.package_identification:_identify(src) by extension 'python'
[0.138s] Level 1:colcon.colcon_core.package_identification:_identify(src) by extensions ['python_setup_py']
[0.138s] Level 1:colcon.colcon_core.package_identification:_identify(src) by extension 'python_setup_py'
[0.138s] Level 1:colcon.colcon_core.package_identification:_identify(src/build) by extensions ['ignore', 'ignore_ament_install']
[0.138s] Level 1:colcon.colcon_core.package_identification:_identify(src/build) by extension 'ignore'
[0.138s] Level 1:colcon.colcon_core.package_identification:_identify(src/build) ignored
[0.139s] Level 1:colcon.colcon_core.package_identification:_identify(src/install) by extensions ['ignore', 'ignore_ament_install']
[0.139s] Level 1:colcon.colcon_core.package_identification:_identify(src/install) by extension 'ignore'
[0.139s] Level 1:colcon.colcon_core.package_identification:_identify(src/install) ignored
[0.139s] Level 1:colcon.colcon_core.package_identification:_identify(src/log) by extensions ['ignore', 'ignore_ament_install']
[0.139s] Level 1:colcon.colcon_core.package_identification:_identify(src/log) by extension 'ignore'
[0.139s] Level 1:colcon.colcon_core.package_identification:_identify(src/log) ignored
[0.139s] Level 1:colcon.colcon_core.package_identification:_identify(src/py_pubsub) by extensions ['ignore', 'ignore_ament_install']
[0.139s] Level 1:colcon.colcon_core.package_identification:_identify(src/py_pubsub) by extension 'ignore'
[0.139s] Level 1:colcon.colcon_core.package_identification:_identify(src/py_pubsub) by extension 'ignore_ament_install'
[0.139s] Level 1:colcon.colcon_core.package_identification:_identify(src/py_pubsub) by extensions ['colcon_pkg']
[0.139s] Level 1:colcon.colcon_core.package_identification:_identify(src/py_pubsub) by extension 'colcon_pkg'
[0.139s] Level 1:colcon.colcon_core.package_identification:_identify(src/py_pubsub) by extensions ['colcon_meta']
[0.139s] Level 1:colcon.colcon_core.package_identification:_identify(src/py_pubsub) by extension 'colcon_meta'
[0.139s] Level 1:colcon.colcon_core.package_identification:_identify(src/py_pubsub) by extensions ['ros']
[0.139s] Level 1:colcon.colcon_core.package_identification:_identify(src/py_pubsub) by extension 'ros'
[0.140s] DEBUG:colcon.colcon_core.package_identification:Package 'src/py_pubsub' with type 'ros.ament_python' and name 'py_pubsub'
[0.140s] Level 1:colcon.colcon_core.package_identification:_identify(src/py_srvcli) by extensions ['ignore', 'ignore_ament_install']
[0.140s] Level 1:colcon.colcon_core.package_identification:_identify(src/py_srvcli) by extension 'ignore'
[0.140s] Level 1:colcon.colcon_core.package_identification:_identify(src/py_srvcli) by extension 'ignore_ament_install'
[0.140s] Level 1:colcon.colcon_core.package_identification:_identify(src/py_srvcli) by extensions ['colcon_pkg']
[0.140s] Level 1:colcon.colcon_core.package_identification:_identify(src/py_srvcli) by extension 'colcon_pkg'
[0.140s] Level 1:colcon.colcon_core.package_identification:_identify(src/py_srvcli) by extensions ['colcon_meta']
[0.140s] Level 1:colcon.colcon_core.package_identification:_identify(src/py_srvcli) by extension 'colcon_meta'
[0.140s] Level 1:colcon.colcon_core.package_identification:_identify(src/py_srvcli) by extensions ['ros']
[0.140s] Level 1:colcon.colcon_core.package_identification:_identify(src/py_srvcli) by extension 'ros'
[0.140s] DEBUG:colcon.colcon_core.package_identification:Package 'src/py_srvcli' with type 'ros.ament_python' and name 'py_srvcli'
[0.141s] Level 1:colcon.colcon_core.package_identification:_identify(src/tutorial_interfaces) by extensions ['ignore', 'ignore_ament_install']
[0.141s] Level 1:colcon.colcon_core.package_identification:_identify(src/tutorial_interfaces) by extension 'ignore'
[0.141s] Level 1:colcon.colcon_core.package_identification:_identify(src/tutorial_interfaces) by extension 'ignore_ament_install'
[0.141s] Level 1:colcon.colcon_core.package_identification:_identify(src/tutorial_interfaces) by extensions ['colcon_pkg']
[0.141s] Level 1:colcon.colcon_core.package_identification:_identify(src/tutorial_interfaces) by extension 'colcon_pkg'
[0.141s] Level 1:colcon.colcon_core.package_identification:_identify(src/tutorial_interfaces) by extensions ['colcon_meta']
[0.141s] Level 1:colcon.colcon_core.package_identification:_identify(src/tutorial_interfaces) by extension 'colcon_meta'
[0.141s] Level 1:colcon.colcon_core.package_identification:_identify(src/tutorial_interfaces) by extensions ['ros']
[0.141s] Level 1:colcon.colcon_core.package_identification:_identify(src/tutorial_interfaces) by extension 'ros'
[0.141s] DEBUG:colcon.colcon_core.package_identification:Package 'src/tutorial_interfaces' with type 'ros.ament_cmake' and name 'tutorial_interfaces'
[0.141s] Level 1:colcon.colcon_core.package_discovery:discover_packages(recursive) using defaults
[0.141s] Level 1:colcon.colcon_core.package_discovery:discover_packages(ignore) discover
[0.141s] Level 1:colcon.colcon_core.package_discovery:discover_packages(ignore) using defaults
[0.141s] Level 1:colcon.colcon_core.package_discovery:discover_packages(path) discover
[0.141s] Level 1:colcon.colcon_core.package_discovery:discover_packages(path) using defaults
[0.154s] INFO:colcon.colcon_core.package_selection:Skipping not selected package 'py_pubsub' in 'src/py_pubsub'
[0.154s] INFO:colcon.colcon_core.package_selection:Skipping not selected package 'py_srvcli' in 'src/py_srvcli'
[0.154s] INFO:colcon.colcon_core.package_selection:Skipping not selected package 'tutorial_interfaces' in 'src/tutorial_interfaces'
[0.154s] Level 1:colcon.colcon_core.package_discovery:discover_packages(prefix_path) check parameters
[0.154s] Level 1:colcon.colcon_core.package_discovery:discover_packages(prefix_path) discover
[0.156s] DEBUG:colcon.colcon_installed_package_information.package_discovery:Found 0 installed packages in /home/CIN/acfml/ros2_project/src/install
[0.156s] DEBUG:colcon.colcon_installed_package_information.package_discovery:Found 2 installed packages in /home/CIN/acfml/ros2_ws/install
[0.157s] DEBUG:colcon.colcon_installed_package_information.package_discovery:Found 285 installed packages in /opt/ros/jazzy
[0.158s] Level 1:colcon.colcon_core.package_discovery:discover_packages(prefix_path) using defaults
[0.189s] Level 5:colcon.colcon_core.verb:set package 'projeto_braco' build argument 'cmake_args' from command line to 'None'
[0.189s] Level 5:colcon.colcon_core.verb:set package 'projeto_braco' build argument 'cmake_target' from command line to 'None'
[0.189s] Level 5:colcon.colcon_core.verb:set package 'projeto_braco' build argument 'cmake_target_skip_unavailable' from command line to 'False'
[0.189s] Level 5:colcon.colcon_core.verb:set package 'projeto_braco' build argument 'cmake_clean_cache' from command line to 'False'
[0.189s] Level 5:colcon.colcon_core.verb:set package 'projeto_braco' build argument 'cmake_clean_first' from command line to 'False'
[0.190s] Level 5:colcon.colcon_core.verb:set package 'projeto_braco' build argument 'cmake_force_configure' from command line to 'False'
[0.190s] Level 5:colcon.colcon_core.verb:set package 'projeto_braco' build argument 'ament_cmake_args' from command line to 'None'
[0.190s] Level 5:colcon.colcon_core.verb:set package 'projeto_braco' build argument 'catkin_cmake_args' from command line to 'None'
[0.190s] Level 5:colcon.colcon_core.verb:set package 'projeto_braco' build argument 'catkin_skip_building_tests' from command line to 'False'
[0.190s] DEBUG:colcon.colcon_core.verb:Building package 'projeto_braco' with the following arguments: {'ament_cmake_args': None, 'build_base': '/home/CIN/acfml/ros2_ws/build/projeto_braco', 'catkin_cmake_args': None, 'catkin_skip_building_tests': False, 'cmake_args': None, 'cmake_clean_cache': False, 'cmake_clean_first': False, 'cmake_force_configure': False, 'cmake_target': None, 'cmake_target_skip_unavailable': False, 'install_base': '/home/CIN/acfml/ros2_ws/install/projeto_braco', 'merge_install': False, 'path': '/home/CIN/acfml/ros2_ws/projeto_braco', 'symlink_install': False, 'test_result_base': None}
[0.190s] INFO:colcon.colcon_core.executor:Executing jobs using 'parallel' executor
[0.191s] DEBUG:colcon.colcon_parallel_executor.executor.parallel:run_until_complete
[0.191s] INFO:colcon.colcon_ros.task.ament_cmake.build:Building ROS package in '/home/CIN/acfml/ros2_ws/projeto_braco' with build type 'ament_cmake'
[0.191s] INFO:colcon.colcon_cmake.task.cmake.build:Building CMake package in '/home/CIN/acfml/ros2_ws/projeto_braco'
[0.193s] INFO:colcon.colcon_core.plugin_system:Skipping extension 'colcon_core.shell.bat': Not used on non-Windows systems
[0.193s] INFO:colcon.colcon_core.shell:Skip shell extension 'powershell' for command environment: Not usable outside of PowerShell
[0.193s] DEBUG:colcon.colcon_core.shell:Skip shell extension 'dsv' for command environment
[0.201s] DEBUG:colcon.colcon_core.event_handler.log_command:Invoking command in '/home/CIN/acfml/ros2_ws/build/projeto_braco': CMAKE_PREFIX_PATH=${CMAKE_PREFIX_PATH}:/home/CIN/acfml/ros2_ws/install/py_pubsub:/opt/ros/jazzy DEBUGINFOD_URLS=https://debuginfod.ubuntu.com /usr/bin/cmake --build /home/CIN/acfml/ros2_ws/build/projeto_braco -- -j16 -l16
[0.235s] DEBUG:colcon.colcon_core.event_handler.log_command:Invoked command in '/home/CIN/acfml/ros2_ws/build/projeto_braco' returned '0': CMAKE_PREFIX_PATH=${CMAKE_PREFIX_PATH}:/home/CIN/acfml/ros2_ws/install/py_pubsub:/opt/ros/jazzy DEBUGINFOD_URLS=https://debuginfod.ubuntu.com /usr/bin/cmake --build /home/CIN/acfml/ros2_ws/build/projeto_braco -- -j16 -l16
[0.243s] DEBUG:colcon.colcon_core.event_handler.log_command:Invoking command in '/home/CIN/acfml/ros2_ws/build/projeto_braco': CMAKE_PREFIX_PATH=${CMAKE_PREFIX_PATH}:/home/CIN/acfml/ros2_ws/install/py_pubsub:/opt/ros/jazzy DEBUGINFOD_URLS=https://debuginfod.ubuntu.com /usr/bin/cmake --install /home/CIN/acfml/ros2_ws/build/projeto_braco
[0.252s] Level 1:colcon.colcon_core.environment:create_environment_scripts_only(projeto_braco)
[0.253s] DEBUG:colcon.colcon_core.event_handler.log_command:Invoked command in '/home/CIN/acfml/ros2_ws/build/projeto_braco' returned '0': CMAKE_PREFIX_PATH=${CMAKE_PREFIX_PATH}:/home/CIN/acfml/ros2_ws/install/py_pubsub:/opt/ros/jazzy DEBUGINFOD_URLS=https://debuginfod.ubuntu.com /usr/bin/cmake --install /home/CIN/acfml/ros2_ws/build/projeto_braco
[0.254s] Level 1:colcon.colcon_core.environment:checking '/home/CIN/acfml/ros2_ws/install/projeto_braco' for CMake module files
[0.255s] Level 1:colcon.colcon_core.environment:checking '/home/CIN/acfml/ros2_ws/install/projeto_braco' for CMake config files
[0.255s] Level 1:colcon.colcon_core.shell:create_environment_hook('projeto_braco', 'cmake_prefix_path')
[0.255s] INFO:colcon.colcon_core.shell:Creating environment hook '/home/CIN/acfml/ros2_ws/install/projeto_braco/share/projeto_braco/hook/cmake_prefix_path.ps1'
[0.255s] INFO:colcon.colcon_core.shell:Creating environment descriptor '/home/CIN/acfml/ros2_ws/install/projeto_braco/share/projeto_braco/hook/cmake_prefix_path.dsv'
[0.256s] INFO:colcon.colcon_core.shell:Creating environment hook '/home/CIN/acfml/ros2_ws/install/projeto_braco/share/projeto_braco/hook/cmake_prefix_path.sh'
[0.256s] Level 1:colcon.colcon_core.environment:checking '/home/CIN/acfml/ros2_ws/install/projeto_braco/bin'
[0.256s] Level 1:colcon.colcon_core.environment:checking '/home/CIN/acfml/ros2_ws/install/projeto_braco/lib/pkgconfig/projeto_braco.pc'
[0.256s] Level 1:colcon.colcon_core.environment:checking '/home/CIN/acfml/ros2_ws/install/projeto_braco/lib/python3.12/site-packages'
[0.257s] Level 1:colcon.colcon_core.environment:checking '/home/CIN/acfml/ros2_ws/install/projeto_braco/bin'
[0.257s] INFO:colcon.colcon_core.shell:Creating package script '/home/CIN/acfml/ros2_ws/install/projeto_braco/share/projeto_braco/package.ps1'
[0.257s] INFO:colcon.colcon_core.shell:Creating package descriptor '/home/CIN/acfml/ros2_ws/install/projeto_braco/share/projeto_braco/package.dsv'
[0.257s] INFO:colcon.colcon_core.shell:Creating package script '/home/CIN/acfml/ros2_ws/install/projeto_braco/share/projeto_braco/package.sh'
[0.258s] INFO:colcon.colcon_core.shell:Creating package script '/home/CIN/acfml/ros2_ws/install/projeto_braco/share/projeto_braco/package.bash'
[0.258s] INFO:colcon.colcon_core.shell:Creating package script '/home/CIN/acfml/ros2_ws/install/projeto_braco/share/projeto_braco/package.zsh'
[0.259s] Level 1:colcon.colcon_core.environment:create_file_with_runtime_dependencies(/home/CIN/acfml/ros2_ws/install/projeto_braco/share/colcon-core/packages/projeto_braco)
[0.259s] Level 1:colcon.colcon_core.environment:create_environment_scripts_only(projeto_braco)
[0.259s] Level 1:colcon.colcon_core.environment:checking '/home/CIN/acfml/ros2_ws/install/projeto_braco' for CMake module files
[0.259s] Level 1:colcon.colcon_core.environment:checking '/home/CIN/acfml/ros2_ws/install/projeto_braco' for CMake config files
[0.260s] Level 1:colcon.colcon_core.shell:create_environment_hook('projeto_braco', 'cmake_prefix_path')
[0.260s] INFO:colcon.colcon_core.shell:Creating environment hook '/home/CIN/acfml/ros2_ws/install/projeto_braco/share/projeto_braco/hook/cmake_prefix_path.ps1'
[0.260s] INFO:colcon.colcon_core.shell:Creating environment descriptor '/home/CIN/acfml/ros2_ws/install/projeto_braco/share/projeto_braco/hook/cmake_prefix_path.dsv'
[0.260s] INFO:colcon.colcon_core.shell:Creating environment hook '/home/CIN/acfml/ros2_ws/install/projeto_braco/share/projeto_braco/hook/cmake_prefix_path.sh'
[0.261s] Level 1:colcon.colcon_core.environment:checking '/home/CIN/acfml/ros2_ws/install/projeto_braco/bin'
[0.261s] Level 1:colcon.colcon_core.environment:checking '/home/CIN/acfml/ros2_ws/install/projeto_braco/lib/pkgconfig/projeto_braco.pc'
[0.261s] Level 1:colcon.colcon_core.environment:checking '/home/CIN/acfml/ros2_ws/install/projeto_braco/lib/python3.12/site-packages'
[0.261s] Level 1:colcon.colcon_core.environment:checking '/home/CIN/acfml/ros2_ws/install/projeto_braco/bin'
[0.261s] INFO:colcon.colcon_core.shell:Creating package script '/home/CIN/acfml/ros2_ws/install/projeto_braco/share/projeto_braco/package.ps1'
[0.261s] INFO:colcon.colcon_core.shell:Creating package descriptor '/home/CIN/acfml/ros2_ws/install/projeto_braco/share/projeto_braco/package.dsv'
[0.277s] INFO:colcon.colcon_core.shell:Creating package script '/home/CIN/acfml/ros2_ws/install/projeto_braco/share/projeto_braco/package.sh'
[0.277s] INFO:colcon.colcon_core.shell:Creating package script '/home/CIN/acfml/ros2_ws/install/projeto_braco/share/projeto_braco/package.bash'
[0.278s] INFO:colcon.colcon_core.shell:Creating package script '/home/CIN/acfml/ros2_ws/install/projeto_braco/share/projeto_braco/package.zsh'
[0.278s] Level 1:colcon.colcon_core.environment:create_file_with_runtime_dependencies(/home/CIN/acfml/ros2_ws/install/projeto_braco/share/colcon-core/packages/projeto_braco)
[0.278s] DEBUG:colcon.colcon_parallel_executor.executor.parallel:closing loop
[0.279s] DEBUG:colcon.colcon_parallel_executor.executor.parallel:loop closed
[0.279s] DEBUG:colcon.colcon_parallel_executor.executor.parallel:run_until_complete finished with '0'
[0.279s] DEBUG:colcon.colcon_core.event_reactor:joining thread
[0.284s] INFO:colcon.colcon_core.plugin_system:Skipping extension 'colcon_notification.desktop_notification.terminal_notifier': Not used on non-Darwin systems
[0.284s] INFO:colcon.colcon_core.plugin_system:Skipping extension 'colcon_notification.desktop_notification.win32': Not used on non-Windows systems
[0.284s] INFO:colcon.colcon_notification.desktop_notification:Sending desktop notification using 'notify2'
[0.296s] DEBUG:colcon.colcon_core.event_reactor:joined thread
[0.297s] INFO:colcon.colcon_core.shell:Creating prefix script '/home/CIN/acfml/ros2_ws/install/local_setup.ps1'
[0.298s] INFO:colcon.colcon_core.shell:Creating prefix util module '/home/CIN/acfml/ros2_ws/install/_local_setup_util_ps1.py'
[0.298s] INFO:colcon.colcon_core.shell:Creating prefix chain script '/home/CIN/acfml/ros2_ws/install/setup.ps1'
[0.299s] INFO:colcon.colcon_core.shell:Creating prefix script '/home/CIN/acfml/ros2_ws/install/local_setup.sh'
[0.299s] INFO:colcon.colcon_core.shell:Creating prefix util module '/home/CIN/acfml/ros2_ws/install/_local_setup_util_sh.py'
[0.300s] INFO:colcon.colcon_core.shell:Creating prefix chain script '/home/CIN/acfml/ros2_ws/install/setup.sh'
[0.300s] INFO:colcon.colcon_core.shell:Creating prefix script '/home/CIN/acfml/ros2_ws/install/local_setup.bash'
[0.301s] INFO:colcon.colcon_core.shell:Creating prefix chain script '/home/CIN/acfml/ros2_ws/install/setup.bash'
[0.301s] INFO:colcon.colcon_core.shell:Creating prefix script '/home/CIN/acfml/ros2_ws/install/local_setup.zsh'
[0.301s] INFO:colcon.colcon_core.shell:Creating prefix chain script '/home/CIN/acfml/ros2_ws/install/setup.zsh'
