[0.733s] Invoking command in '/home/CIN/acfml/ros2_ws/src/py_pubsub': DEBUGINFOD_URLS=https://debuginfod.ubuntu.com PYTHONPATH=/home/CIN/acfml/ros2_ws/build/py_pubsub/prefix_override:/usr/lib/python3/dist-packages/colcon_core/task/python/colcon_distutils_commands:/home/CIN/acfml/ros2_ws/install/py_pubsub/lib/python3.12/site-packages:${PYTHONPATH} /usr/bin/python3 -W ignore:setup.py install is deprecated -W ignore:easy_install command is deprecated setup.py egg_info --egg-base ../../build/py_pubsub build --build-base /home/CIN/acfml/ros2_ws/build/py_pubsub/build install --record /home/CIN/acfml/ros2_ws/build/py_pubsub/install.log --single-version-externally-managed install_data
[0.969s] running egg_info
[0.989s] writing ../../build/py_pubsub/py_pubsub.egg-info/PKG-INFO
[0.989s] writing dependency_links to ../../build/py_pubsub/py_pubsub.egg-info/dependency_links.txt
[0.989s] writing entry points to ../../build/py_pubsub/py_pubsub.egg-info/entry_points.txt
[0.989s] writing requirements to ../../build/py_pubsub/py_pubsub.egg-info/requires.txt
[0.989s] writing top-level names to ../../build/py_pubsub/py_pubsub.egg-info/top_level.txt
[1.029s] reading manifest file '../../build/py_pubsub/py_pubsub.egg-info/SOURCES.txt'
[1.029s] adding license file 'LICENSE'
[1.029s] writing manifest file '../../build/py_pubsub/py_pubsub.egg-info/SOURCES.txt'
[1.029s] running build
[1.029s] running build_py
[1.030s] copying py_pubsub/publisher_member_function.py -> /home/CIN/acfml/ros2_ws/build/py_pubsub/build/lib/py_pubsub
[1.030s] running install
[1.034s] running install_lib
[1.054s] copying /home/CIN/acfml/ros2_ws/build/py_pubsub/build/lib/py_pubsub/publisher_member_function.py -> /home/CIN/acfml/ros2_ws/install/py_pubsub/lib/python3.12/site-packages/py_pubsub
[1.054s] byte-compiling /home/CIN/acfml/ros2_ws/install/py_pubsub/lib/python3.12/site-packages/py_pubsub/publisher_member_function.py to publisher_member_function.cpython-312.pyc
[1.055s] running install_data
[1.055s] running install_egg_info
[1.075s] removing '/home/CIN/acfml/ros2_ws/install/py_pubsub/lib/python3.12/site-packages/py_pubsub-0.0.0-py3.12.egg-info' (and everything under it)
[1.076s] Copying ../../build/py_pubsub/py_pubsub.egg-info to /home/CIN/acfml/ros2_ws/install/py_pubsub/lib/python3.12/site-packages/py_pubsub-0.0.0-py3.12.egg-info
[1.076s] running install_scripts
[1.209s] Installing talker script to /home/CIN/acfml/ros2_ws/install/py_pubsub/lib/py_pubsub
[1.209s] writing list of installed files to '/home/CIN/acfml/ros2_ws/build/py_pubsub/install.log'
[1.233s] Invoked command in '/home/CIN/acfml/ros2_ws/src/py_pubsub' returned '0': DEBUGINFOD_URLS=https://debuginfod.ubuntu.com PYTHONPATH=/home/CIN/acfml/ros2_ws/build/py_pubsub/prefix_override:/usr/lib/python3/dist-packages/colcon_core/task/python/colcon_distutils_commands:/home/CIN/acfml/ros2_ws/install/py_pubsub/lib/python3.12/site-packages:${PYTHONPATH} /usr/bin/python3 -W ignore:setup.py install is deprecated -W ignore:easy_install command is deprecated setup.py egg_info --egg-base ../../build/py_pubsub build --build-base /home/CIN/acfml/ros2_ws/build/py_pubsub/build install --record /home/CIN/acfml/ros2_ws/build/py_pubsub/install.log --single-version-externally-managed install_data
