[0.078s] DEBUG:colcon:Command line arguments: ['/usr/bin/colcon', 'build', '--packages-select', 'py_srvcli']
[0.078s] DEBUG:colcon:Parsed command line arguments: Namespace(log_base=None, log_level=None, verb_name='build', build_base='build', install_base='install', merge_install=False, symlink_install=False, test_result_base=None, continue_on_error=False, executor='parallel', parallel_workers=16, event_handlers=None, ignore_user_meta=False, metas=['./colcon.meta'], base_paths=['.'], packages_ignore=None, packages_ignore_regex=None, paths=None, packages_up_to=None, packages_up_to_regex=None, packages_above=None, packages_above_and_dependencies=None, packages_above_depth=None, packages_select_by_dep=None, packages_skip_by_dep=None, packages_skip_up_to=None, packages_select_build_failed=False, packages_skip_build_finished=False, packages_select_test_failures=False, packages_skip_test_passed=False, packages_select=['py_srvcli'], packages_skip=None, packages_select_regex=None, packages_skip_regex=None, packages_start=None, packages_end=None, allow_overriding=[], cmake_args=None, cmake_target=None, cmake_target_skip_unavailable=False, cmake_clean_cache=False, cmake_clean_first=False, cmake_force_configure=False, ament_cmake_args=None, catkin_cmake_args=None, catkin_skip_building_tests=False, verb_parser=<colcon_defaults.argument_parser.defaults.DefaultArgumentsDecorator object at 0x7440c4986c00>, verb_extension=<colcon_core.verb.build.BuildVerb object at 0x7440c4aa3770>, main=<bound method BuildVerb.main of <colcon_core.verb.build.BuildVerb object at 0x7440c4aa3770>>)
[0.107s] Level 1:colcon.colcon_core.package_discovery:discover_packages(colcon_meta) check parameters
[0.107s] Level 1:colcon.colcon_core.package_discovery:discover_packages(recursive) check parameters
[0.107s] Level 1:colcon.colcon_core.package_discovery:discover_packages(ignore) check parameters
[0.107s] Level 1:colcon.colcon_core.package_discovery:discover_packages(path) check parameters
[0.107s] Level 1:colcon.colcon_core.package_discovery:discover_packages(colcon_meta) discover
[0.107s] Level 1:colcon.colcon_core.package_discovery:discover_packages(recursive) discover
[0.107s] INFO:colcon.colcon_core.package_discovery:Crawling recursively for packages in '/home/CIN/acfml/ros2_ws/src/py_srvcli'
[0.107s] Level 1:colcon.colcon_core.package_identification:_identify(.) by extensions ['ignore', 'ignore_ament_install']
[0.107s] Level 1:colcon.colcon_core.package_identification:_identify(.) by extension 'ignore'
[0.107s] Level 1:colcon.colcon_core.package_identification:_identify(.) by extension 'ignore_ament_install'
[0.107s] Level 1:colcon.colcon_core.package_identification:_identify(.) by extensions ['colcon_pkg']
[0.107s] Level 1:colcon.colcon_core.package_identification:_identify(.) by extension 'colcon_pkg'
[0.107s] Level 1:colcon.colcon_core.package_identification:_identify(.) by extensions ['colcon_meta']
[0.107s] Level 1:colcon.colcon_core.package_identification:_identify(.) by extension 'colcon_meta'
[0.107s] Level 1:colcon.colcon_core.package_identification:_identify(.) by extensions ['ros']
[0.107s] Level 1:colcon.colcon_core.package_identification:_identify(.) by extension 'ros'
[0.126s] DEBUG:colcon.colcon_core.package_identification:Package '.' with type 'ros.ament_python' and name 'py_srvcli'
[0.126s] Level 1:colcon.colcon_core.package_discovery:discover_packages(recursive) using defaults
[0.126s] Level 1:colcon.colcon_core.package_discovery:discover_packages(ignore) discover
[0.126s] Level 1:colcon.colcon_core.package_discovery:discover_packages(ignore) using defaults
[0.126s] Level 1:colcon.colcon_core.package_discovery:discover_packages(path) discover
[0.126s] Level 1:colcon.colcon_core.package_discovery:discover_packages(path) using defaults
[0.138s] Level 1:colcon.colcon_core.package_discovery:discover_packages(prefix_path) check parameters
[0.138s] Level 1:colcon.colcon_core.package_discovery:discover_packages(prefix_path) discover
[0.139s] DEBUG:colcon.colcon_installed_package_information.package_discovery:Found 1 installed packages in /home/CIN/acfml/ros2_ws/install
[0.140s] DEBUG:colcon.colcon_installed_package_information.package_discovery:Found 1 installed packages in /home/CIN/acfml/ros2_ws/src/install
[0.141s] DEBUG:colcon.colcon_installed_package_information.package_discovery:Found 285 installed packages in /opt/ros/jazzy
[0.141s] Level 1:colcon.colcon_core.package_discovery:discover_packages(prefix_path) using defaults
[0.171s] Level 5:colcon.colcon_core.verb:set package 'py_srvcli' build argument 'cmake_args' from command line to 'None'
[0.171s] Level 5:colcon.colcon_core.verb:set package 'py_srvcli' build argument 'cmake_target' from command line to 'None'
[0.171s] Level 5:colcon.colcon_core.verb:set package 'py_srvcli' build argument 'cmake_target_skip_unavailable' from command line to 'False'
[0.171s] Level 5:colcon.colcon_core.verb:set package 'py_srvcli' build argument 'cmake_clean_cache' from command line to 'False'
[0.171s] Level 5:colcon.colcon_core.verb:set package 'py_srvcli' build argument 'cmake_clean_first' from command line to 'False'
[0.171s] Level 5:colcon.colcon_core.verb:set package 'py_srvcli' build argument 'cmake_force_configure' from command line to 'False'
[0.171s] Level 5:colcon.colcon_core.verb:set package 'py_srvcli' build argument 'ament_cmake_args' from command line to 'None'
[0.171s] Level 5:colcon.colcon_core.verb:set package 'py_srvcli' build argument 'catkin_cmake_args' from command line to 'None'
[0.171s] Level 5:colcon.colcon_core.verb:set package 'py_srvcli' build argument 'catkin_skip_building_tests' from command line to 'False'
[0.171s] DEBUG:colcon.colcon_core.verb:Building package 'py_srvcli' with the following arguments: {'ament_cmake_args': None, 'build_base': '/home/CIN/acfml/ros2_ws/src/py_srvcli/build/py_srvcli', 'catkin_cmake_args': None, 'catkin_skip_building_tests': False, 'cmake_args': None, 'cmake_clean_cache': False, 'cmake_clean_first': False, 'cmake_force_configure': False, 'cmake_target': None, 'cmake_target_skip_unavailable': False, 'install_base': '/home/CIN/acfml/ros2_ws/src/py_srvcli/install/py_srvcli', 'merge_install': False, 'path': '/home/CIN/acfml/ros2_ws/src/py_srvcli', 'symlink_install': False, 'test_result_base': None}
[0.171s] INFO:colcon.colcon_core.executor:Executing jobs using 'parallel' executor
[0.172s] DEBUG:colcon.colcon_parallel_executor.executor.parallel:run_until_complete
[0.172s] INFO:colcon.colcon_ros.task.ament_python.build:Building ROS package in '/home/CIN/acfml/ros2_ws/src/py_srvcli' with build type 'ament_python'
[0.172s] Level 1:colcon.colcon_core.shell:create_environment_hook('py_srvcli', 'ament_prefix_path')
[0.174s] INFO:colcon.colcon_core.plugin_system:Skipping extension 'colcon_core.shell.bat': Not used on non-Windows systems
[0.174s] INFO:colcon.colcon_core.shell:Creating environment hook '/home/CIN/acfml/ros2_ws/src/py_srvcli/install/py_srvcli/share/py_srvcli/hook/ament_prefix_path.ps1'
[0.175s] INFO:colcon.colcon_core.shell:Creating environment descriptor '/home/CIN/acfml/ros2_ws/src/py_srvcli/install/py_srvcli/share/py_srvcli/hook/ament_prefix_path.dsv'
[0.175s] INFO:colcon.colcon_core.shell:Creating environment hook '/home/CIN/acfml/ros2_ws/src/py_srvcli/install/py_srvcli/share/py_srvcli/hook/ament_prefix_path.sh'
[0.176s] INFO:colcon.colcon_core.shell:Skip shell extension 'powershell' for command environment: Not usable outside of PowerShell
[0.176s] DEBUG:colcon.colcon_core.shell:Skip shell extension 'dsv' for command environment
[0.355s] INFO:colcon.colcon_core.task.python.build:Building Python package in '/home/CIN/acfml/ros2_ws/src/py_srvcli'
[0.355s] INFO:colcon.colcon_core.shell:Skip shell extension 'powershell' for command environment: Not usable outside of PowerShell
[0.355s] DEBUG:colcon.colcon_core.shell:Skip shell extension 'dsv' for command environment
[0.879s] DEBUG:colcon.colcon_core.event_handler.log_command:Invoking command in '/home/CIN/acfml/ros2_ws/src/py_srvcli': DEBUGINFOD_URLS=https://debuginfod.ubuntu.com PYTHONPATH=/home/CIN/acfml/ros2_ws/src/py_srvcli/build/py_srvcli/prefix_override:/usr/lib/python3/dist-packages/colcon_core/task/python/colcon_distutils_commands:/home/CIN/acfml/ros2_ws/src/py_srvcli/install/py_srvcli/lib/python3.12/site-packages:${PYTHONPATH} /usr/bin/python3 -W ignore:setup.py install is deprecated -W ignore:easy_install command is deprecated setup.py egg_info --egg-base build/py_srvcli build --build-base /home/CIN/acfml/ros2_ws/src/py_srvcli/build/py_srvcli/build install --record /home/CIN/acfml/ros2_ws/src/py_srvcli/build/py_srvcli/install.log --single-version-externally-managed install_data
[1.363s] DEBUG:colcon.colcon_core.event_handler.log_command:Invoked command in '/home/CIN/acfml/ros2_ws/src/py_srvcli' returned '0': DEBUGINFOD_URLS=https://debuginfod.ubuntu.com PYTHONPATH=/home/CIN/acfml/ros2_ws/src/py_srvcli/build/py_srvcli/prefix_override:/usr/lib/python3/dist-packages/colcon_core/task/python/colcon_distutils_commands:/home/CIN/acfml/ros2_ws/src/py_srvcli/install/py_srvcli/lib/python3.12/site-packages:${PYTHONPATH} /usr/bin/python3 -W ignore:setup.py install is deprecated -W ignore:easy_install command is deprecated setup.py egg_info --egg-base build/py_srvcli build --build-base /home/CIN/acfml/ros2_ws/src/py_srvcli/build/py_srvcli/build install --record /home/CIN/acfml/ros2_ws/src/py_srvcli/build/py_srvcli/install.log --single-version-externally-managed install_data
[1.364s] Level 1:colcon.colcon_core.environment:checking '/home/CIN/acfml/ros2_ws/src/py_srvcli/install/py_srvcli' for CMake module files
[1.365s] Level 1:colcon.colcon_core.environment:checking '/home/CIN/acfml/ros2_ws/src/py_srvcli/install/py_srvcli' for CMake config files
[1.365s] Level 1:colcon.colcon_core.environment:checking '/home/CIN/acfml/ros2_ws/src/py_srvcli/install/py_srvcli/lib'
[1.365s] Level 1:colcon.colcon_core.environment:checking '/home/CIN/acfml/ros2_ws/src/py_srvcli/install/py_srvcli/bin'
[1.365s] Level 1:colcon.colcon_core.environment:checking '/home/CIN/acfml/ros2_ws/src/py_srvcli/install/py_srvcli/lib/pkgconfig/py_srvcli.pc'
[1.366s] Level 1:colcon.colcon_core.environment:checking '/home/CIN/acfml/ros2_ws/src/py_srvcli/install/py_srvcli/lib/python3.12/site-packages'
[1.366s] Level 1:colcon.colcon_core.shell:create_environment_hook('py_srvcli', 'pythonpath')
[1.366s] INFO:colcon.colcon_core.shell:Creating environment hook '/home/CIN/acfml/ros2_ws/src/py_srvcli/install/py_srvcli/share/py_srvcli/hook/pythonpath.ps1'
[1.366s] INFO:colcon.colcon_core.shell:Creating environment descriptor '/home/CIN/acfml/ros2_ws/src/py_srvcli/install/py_srvcli/share/py_srvcli/hook/pythonpath.dsv'
[1.366s] INFO:colcon.colcon_core.shell:Creating environment hook '/home/CIN/acfml/ros2_ws/src/py_srvcli/install/py_srvcli/share/py_srvcli/hook/pythonpath.sh'
[1.367s] Level 1:colcon.colcon_core.environment:checking '/home/CIN/acfml/ros2_ws/src/py_srvcli/install/py_srvcli/bin'
[1.367s] Level 1:colcon.colcon_core.environment:create_environment_scripts_only(py_srvcli)
[1.367s] INFO:colcon.colcon_core.shell:Creating package script '/home/CIN/acfml/ros2_ws/src/py_srvcli/install/py_srvcli/share/py_srvcli/package.ps1'
[1.367s] INFO:colcon.colcon_core.shell:Creating package descriptor '/home/CIN/acfml/ros2_ws/src/py_srvcli/install/py_srvcli/share/py_srvcli/package.dsv'
[1.368s] INFO:colcon.colcon_core.shell:Creating package script '/home/CIN/acfml/ros2_ws/src/py_srvcli/install/py_srvcli/share/py_srvcli/package.sh'
[1.368s] INFO:colcon.colcon_core.shell:Creating package script '/home/CIN/acfml/ros2_ws/src/py_srvcli/install/py_srvcli/share/py_srvcli/package.bash'
[1.369s] INFO:colcon.colcon_core.shell:Creating package script '/home/CIN/acfml/ros2_ws/src/py_srvcli/install/py_srvcli/share/py_srvcli/package.zsh'
[1.369s] Level 1:colcon.colcon_core.environment:create_file_with_runtime_dependencies(/home/CIN/acfml/ros2_ws/src/py_srvcli/install/py_srvcli/share/colcon-core/packages/py_srvcli)
[1.369s] DEBUG:colcon.colcon_parallel_executor.executor.parallel:closing loop
[1.369s] DEBUG:colcon.colcon_parallel_executor.executor.parallel:loop closed
[1.369s] DEBUG:colcon.colcon_parallel_executor.executor.parallel:run_until_complete finished with '0'
[1.370s] DEBUG:colcon.colcon_core.event_reactor:joining thread
[1.374s] INFO:colcon.colcon_core.plugin_system:Skipping extension 'colcon_notification.desktop_notification.terminal_notifier': Not used on non-Darwin systems
[1.374s] INFO:colcon.colcon_core.plugin_system:Skipping extension 'colcon_notification.desktop_notification.win32': Not used on non-Windows systems
[1.374s] INFO:colcon.colcon_notification.desktop_notification:Sending desktop notification using 'notify2'
[1.380s] DEBUG:colcon.colcon_core.event_reactor:joined thread
[1.380s] INFO:colcon.colcon_core.shell:Creating prefix script '/home/CIN/acfml/ros2_ws/src/py_srvcli/install/local_setup.ps1'
[1.381s] INFO:colcon.colcon_core.shell:Creating prefix util module '/home/CIN/acfml/ros2_ws/src/py_srvcli/install/_local_setup_util_ps1.py'
[1.382s] INFO:colcon.colcon_core.shell:Creating prefix chain script '/home/CIN/acfml/ros2_ws/src/py_srvcli/install/setup.ps1'
[1.382s] INFO:colcon.colcon_core.shell:Creating prefix script '/home/CIN/acfml/ros2_ws/src/py_srvcli/install/local_setup.sh'
[1.383s] INFO:colcon.colcon_core.shell:Creating prefix util module '/home/CIN/acfml/ros2_ws/src/py_srvcli/install/_local_setup_util_sh.py'
[1.383s] INFO:colcon.colcon_core.shell:Creating prefix chain script '/home/CIN/acfml/ros2_ws/src/py_srvcli/install/setup.sh'
[1.384s] INFO:colcon.colcon_core.shell:Creating prefix script '/home/CIN/acfml/ros2_ws/src/py_srvcli/install/local_setup.bash'
[1.384s] INFO:colcon.colcon_core.shell:Creating prefix chain script '/home/CIN/acfml/ros2_ws/src/py_srvcli/install/setup.bash'
[1.385s] INFO:colcon.colcon_core.shell:Creating prefix script '/home/CIN/acfml/ros2_ws/src/py_srvcli/install/local_setup.zsh'
[1.385s] INFO:colcon.colcon_core.shell:Creating prefix chain script '/home/CIN/acfml/ros2_ws/src/py_srvcli/install/setup.zsh'
