[0.110s] DEBUG:colcon:Command line arguments: ['/usr/bin/colcon', 'build']
[0.110s] DEBUG:colcon:Parsed command line arguments: Namespace(log_base=None, log_level=None, verb_name='build', build_base='build', install_base='install', merge_install=False, symlink_install=False, test_result_base=None, continue_on_error=False, executor='parallel', parallel_workers=16, event_handlers=None, ignore_user_meta=False, metas=['./colcon.meta'], base_paths=['.'], packages_ignore=None, packages_ignore_regex=None, paths=None, packages_up_to=None, packages_up_to_regex=None, packages_above=None, packages_above_and_dependencies=None, packages_above_depth=None, packages_select_by_dep=None, packages_skip_by_dep=None, packages_skip_up_to=None, packages_select_build_failed=False, packages_skip_build_finished=False, packages_select_test_failures=False, packages_skip_test_passed=False, packages_select=None, packages_skip=None, packages_select_regex=None, packages_skip_regex=None, packages_start=None, packages_end=None, allow_overriding=[], cmake_args=None, cmake_target=None, cmake_target_skip_unavailable=False, cmake_clean_cache=False, cmake_clean_first=False, cmake_force_configure=False, ament_cmake_args=None, catkin_cmake_args=None, catkin_skip_building_tests=False, verb_parser=<colcon_defaults.argument_parser.defaults.DefaultArgumentsDecorator object at 0x71fa67d75a60>, verb_extension=<colcon_core.verb.build.BuildVerb object at 0x71fa67e92240>, main=<bound method BuildVerb.main of <colcon_core.verb.build.BuildVerb object at 0x71fa67e92240>>)
[0.160s] Level 1:colcon.colcon_core.package_discovery:discover_packages(colcon_meta) check parameters
[0.161s] Level 1:colcon.colcon_core.package_discovery:discover_packages(recursive) check parameters
[0.161s] Level 1:colcon.colcon_core.package_discovery:discover_packages(ignore) check parameters
[0.161s] Level 1:colcon.colcon_core.package_discovery:discover_packages(path) check parameters
[0.161s] Level 1:colcon.colcon_core.package_discovery:discover_packages(colcon_meta) discover
[0.161s] Level 1:colcon.colcon_core.package_discovery:discover_packages(recursive) discover
[0.161s] INFO:colcon.colcon_core.package_discovery:Crawling recursively for packages in '/home/CIN/tjgc/Documents/Robotics/ros2_ws'
[0.161s] Level 1:colcon.colcon_core.package_identification:_identify(.) by extensions ['ignore', 'ignore_ament_install']
[0.161s] Level 1:colcon.colcon_core.package_identification:_identify(.) by extension 'ignore'
[0.161s] Level 1:colcon.colcon_core.package_identification:_identify(.) by extension 'ignore_ament_install'
[0.161s] Level 1:colcon.colcon_core.package_identification:_identify(.) by extensions ['colcon_pkg']
[0.161s] Level 1:colcon.colcon_core.package_identification:_identify(.) by extension 'colcon_pkg'
[0.161s] Level 1:colcon.colcon_core.package_identification:_identify(.) by extensions ['colcon_meta']
[0.161s] Level 1:colcon.colcon_core.package_identification:_identify(.) by extension 'colcon_meta'
[0.162s] Level 1:colcon.colcon_core.package_identification:_identify(.) by extensions ['ros']
[0.162s] Level 1:colcon.colcon_core.package_identification:_identify(.) by extension 'ros'
[0.193s] Level 1:colcon.colcon_core.package_identification:_identify(.) by extensions ['cmake', 'python']
[0.193s] Level 1:colcon.colcon_core.package_identification:_identify(.) by extension 'cmake'
[0.193s] Level 1:colcon.colcon_core.package_identification:_identify(.) by extension 'python'
[0.193s] Level 1:colcon.colcon_core.package_identification:_identify(.) by extensions ['python_setup_py']
[0.193s] Level 1:colcon.colcon_core.package_identification:_identify(.) by extension 'python_setup_py'
[0.193s] Level 1:colcon.colcon_core.package_identification:_identify(build) by extensions ['ignore', 'ignore_ament_install']
[0.193s] Level 1:colcon.colcon_core.package_identification:_identify(build) by extension 'ignore'
[0.193s] Level 1:colcon.colcon_core.package_identification:_identify(build) ignored
[0.194s] Level 1:colcon.colcon_core.package_identification:_identify(install) by extensions ['ignore', 'ignore_ament_install']
[0.194s] Level 1:colcon.colcon_core.package_identification:_identify(install) by extension 'ignore'
[0.194s] Level 1:colcon.colcon_core.package_identification:_identify(install) ignored
[0.194s] Level 1:colcon.colcon_core.package_identification:_identify(log) by extensions ['ignore', 'ignore_ament_install']
[0.194s] Level 1:colcon.colcon_core.package_identification:_identify(log) by extension 'ignore'
[0.194s] Level 1:colcon.colcon_core.package_identification:_identify(log) ignored
[0.194s] Level 1:colcon.colcon_core.package_identification:_identify(src) by extensions ['ignore', 'ignore_ament_install']
[0.194s] Level 1:colcon.colcon_core.package_identification:_identify(src) by extension 'ignore'
[0.194s] Level 1:colcon.colcon_core.package_identification:_identify(src) by extension 'ignore_ament_install'
[0.194s] Level 1:colcon.colcon_core.package_identification:_identify(src) by extensions ['colcon_pkg']
[0.194s] Level 1:colcon.colcon_core.package_identification:_identify(src) by extension 'colcon_pkg'
[0.194s] Level 1:colcon.colcon_core.package_identification:_identify(src) by extensions ['colcon_meta']
[0.194s] Level 1:colcon.colcon_core.package_identification:_identify(src) by extension 'colcon_meta'
[0.194s] Level 1:colcon.colcon_core.package_identification:_identify(src) by extensions ['ros']
[0.194s] Level 1:colcon.colcon_core.package_identification:_identify(src) by extension 'ros'
[0.194s] Level 1:colcon.colcon_core.package_identification:_identify(src) by extensions ['cmake', 'python']
[0.194s] Level 1:colcon.colcon_core.package_identification:_identify(src) by extension 'cmake'
[0.194s] Level 1:colcon.colcon_core.package_identification:_identify(src) by extension 'python'
[0.194s] Level 1:colcon.colcon_core.package_identification:_identify(src) by extensions ['python_setup_py']
[0.194s] Level 1:colcon.colcon_core.package_identification:_identify(src) by extension 'python_setup_py'
[0.195s] Level 1:colcon.colcon_core.package_identification:_identify(src/arm_interfaces) by extensions ['ignore', 'ignore_ament_install']
[0.195s] Level 1:colcon.colcon_core.package_identification:_identify(src/arm_interfaces) by extension 'ignore'
[0.195s] Level 1:colcon.colcon_core.package_identification:_identify(src/arm_interfaces) by extension 'ignore_ament_install'
[0.195s] Level 1:colcon.colcon_core.package_identification:_identify(src/arm_interfaces) by extensions ['colcon_pkg']
[0.195s] Level 1:colcon.colcon_core.package_identification:_identify(src/arm_interfaces) by extension 'colcon_pkg'
[0.195s] Level 1:colcon.colcon_core.package_identification:_identify(src/arm_interfaces) by extensions ['colcon_meta']
[0.195s] Level 1:colcon.colcon_core.package_identification:_identify(src/arm_interfaces) by extension 'colcon_meta'
[0.195s] Level 1:colcon.colcon_core.package_identification:_identify(src/arm_interfaces) by extensions ['ros']
[0.195s] Level 1:colcon.colcon_core.package_identification:_identify(src/arm_interfaces) by extension 'ros'
[0.217s] DEBUG:colcon.colcon_core.package_identification:Package 'src/arm_interfaces' with type 'ros.ament_cmake' and name 'arm_interfaces'
[0.217s] Level 1:colcon.colcon_core.package_identification:_identify(src/build) by extensions ['ignore', 'ignore_ament_install']
[0.217s] Level 1:colcon.colcon_core.package_identification:_identify(src/build) by extension 'ignore'
[0.217s] Level 1:colcon.colcon_core.package_identification:_identify(src/build) ignored
[0.217s] Level 1:colcon.colcon_core.package_identification:_identify(src/grupo_1) by extensions ['ignore', 'ignore_ament_install']
[0.217s] Level 1:colcon.colcon_core.package_identification:_identify(src/grupo_1) by extension 'ignore'
[0.217s] Level 1:colcon.colcon_core.package_identification:_identify(src/grupo_1) by extension 'ignore_ament_install'
[0.217s] Level 1:colcon.colcon_core.package_identification:_identify(src/grupo_1) by extensions ['colcon_pkg']
[0.217s] Level 1:colcon.colcon_core.package_identification:_identify(src/grupo_1) by extension 'colcon_pkg'
[0.217s] Level 1:colcon.colcon_core.package_identification:_identify(src/grupo_1) by extensions ['colcon_meta']
[0.217s] Level 1:colcon.colcon_core.package_identification:_identify(src/grupo_1) by extension 'colcon_meta'
[0.217s] Level 1:colcon.colcon_core.package_identification:_identify(src/grupo_1) by extensions ['ros']
[0.218s] Level 1:colcon.colcon_core.package_identification:_identify(src/grupo_1) by extension 'ros'
[0.226s] DEBUG:colcon.colcon_core.package_identification:Package 'src/grupo_1' with type 'ros.ament_python' and name 'grupo_1'
[0.226s] Level 1:colcon.colcon_core.package_identification:_identify(src/install) by extensions ['ignore', 'ignore_ament_install']
[0.226s] Level 1:colcon.colcon_core.package_identification:_identify(src/install) by extension 'ignore'
[0.226s] Level 1:colcon.colcon_core.package_identification:_identify(src/install) ignored
[0.226s] Level 1:colcon.colcon_core.package_identification:_identify(src/log) by extensions ['ignore', 'ignore_ament_install']
[0.226s] Level 1:colcon.colcon_core.package_identification:_identify(src/log) by extension 'ignore'
[0.226s] Level 1:colcon.colcon_core.package_identification:_identify(src/log) ignored
[0.226s] Level 1:colcon.colcon_core.package_discovery:discover_packages(recursive) using defaults
[0.226s] Level 1:colcon.colcon_core.package_discovery:discover_packages(ignore) discover
[0.226s] Level 1:colcon.colcon_core.package_discovery:discover_packages(ignore) using defaults
[0.226s] Level 1:colcon.colcon_core.package_discovery:discover_packages(path) discover
[0.227s] Level 1:colcon.colcon_core.package_discovery:discover_packages(path) using defaults
[0.246s] Level 1:colcon.colcon_core.package_discovery:discover_packages(prefix_path) check parameters
[0.246s] Level 1:colcon.colcon_core.package_discovery:discover_packages(prefix_path) discover
[0.249s] DEBUG:colcon.colcon_installed_package_information.package_discovery:Found 285 installed packages in /opt/ros/jazzy
[0.249s] Level 1:colcon.colcon_core.package_discovery:discover_packages(prefix_path) using defaults
[0.281s] Level 5:colcon.colcon_core.verb:set package 'arm_interfaces' build argument 'cmake_args' from command line to 'None'
[0.281s] Level 5:colcon.colcon_core.verb:set package 'arm_interfaces' build argument 'cmake_target' from command line to 'None'
[0.281s] Level 5:colcon.colcon_core.verb:set package 'arm_interfaces' build argument 'cmake_target_skip_unavailable' from command line to 'False'
[0.281s] Level 5:colcon.colcon_core.verb:set package 'arm_interfaces' build argument 'cmake_clean_cache' from command line to 'False'
[0.281s] Level 5:colcon.colcon_core.verb:set package 'arm_interfaces' build argument 'cmake_clean_first' from command line to 'False'
[0.281s] Level 5:colcon.colcon_core.verb:set package 'arm_interfaces' build argument 'cmake_force_configure' from command line to 'False'
[0.281s] Level 5:colcon.colcon_core.verb:set package 'arm_interfaces' build argument 'ament_cmake_args' from command line to 'None'
[0.281s] Level 5:colcon.colcon_core.verb:set package 'arm_interfaces' build argument 'catkin_cmake_args' from command line to 'None'
[0.281s] Level 5:colcon.colcon_core.verb:set package 'arm_interfaces' build argument 'catkin_skip_building_tests' from command line to 'False'
[0.281s] DEBUG:colcon.colcon_core.verb:Building package 'arm_interfaces' with the following arguments: {'ament_cmake_args': None, 'build_base': '/home/CIN/tjgc/Documents/Robotics/ros2_ws/build/arm_interfaces', 'catkin_cmake_args': None, 'catkin_skip_building_tests': False, 'cmake_args': None, 'cmake_clean_cache': False, 'cmake_clean_first': False, 'cmake_force_configure': False, 'cmake_target': None, 'cmake_target_skip_unavailable': False, 'install_base': '/home/CIN/tjgc/Documents/Robotics/ros2_ws/install/arm_interfaces', 'merge_install': False, 'path': '/home/CIN/tjgc/Documents/Robotics/ros2_ws/src/arm_interfaces', 'symlink_install': False, 'test_result_base': None}
[0.281s] Level 5:colcon.colcon_core.verb:set package 'grupo_1' build argument 'cmake_args' from command line to 'None'
[0.281s] Level 5:colcon.colcon_core.verb:set package 'grupo_1' build argument 'cmake_target' from command line to 'None'
[0.281s] Level 5:colcon.colcon_core.verb:set package 'grupo_1' build argument 'cmake_target_skip_unavailable' from command line to 'False'
[0.281s] Level 5:colcon.colcon_core.verb:set package 'grupo_1' build argument 'cmake_clean_cache' from command line to 'False'
[0.281s] Level 5:colcon.colcon_core.verb:set package 'grupo_1' build argument 'cmake_clean_first' from command line to 'False'
[0.281s] Level 5:colcon.colcon_core.verb:set package 'grupo_1' build argument 'cmake_force_configure' from command line to 'False'
[0.281s] Level 5:colcon.colcon_core.verb:set package 'grupo_1' build argument 'ament_cmake_args' from command line to 'None'
[0.281s] Level 5:colcon.colcon_core.verb:set package 'grupo_1' build argument 'catkin_cmake_args' from command line to 'None'
[0.281s] Level 5:colcon.colcon_core.verb:set package 'grupo_1' build argument 'catkin_skip_building_tests' from command line to 'False'
[0.281s] DEBUG:colcon.colcon_core.verb:Building package 'grupo_1' with the following arguments: {'ament_cmake_args': None, 'build_base': '/home/CIN/tjgc/Documents/Robotics/ros2_ws/build/grupo_1', 'catkin_cmake_args': None, 'catkin_skip_building_tests': False, 'cmake_args': None, 'cmake_clean_cache': False, 'cmake_clean_first': False, 'cmake_force_configure': False, 'cmake_target': None, 'cmake_target_skip_unavailable': False, 'install_base': '/home/CIN/tjgc/Documents/Robotics/ros2_ws/install/grupo_1', 'merge_install': False, 'path': '/home/CIN/tjgc/Documents/Robotics/ros2_ws/src/grupo_1', 'symlink_install': False, 'test_result_base': None}
[0.281s] INFO:colcon.colcon_core.executor:Executing jobs using 'parallel' executor
[0.282s] DEBUG:colcon.colcon_parallel_executor.executor.parallel:run_until_complete
[0.282s] INFO:colcon.colcon_ros.task.ament_cmake.build:Building ROS package in '/home/CIN/tjgc/Documents/Robotics/ros2_ws/src/arm_interfaces' with build type 'ament_cmake'
[0.282s] INFO:colcon.colcon_cmake.task.cmake.build:Building CMake package in '/home/CIN/tjgc/Documents/Robotics/ros2_ws/src/arm_interfaces'
[0.285s] INFO:colcon.colcon_core.plugin_system:Skipping extension 'colcon_core.shell.bat': Not used on non-Windows systems
[0.286s] INFO:colcon.colcon_core.shell:Skip shell extension 'powershell' for command environment: Not usable outside of PowerShell
[0.286s] DEBUG:colcon.colcon_core.shell:Skip shell extension 'dsv' for command environment
[0.289s] INFO:colcon.colcon_ros.task.ament_python.build:Building ROS package in '/home/CIN/tjgc/Documents/Robotics/ros2_ws/src/grupo_1' with build type 'ament_python'
[0.289s] Level 1:colcon.colcon_core.shell:create_environment_hook('grupo_1', 'ament_prefix_path')
[0.289s] INFO:colcon.colcon_core.shell:Creating environment hook '/home/CIN/tjgc/Documents/Robotics/ros2_ws/install/grupo_1/share/grupo_1/hook/ament_prefix_path.ps1'
[0.290s] INFO:colcon.colcon_core.shell:Creating environment descriptor '/home/CIN/tjgc/Documents/Robotics/ros2_ws/install/grupo_1/share/grupo_1/hook/ament_prefix_path.dsv'
[0.290s] INFO:colcon.colcon_core.shell:Creating environment hook '/home/CIN/tjgc/Documents/Robotics/ros2_ws/install/grupo_1/share/grupo_1/hook/ament_prefix_path.sh'
[0.292s] INFO:colcon.colcon_core.shell:Skip shell extension 'powershell' for command environment: Not usable outside of PowerShell
[0.292s] DEBUG:colcon.colcon_core.shell:Skip shell extension 'dsv' for command environment
[0.297s] DEBUG:colcon.colcon_core.event_handler.log_command:Invoking command in '/home/CIN/tjgc/Documents/Robotics/ros2_ws/build/arm_interfaces': CMAKE_PREFIX_PATH=${CMAKE_PREFIX_PATH}:/opt/ros/jazzy DEBUGINFOD_URLS=https://debuginfod.ubuntu.com /usr/bin/cmake /home/CIN/tjgc/Documents/Robotics/ros2_ws/src/arm_interfaces -DCMAKE_INSTALL_PREFIX=/home/CIN/tjgc/Documents/Robotics/ros2_ws/install/arm_interfaces
[0.461s] INFO:colcon.colcon_core.task.python.build:Building Python package in '/home/CIN/tjgc/Documents/Robotics/ros2_ws/src/grupo_1'
[0.461s] INFO:colcon.colcon_core.shell:Skip shell extension 'powershell' for command environment: Not usable outside of PowerShell
[0.461s] DEBUG:colcon.colcon_core.shell:Skip shell extension 'dsv' for command environment
[1.089s] DEBUG:colcon.colcon_core.event_handler.log_command:Invoking command in '/home/CIN/tjgc/Documents/Robotics/ros2_ws/src/grupo_1': DEBUGINFOD_URLS=https://debuginfod.ubuntu.com PYTHONPATH=/home/CIN/tjgc/Documents/Robotics/ros2_ws/build/grupo_1/prefix_override:/usr/lib/python3/dist-packages/colcon_core/task/python/colcon_distutils_commands:/home/CIN/tjgc/Documents/Robotics/ros2_ws/install/grupo_1/lib/python3.12/site-packages:${PYTHONPATH} /usr/bin/python3 -W ignore:setup.py install is deprecated -W ignore:easy_install command is deprecated setup.py egg_info --egg-base ../../build/grupo_1 build --build-base /home/CIN/tjgc/Documents/Robotics/ros2_ws/build/grupo_1/build install --record /home/CIN/tjgc/Documents/Robotics/ros2_ws/build/grupo_1/install.log --single-version-externally-managed install_data
[1.555s] DEBUG:colcon.colcon_core.event_handler.log_command:Invoked command in '/home/CIN/tjgc/Documents/Robotics/ros2_ws/src/grupo_1' returned '0': DEBUGINFOD_URLS=https://debuginfod.ubuntu.com PYTHONPATH=/home/CIN/tjgc/Documents/Robotics/ros2_ws/build/grupo_1/prefix_override:/usr/lib/python3/dist-packages/colcon_core/task/python/colcon_distutils_commands:/home/CIN/tjgc/Documents/Robotics/ros2_ws/install/grupo_1/lib/python3.12/site-packages:${PYTHONPATH} /usr/bin/python3 -W ignore:setup.py install is deprecated -W ignore:easy_install command is deprecated setup.py egg_info --egg-base ../../build/grupo_1 build --build-base /home/CIN/tjgc/Documents/Robotics/ros2_ws/build/grupo_1/build install --record /home/CIN/tjgc/Documents/Robotics/ros2_ws/build/grupo_1/install.log --single-version-externally-managed install_data
[1.558s] Level 1:colcon.colcon_core.environment:checking '/home/CIN/tjgc/Documents/Robotics/ros2_ws/install/grupo_1' for CMake module files
[1.558s] Level 1:colcon.colcon_core.environment:checking '/home/CIN/tjgc/Documents/Robotics/ros2_ws/install/grupo_1' for CMake config files
[1.559s] Level 1:colcon.colcon_core.environment:checking '/home/CIN/tjgc/Documents/Robotics/ros2_ws/install/grupo_1/lib'
[1.559s] Level 1:colcon.colcon_core.environment:checking '/home/CIN/tjgc/Documents/Robotics/ros2_ws/install/grupo_1/bin'
[1.559s] Level 1:colcon.colcon_core.environment:checking '/home/CIN/tjgc/Documents/Robotics/ros2_ws/install/grupo_1/lib/pkgconfig/grupo_1.pc'
[1.559s] Level 1:colcon.colcon_core.environment:checking '/home/CIN/tjgc/Documents/Robotics/ros2_ws/install/grupo_1/lib/python3.12/site-packages'
[1.559s] Level 1:colcon.colcon_core.shell:create_environment_hook('grupo_1', 'pythonpath')
[1.560s] INFO:colcon.colcon_core.shell:Creating environment hook '/home/CIN/tjgc/Documents/Robotics/ros2_ws/install/grupo_1/share/grupo_1/hook/pythonpath.ps1'
[1.560s] INFO:colcon.colcon_core.shell:Creating environment descriptor '/home/CIN/tjgc/Documents/Robotics/ros2_ws/install/grupo_1/share/grupo_1/hook/pythonpath.dsv'
[1.560s] INFO:colcon.colcon_core.shell:Creating environment hook '/home/CIN/tjgc/Documents/Robotics/ros2_ws/install/grupo_1/share/grupo_1/hook/pythonpath.sh'
[1.561s] Level 1:colcon.colcon_core.environment:checking '/home/CIN/tjgc/Documents/Robotics/ros2_ws/install/grupo_1/bin'
[1.561s] Level 1:colcon.colcon_core.environment:create_environment_scripts_only(grupo_1)
[1.561s] INFO:colcon.colcon_core.shell:Creating package script '/home/CIN/tjgc/Documents/Robotics/ros2_ws/install/grupo_1/share/grupo_1/package.ps1'
[1.562s] INFO:colcon.colcon_core.shell:Creating package descriptor '/home/CIN/tjgc/Documents/Robotics/ros2_ws/install/grupo_1/share/grupo_1/package.dsv'
[1.562s] INFO:colcon.colcon_core.shell:Creating package script '/home/CIN/tjgc/Documents/Robotics/ros2_ws/install/grupo_1/share/grupo_1/package.sh'
[1.563s] INFO:colcon.colcon_core.shell:Creating package script '/home/CIN/tjgc/Documents/Robotics/ros2_ws/install/grupo_1/share/grupo_1/package.bash'
[1.563s] INFO:colcon.colcon_core.shell:Creating package script '/home/CIN/tjgc/Documents/Robotics/ros2_ws/install/grupo_1/share/grupo_1/package.zsh'
[1.564s] Level 1:colcon.colcon_core.environment:create_file_with_runtime_dependencies(/home/CIN/tjgc/Documents/Robotics/ros2_ws/install/grupo_1/share/colcon-core/packages/grupo_1)
[3.345s] DEBUG:colcon.colcon_core.event_handler.log_command:Invoked command in '/home/CIN/tjgc/Documents/Robotics/ros2_ws/build/arm_interfaces' returned '0': CMAKE_PREFIX_PATH=${CMAKE_PREFIX_PATH}:/opt/ros/jazzy DEBUGINFOD_URLS=https://debuginfod.ubuntu.com /usr/bin/cmake /home/CIN/tjgc/Documents/Robotics/ros2_ws/src/arm_interfaces -DCMAKE_INSTALL_PREFIX=/home/CIN/tjgc/Documents/Robotics/ros2_ws/install/arm_interfaces
[3.347s] DEBUG:colcon.colcon_core.event_handler.log_command:Invoking command in '/home/CIN/tjgc/Documents/Robotics/ros2_ws/build/arm_interfaces': CMAKE_PREFIX_PATH=${CMAKE_PREFIX_PATH}:/opt/ros/jazzy DEBUGINFOD_URLS=https://debuginfod.ubuntu.com /usr/bin/cmake --build /home/CIN/tjgc/Documents/Robotics/ros2_ws/build/arm_interfaces -- -j16 -l16
[5.947s] DEBUG:colcon.colcon_core.event_handler.log_command:Invoked command in '/home/CIN/tjgc/Documents/Robotics/ros2_ws/build/arm_interfaces' returned '0': CMAKE_PREFIX_PATH=${CMAKE_PREFIX_PATH}:/opt/ros/jazzy DEBUGINFOD_URLS=https://debuginfod.ubuntu.com /usr/bin/cmake --build /home/CIN/tjgc/Documents/Robotics/ros2_ws/build/arm_interfaces -- -j16 -l16
[5.957s] DEBUG:colcon.colcon_core.event_handler.log_command:Invoking command in '/home/CIN/tjgc/Documents/Robotics/ros2_ws/build/arm_interfaces': CMAKE_PREFIX_PATH=${CMAKE_PREFIX_PATH}:/opt/ros/jazzy DEBUGINFOD_URLS=https://debuginfod.ubuntu.com /usr/bin/cmake --install /home/CIN/tjgc/Documents/Robotics/ros2_ws/build/arm_interfaces
[6.024s] Level 1:colcon.colcon_core.environment:create_environment_scripts_only(arm_interfaces)
[6.024s] Level 1:colcon.colcon_core.environment:checking '/home/CIN/tjgc/Documents/Robotics/ros2_ws/install/arm_interfaces' for CMake module files
[6.024s] DEBUG:colcon.colcon_core.event_handler.log_command:Invoked command in '/home/CIN/tjgc/Documents/Robotics/ros2_ws/build/arm_interfaces' returned '0': CMAKE_PREFIX_PATH=${CMAKE_PREFIX_PATH}:/opt/ros/jazzy DEBUGINFOD_URLS=https://debuginfod.ubuntu.com /usr/bin/cmake --install /home/CIN/tjgc/Documents/Robotics/ros2_ws/build/arm_interfaces
[6.025s] Level 1:colcon.colcon_core.environment:checking '/home/CIN/tjgc/Documents/Robotics/ros2_ws/install/arm_interfaces' for CMake config files
[6.025s] Level 1:colcon.colcon_core.shell:create_environment_hook('arm_interfaces', 'cmake_prefix_path')
[6.025s] INFO:colcon.colcon_core.shell:Creating environment hook '/home/CIN/tjgc/Documents/Robotics/ros2_ws/install/arm_interfaces/share/arm_interfaces/hook/cmake_prefix_path.ps1'
[6.026s] INFO:colcon.colcon_core.shell:Creating environment descriptor '/home/CIN/tjgc/Documents/Robotics/ros2_ws/install/arm_interfaces/share/arm_interfaces/hook/cmake_prefix_path.dsv'
[6.026s] INFO:colcon.colcon_core.shell:Creating environment hook '/home/CIN/tjgc/Documents/Robotics/ros2_ws/install/arm_interfaces/share/arm_interfaces/hook/cmake_prefix_path.sh'
[6.026s] Level 1:colcon.colcon_core.environment:checking '/home/CIN/tjgc/Documents/Robotics/ros2_ws/install/arm_interfaces/lib'
[6.026s] Level 1:colcon.colcon_core.shell:create_environment_hook('arm_interfaces', 'ld_library_path_lib')
[6.026s] INFO:colcon.colcon_core.shell:Creating environment hook '/home/CIN/tjgc/Documents/Robotics/ros2_ws/install/arm_interfaces/share/arm_interfaces/hook/ld_library_path_lib.ps1'
[6.027s] INFO:colcon.colcon_core.shell:Creating environment descriptor '/home/CIN/tjgc/Documents/Robotics/ros2_ws/install/arm_interfaces/share/arm_interfaces/hook/ld_library_path_lib.dsv'
[6.027s] INFO:colcon.colcon_core.shell:Creating environment hook '/home/CIN/tjgc/Documents/Robotics/ros2_ws/install/arm_interfaces/share/arm_interfaces/hook/ld_library_path_lib.sh'
[6.027s] Level 1:colcon.colcon_core.environment:checking '/home/CIN/tjgc/Documents/Robotics/ros2_ws/install/arm_interfaces/bin'
[6.027s] Level 1:colcon.colcon_core.environment:checking '/home/CIN/tjgc/Documents/Robotics/ros2_ws/install/arm_interfaces/lib/pkgconfig/arm_interfaces.pc'
[6.028s] Level 1:colcon.colcon_core.environment:checking '/home/CIN/tjgc/Documents/Robotics/ros2_ws/install/arm_interfaces/lib/python3.12/site-packages'
[6.028s] Level 1:colcon.colcon_core.shell:create_environment_hook('arm_interfaces', 'pythonpath')
[6.028s] INFO:colcon.colcon_core.shell:Creating environment hook '/home/CIN/tjgc/Documents/Robotics/ros2_ws/install/arm_interfaces/share/arm_interfaces/hook/pythonpath.ps1'
[6.028s] INFO:colcon.colcon_core.shell:Creating environment descriptor '/home/CIN/tjgc/Documents/Robotics/ros2_ws/install/arm_interfaces/share/arm_interfaces/hook/pythonpath.dsv'
[6.028s] INFO:colcon.colcon_core.shell:Creating environment hook '/home/CIN/tjgc/Documents/Robotics/ros2_ws/install/arm_interfaces/share/arm_interfaces/hook/pythonpath.sh'
[6.029s] Level 1:colcon.colcon_core.environment:checking '/home/CIN/tjgc/Documents/Robotics/ros2_ws/install/arm_interfaces/bin'
[6.029s] INFO:colcon.colcon_core.shell:Creating package script '/home/CIN/tjgc/Documents/Robotics/ros2_ws/install/arm_interfaces/share/arm_interfaces/package.ps1'
[6.029s] INFO:colcon.colcon_core.shell:Creating package descriptor '/home/CIN/tjgc/Documents/Robotics/ros2_ws/install/arm_interfaces/share/arm_interfaces/package.dsv'
[6.030s] INFO:colcon.colcon_core.shell:Creating package script '/home/CIN/tjgc/Documents/Robotics/ros2_ws/install/arm_interfaces/share/arm_interfaces/package.sh'
[6.030s] INFO:colcon.colcon_core.shell:Creating package script '/home/CIN/tjgc/Documents/Robotics/ros2_ws/install/arm_interfaces/share/arm_interfaces/package.bash'
[6.030s] INFO:colcon.colcon_core.shell:Creating package script '/home/CIN/tjgc/Documents/Robotics/ros2_ws/install/arm_interfaces/share/arm_interfaces/package.zsh'
[6.030s] Level 1:colcon.colcon_core.environment:create_file_with_runtime_dependencies(/home/CIN/tjgc/Documents/Robotics/ros2_ws/install/arm_interfaces/share/colcon-core/packages/arm_interfaces)
[6.031s] Level 1:colcon.colcon_core.environment:create_environment_scripts_only(arm_interfaces)
[6.031s] Level 1:colcon.colcon_core.environment:checking '/home/CIN/tjgc/Documents/Robotics/ros2_ws/install/arm_interfaces' for CMake module files
[6.032s] Level 1:colcon.colcon_core.environment:checking '/home/CIN/tjgc/Documents/Robotics/ros2_ws/install/arm_interfaces' for CMake config files
[6.032s] Level 1:colcon.colcon_core.shell:create_environment_hook('arm_interfaces', 'cmake_prefix_path')
[6.032s] INFO:colcon.colcon_core.shell:Creating environment hook '/home/CIN/tjgc/Documents/Robotics/ros2_ws/install/arm_interfaces/share/arm_interfaces/hook/cmake_prefix_path.ps1'
[6.032s] INFO:colcon.colcon_core.shell:Creating environment descriptor '/home/CIN/tjgc/Documents/Robotics/ros2_ws/install/arm_interfaces/share/arm_interfaces/hook/cmake_prefix_path.dsv'
[6.033s] INFO:colcon.colcon_core.shell:Creating environment hook '/home/CIN/tjgc/Documents/Robotics/ros2_ws/install/arm_interfaces/share/arm_interfaces/hook/cmake_prefix_path.sh'
[6.033s] Level 1:colcon.colcon_core.environment:checking '/home/CIN/tjgc/Documents/Robotics/ros2_ws/install/arm_interfaces/lib'
[6.033s] Level 1:colcon.colcon_core.shell:create_environment_hook('arm_interfaces', 'ld_library_path_lib')
[6.033s] INFO:colcon.colcon_core.shell:Creating environment hook '/home/CIN/tjgc/Documents/Robotics/ros2_ws/install/arm_interfaces/share/arm_interfaces/hook/ld_library_path_lib.ps1'
[6.033s] INFO:colcon.colcon_core.shell:Creating environment descriptor '/home/CIN/tjgc/Documents/Robotics/ros2_ws/install/arm_interfaces/share/arm_interfaces/hook/ld_library_path_lib.dsv'
[6.034s] INFO:colcon.colcon_core.shell:Creating environment hook '/home/CIN/tjgc/Documents/Robotics/ros2_ws/install/arm_interfaces/share/arm_interfaces/hook/ld_library_path_lib.sh'
[6.034s] Level 1:colcon.colcon_core.environment:checking '/home/CIN/tjgc/Documents/Robotics/ros2_ws/install/arm_interfaces/bin'
[6.034s] Level 1:colcon.colcon_core.environment:checking '/home/CIN/tjgc/Documents/Robotics/ros2_ws/install/arm_interfaces/lib/pkgconfig/arm_interfaces.pc'
[6.034s] Level 1:colcon.colcon_core.environment:checking '/home/CIN/tjgc/Documents/Robotics/ros2_ws/install/arm_interfaces/lib/python3.12/site-packages'
[6.034s] Level 1:colcon.colcon_core.shell:create_environment_hook('arm_interfaces', 'pythonpath')
[6.034s] INFO:colcon.colcon_core.shell:Creating environment hook '/home/CIN/tjgc/Documents/Robotics/ros2_ws/install/arm_interfaces/share/arm_interfaces/hook/pythonpath.ps1'
[6.035s] INFO:colcon.colcon_core.shell:Creating environment descriptor '/home/CIN/tjgc/Documents/Robotics/ros2_ws/install/arm_interfaces/share/arm_interfaces/hook/pythonpath.dsv'
[6.035s] INFO:colcon.colcon_core.shell:Creating environment hook '/home/CIN/tjgc/Documents/Robotics/ros2_ws/install/arm_interfaces/share/arm_interfaces/hook/pythonpath.sh'
[6.035s] Level 1:colcon.colcon_core.environment:checking '/home/CIN/tjgc/Documents/Robotics/ros2_ws/install/arm_interfaces/bin'
[6.036s] INFO:colcon.colcon_core.shell:Creating package script '/home/CIN/tjgc/Documents/Robotics/ros2_ws/install/arm_interfaces/share/arm_interfaces/package.ps1'
[6.036s] INFO:colcon.colcon_core.shell:Creating package descriptor '/home/CIN/tjgc/Documents/Robotics/ros2_ws/install/arm_interfaces/share/arm_interfaces/package.dsv'
[6.036s] INFO:colcon.colcon_core.shell:Creating package script '/home/CIN/tjgc/Documents/Robotics/ros2_ws/install/arm_interfaces/share/arm_interfaces/package.sh'
[6.037s] INFO:colcon.colcon_core.shell:Creating package script '/home/CIN/tjgc/Documents/Robotics/ros2_ws/install/arm_interfaces/share/arm_interfaces/package.bash'
[6.037s] INFO:colcon.colcon_core.shell:Creating package script '/home/CIN/tjgc/Documents/Robotics/ros2_ws/install/arm_interfaces/share/arm_interfaces/package.zsh'
[6.037s] Level 1:colcon.colcon_core.environment:create_file_with_runtime_dependencies(/home/CIN/tjgc/Documents/Robotics/ros2_ws/install/arm_interfaces/share/colcon-core/packages/arm_interfaces)
[6.038s] DEBUG:colcon.colcon_parallel_executor.executor.parallel:closing loop
[6.038s] DEBUG:colcon.colcon_parallel_executor.executor.parallel:loop closed
[6.038s] DEBUG:colcon.colcon_parallel_executor.executor.parallel:run_until_complete finished with '0'
[6.038s] DEBUG:colcon.colcon_core.event_reactor:joining thread
[6.044s] INFO:colcon.colcon_core.plugin_system:Skipping extension 'colcon_notification.desktop_notification.terminal_notifier': Not used on non-Darwin systems
[6.044s] INFO:colcon.colcon_core.plugin_system:Skipping extension 'colcon_notification.desktop_notification.win32': Not used on non-Windows systems
[6.044s] INFO:colcon.colcon_notification.desktop_notification:Sending desktop notification using 'notify2'
[6.064s] DEBUG:colcon.colcon_core.event_reactor:joined thread
[6.065s] INFO:colcon.colcon_core.shell:Creating prefix script '/home/CIN/tjgc/Documents/Robotics/ros2_ws/install/local_setup.ps1'
[6.066s] INFO:colcon.colcon_core.shell:Creating prefix util module '/home/CIN/tjgc/Documents/Robotics/ros2_ws/install/_local_setup_util_ps1.py'
[6.067s] INFO:colcon.colcon_core.shell:Creating prefix chain script '/home/CIN/tjgc/Documents/Robotics/ros2_ws/install/setup.ps1'
[6.068s] INFO:colcon.colcon_core.shell:Creating prefix script '/home/CIN/tjgc/Documents/Robotics/ros2_ws/install/local_setup.sh'
[6.068s] INFO:colcon.colcon_core.shell:Creating prefix util module '/home/CIN/tjgc/Documents/Robotics/ros2_ws/install/_local_setup_util_sh.py'
[6.069s] INFO:colcon.colcon_core.shell:Creating prefix chain script '/home/CIN/tjgc/Documents/Robotics/ros2_ws/install/setup.sh'
[6.069s] INFO:colcon.colcon_core.shell:Creating prefix script '/home/CIN/tjgc/Documents/Robotics/ros2_ws/install/local_setup.bash'
[6.070s] INFO:colcon.colcon_core.shell:Creating prefix chain script '/home/CIN/tjgc/Documents/Robotics/ros2_ws/install/setup.bash'
[6.071s] INFO:colcon.colcon_core.shell:Creating prefix script '/home/CIN/tjgc/Documents/Robotics/ros2_ws/install/local_setup.zsh'
[6.072s] INFO:colcon.colcon_core.shell:Creating prefix chain script '/home/CIN/tjgc/Documents/Robotics/ros2_ws/install/setup.zsh'
