[0.014s] Invoking command in '/home/CIN/tjgc/Documents/Robotics/build/arm_interfaces': CMAKE_PREFIX_PATH=${CMAKE_PREFIX_PATH}:/opt/ros/jazzy DEBUGINFOD_URLS=https://debuginfod.ubuntu.com /usr/bin/cmake /home/CIN/tjgc/Documents/Robotics/ros2_ws/src/arm_interfaces -DCMAKE_INSTALL_PREFIX=/home/CIN/tjgc/Documents/Robotics/install/arm_interfaces
[0.141s] -- The C compiler identification is GNU 13.2.0
[0.258s] -- The CXX compiler identification is GNU 13.2.0
[0.278s] -- Detecting C compiler ABI info
[0.368s] -- Detecting C compiler ABI info - done
[0.375s] -- Check for working C compiler: /usr/bin/cc - skipped
[0.375s] -- Detecting C compile features
[0.375s] -- Detecting C compile features - done
[0.385s] -- Detecting CXX compiler ABI info
[0.477s] -- Detecting CXX compiler ABI info - done
[0.485s] -- Check for working CXX compiler: /usr/bin/c++ - skipped
[0.485s] -- Detecting CXX compile features
[0.485s] -- Detecting CXX compile features - done
[0.495s] -- Found ament_cmake: 2.5.4 (/opt/ros/jazzy/share/ament_cmake/cmake)
[0.610s] -- Found Python3: /usr/bin/python3 (found version "3.12.3") found components: Interpreter 
[0.720s] -- Found trajectory_msgs: 5.3.6 (/opt/ros/jazzy/share/trajectory_msgs/cmake)
[0.757s] -- Found rosidl_generator_c: 4.6.5 (/opt/ros/jazzy/share/rosidl_generator_c/cmake)
[0.770s] -- Found rosidl_generator_cpp: 4.6.5 (/opt/ros/jazzy/share/rosidl_generator_cpp/cmake)
[0.785s] -- Using all available rosidl_typesupport_c: rosidl_typesupport_fastrtps_c;rosidl_typesupport_introspection_c
[0.802s] -- Using all available rosidl_typesupport_cpp: rosidl_typesupport_fastrtps_cpp;rosidl_typesupport_introspection_cpp
[0.868s] -- Found rosidl_default_generators: 1.6.0 (/opt/ros/jazzy/share/rosidl_default_generators/cmake)
[0.880s] -- Found rosidl_adapter: 4.6.5 (/opt/ros/jazzy/share/rosidl_adapter/cmake)
[0.884s] -- Found ament_lint_auto: 0.17.2 (/opt/ros/jazzy/share/ament_lint_auto/cmake)
[1.365s] -- Found ament_cmake_ros: 0.12.0 (/opt/ros/jazzy/share/ament_cmake_ros/cmake)
[2.005s] -- Using all available rosidl_typesupport_c: rosidl_typesupport_fastrtps_c;rosidl_typesupport_introspection_c
[2.259s] -- Using all available rosidl_typesupport_cpp: rosidl_typesupport_fastrtps_cpp;rosidl_typesupport_introspection_cpp
[2.263s] -- Found python_cmake_module: 0.11.1 (/opt/ros/jazzy/share/python_cmake_module/cmake)
[2.364s] -- Found PythonExtra: /usr/bin/python3  
[2.681s] -- Found Python3: /usr/bin/python3 (found version "3.12.3") found components: Interpreter Development NumPy Development.Module Development.Embed 
[2.732s] -- Added test 'lint_cmake' to check CMake code style
[2.733s] -- Added test 'xmllint' to check XML markup files
[2.739s] -- Configuring done (2.7s)
[2.772s] -- Generating done (0.0s)
[2.781s] -- Build files have been written to: /home/CIN/tjgc/Documents/Robotics/build/arm_interfaces
[2.790s] Invoked command in '/home/CIN/tjgc/Documents/Robotics/build/arm_interfaces' returned '0': CMAKE_PREFIX_PATH=${CMAKE_PREFIX_PATH}:/opt/ros/jazzy DEBUGINFOD_URLS=https://debuginfod.ubuntu.com /usr/bin/cmake /home/CIN/tjgc/Documents/Robotics/ros2_ws/src/arm_interfaces -DCMAKE_INSTALL_PREFIX=/home/CIN/tjgc/Documents/Robotics/install/arm_interfaces
[2.792s] Invoking command in '/home/CIN/tjgc/Documents/Robotics/build/arm_interfaces': CMAKE_PREFIX_PATH=${CMAKE_PREFIX_PATH}:/opt/ros/jazzy DEBUGINFOD_URLS=https://debuginfod.ubuntu.com /usr/bin/cmake --build /home/CIN/tjgc/Documents/Robotics/build/arm_interfaces -- -j16 -l16
[2.836s] [  2%] [34m[1mGenerating type hashes for ROS interfaces[0m
[2.843s] [  2%] Built target ament_cmake_python_copy_arm_interfaces
[2.972s] [  2%] Built target arm_interfaces__rosidl_generator_type_description
[2.983s] [  5%] [34m[1mGenerating C code for ROS interfaces[0m
[2.993s] [  8%] [34m[1mGenerating C++ code for ROS interfaces[0m
[3.002s] running egg_info
[3.002s] creating arm_interfaces.egg-info
[3.017s] writing arm_interfaces.egg-info/PKG-INFO
[3.017s] writing dependency_links to arm_interfaces.egg-info/dependency_links.txt
[3.018s] writing top-level names to arm_interfaces.egg-info/top_level.txt
[3.018s] writing manifest file 'arm_interfaces.egg-info/SOURCES.txt'
[3.060s] reading manifest file 'arm_interfaces.egg-info/SOURCES.txt'
[3.060s] writing manifest file 'arm_interfaces.egg-info/SOURCES.txt'
[3.082s] [  8%] Built target ament_cmake_python_build_arm_interfaces_egg
[3.189s] [  8%] Built target arm_interfaces__cpp
[3.210s] [ 14%] [32mBuilding C object CMakeFiles/arm_interfaces__rosidl_generator_c.dir/rosidl_generator_c/arm_interfaces/srv/detail/follow_trajectory__description.c.o[0m
[3.211s] [ 17%] [32mBuilding C object CMakeFiles/arm_interfaces__rosidl_generator_c.dir/rosidl_generator_c/arm_interfaces/srv/detail/follow_trajectory__functions.c.o[0m
[3.211s] [ 17%] [32mBuilding C object CMakeFiles/arm_interfaces__rosidl_generator_c.dir/rosidl_generator_c/arm_interfaces/srv/detail/follow_trajectory__type_support.c.o[0m
[3.290s] [ 20%] [32m[1mLinking C shared library libarm_interfaces__rosidl_generator_c.so[0m
[3.326s] [ 20%] Built target arm_interfaces__rosidl_generator_c
[3.336s] [ 38%] [34m[1mGenerating C type support for eProsima Fast-RTPS[0m
[3.336s] [ 38%] [34m[1mGenerating C++ introspection for ROS interfaces[0m
[3.336s] [ 38%] [34m[1mGenerating C type support dispatch for ROS interfaces[0m
[3.336s] [ 38%] [34m[1mGenerating C++ type support dispatch for ROS interfaces[0m
[3.336s] [ 38%] [34m[1mGenerating C introspection for ROS interfaces[0m
[3.336s] [ 38%] [34m[1mGenerating C++ type support for eProsima Fast-RTPS[0m
[3.528s] [ 41%] [32mBuilding CXX object CMakeFiles/arm_interfaces__rosidl_typesupport_c.dir/rosidl_typesupport_c/arm_interfaces/srv/follow_trajectory__type_support.cpp.o[0m
[3.530s] [ 44%] [32mBuilding CXX object CMakeFiles/arm_interfaces__rosidl_typesupport_cpp.dir/rosidl_typesupport_cpp/arm_interfaces/srv/follow_trajectory__type_support.cpp.o[0m
[3.552s] [ 47%] [32mBuilding CXX object CMakeFiles/arm_interfaces__rosidl_typesupport_introspection_cpp.dir/rosidl_typesupport_introspection_cpp/arm_interfaces/srv/detail/follow_trajectory__type_support.cpp.o[0m
[3.556s] [ 50%] [32mBuilding C object CMakeFiles/arm_interfaces__rosidl_typesupport_introspection_c.dir/rosidl_typesupport_introspection_c/arm_interfaces/srv/detail/follow_trajectory__type_support.c.o[0m
[3.584s] [ 55%] [32m[1mLinking CXX shared library libarm_interfaces__rosidl_typesupport_c.so[0m
[3.585s] [ 55%] [32mBuilding CXX object CMakeFiles/arm_interfaces__rosidl_typesupport_fastrtps_cpp.dir/rosidl_typesupport_fastrtps_cpp/arm_interfaces/srv/detail/dds_fastrtps/follow_trajectory__type_support.cpp.o[0m
[3.594s] [ 58%] [32mBuilding CXX object CMakeFiles/arm_interfaces__rosidl_typesupport_fastrtps_c.dir/rosidl_typesupport_fastrtps_c/arm_interfaces/srv/detail/follow_trajectory__type_support_c.cpp.o[0m
[3.610s] [ 61%] [32m[1mLinking C shared library libarm_interfaces__rosidl_typesupport_introspection_c.so[0m
[3.624s] [ 61%] Built target arm_interfaces__rosidl_typesupport_c
[3.644s] [ 61%] Built target arm_interfaces__rosidl_typesupport_introspection_c
[4.020s] [ 64%] [32m[1mLinking CXX shared library libarm_interfaces__rosidl_typesupport_cpp.so[0m
[4.076s] [ 67%] [32m[1mLinking CXX shared library libarm_interfaces__rosidl_typesupport_fastrtps_c.so[0m
[4.086s] [ 67%] Built target arm_interfaces__rosidl_typesupport_cpp
[4.119s] [ 70%] [32m[1mLinking CXX shared library libarm_interfaces__rosidl_typesupport_introspection_cpp.so[0m
[4.123s] [ 70%] Built target arm_interfaces__rosidl_typesupport_fastrtps_c
[4.183s] [ 70%] Built target arm_interfaces__rosidl_typesupport_introspection_cpp
[4.245s] [ 73%] [32m[1mLinking CXX shared library libarm_interfaces__rosidl_typesupport_fastrtps_cpp.so[0m
[4.307s] [ 73%] Built target arm_interfaces__rosidl_typesupport_fastrtps_cpp
[4.325s] [ 73%] Built target arm_interfaces
[4.342s] [ 76%] [34m[1mGenerating Python code for ROS interfaces[0m
[4.586s] [ 76%] Built target arm_interfaces__py
[4.603s] [ 79%] [32mBuilding C object CMakeFiles/arm_interfaces__rosidl_generator_py.dir/rosidl_generator_py/arm_interfaces/srv/_follow_trajectory_s.c.o[0m
[4.753s] [ 82%] [32m[1mLinking C shared library libarm_interfaces__rosidl_generator_py.so[0m
[4.794s] [ 82%] Built target arm_interfaces__rosidl_generator_py
[4.813s] [ 88%] [32mBuilding C object CMakeFiles/arm_interfaces_s__rosidl_typesupport_c.dir/rosidl_generator_py/arm_interfaces/_arm_interfaces_s.ep.rosidl_typesupport_c.c.o[0m
[4.813s] [ 88%] [32mBuilding C object CMakeFiles/arm_interfaces_s__rosidl_typesupport_introspection_c.dir/rosidl_generator_py/arm_interfaces/_arm_interfaces_s.ep.rosidl_typesupport_introspection_c.c.o[0m
[4.814s] [ 91%] [32mBuilding C object CMakeFiles/arm_interfaces_s__rosidl_typesupport_fastrtps_c.dir/rosidl_generator_py/arm_interfaces/_arm_interfaces_s.ep.rosidl_typesupport_fastrtps_c.c.o[0m
[4.938s] [ 94%] [32m[1mLinking C shared module rosidl_generator_py/arm_interfaces/arm_interfaces_s__rosidl_typesupport_introspection_c.so[0m
[4.948s] [ 97%] [32m[1mLinking C shared module rosidl_generator_py/arm_interfaces/arm_interfaces_s__rosidl_typesupport_c.so[0m
[4.951s] [100%] [32m[1mLinking C shared module rosidl_generator_py/arm_interfaces/arm_interfaces_s__rosidl_typesupport_fastrtps_c.so[0m
[4.970s] [100%] Built target arm_interfaces_s__rosidl_typesupport_introspection_c
[4.977s] [100%] Built target arm_interfaces_s__rosidl_typesupport_c
[4.982s] [100%] Built target arm_interfaces_s__rosidl_typesupport_fastrtps_c
[4.992s] Invoked command in '/home/CIN/tjgc/Documents/Robotics/build/arm_interfaces' returned '0': CMAKE_PREFIX_PATH=${CMAKE_PREFIX_PATH}:/opt/ros/jazzy DEBUGINFOD_URLS=https://debuginfod.ubuntu.com /usr/bin/cmake --build /home/CIN/tjgc/Documents/Robotics/build/arm_interfaces -- -j16 -l16
[5.000s] Invoking command in '/home/CIN/tjgc/Documents/Robotics/build/arm_interfaces': CMAKE_PREFIX_PATH=${CMAKE_PREFIX_PATH}:/opt/ros/jazzy DEBUGINFOD_URLS=https://debuginfod.ubuntu.com /usr/bin/cmake --install /home/CIN/tjgc/Documents/Robotics/build/arm_interfaces
[5.006s] -- Install configuration: ""
[5.006s] -- Installing: /home/CIN/tjgc/Documents/Robotics/install/arm_interfaces/share/ament_index/resource_index/rosidl_interfaces/arm_interfaces
[5.007s] -- Installing: /home/CIN/tjgc/Documents/Robotics/install/arm_interfaces/share/arm_interfaces/srv/FollowTrajectory.json
[5.007s] -- Installing: /home/CIN/tjgc/Documents/Robotics/install/arm_interfaces/include/arm_interfaces/arm_interfaces
[5.007s] -- Installing: /home/CIN/tjgc/Documents/Robotics/install/arm_interfaces/include/arm_interfaces/arm_interfaces/msg
[5.007s] -- Installing: /home/CIN/tjgc/Documents/Robotics/install/arm_interfaces/include/arm_interfaces/arm_interfaces/msg/rosidl_generator_c__visibility_control.h
[5.007s] -- Installing: /home/CIN/tjgc/Documents/Robotics/install/arm_interfaces/include/arm_interfaces/arm_interfaces/srv
[5.007s] -- Installing: /home/CIN/tjgc/Documents/Robotics/install/arm_interfaces/include/arm_interfaces/arm_interfaces/srv/detail
[5.008s] -- Installing: /home/CIN/tjgc/Documents/Robotics/install/arm_interfaces/include/arm_interfaces/arm_interfaces/srv/detail/follow_trajectory__functions.h
[5.008s] -- Installing: /home/CIN/tjgc/Documents/Robotics/install/arm_interfaces/include/arm_interfaces/arm_interfaces/srv/detail/follow_trajectory__description.c
[5.008s] -- Installing: /home/CIN/tjgc/Documents/Robotics/install/arm_interfaces/include/arm_interfaces/arm_interfaces/srv/detail/follow_trajectory__type_support.h
[5.008s] -- Installing: /home/CIN/tjgc/Documents/Robotics/install/arm_interfaces/include/arm_interfaces/arm_interfaces/srv/detail/follow_trajectory__struct.h
[5.008s] -- Installing: /home/CIN/tjgc/Documents/Robotics/install/arm_interfaces/include/arm_interfaces/arm_interfaces/srv/detail/follow_trajectory__type_support.c
[5.008s] -- Installing: /home/CIN/tjgc/Documents/Robotics/install/arm_interfaces/include/arm_interfaces/arm_interfaces/srv/detail/follow_trajectory__functions.c
[5.008s] -- Installing: /home/CIN/tjgc/Documents/Robotics/install/arm_interfaces/include/arm_interfaces/arm_interfaces/srv/follow_trajectory.h
[5.008s] -- Installing: /home/CIN/tjgc/Documents/Robotics/install/arm_interfaces/share/arm_interfaces/environment/library_path.sh
[5.008s] -- Installing: /home/CIN/tjgc/Documents/Robotics/install/arm_interfaces/share/arm_interfaces/environment/library_path.dsv
[5.008s] -- Installing: /home/CIN/tjgc/Documents/Robotics/install/arm_interfaces/lib/libarm_interfaces__rosidl_generator_c.so
[5.009s] -- Set non-toolchain portion of runtime path of "/home/CIN/tjgc/Documents/Robotics/install/arm_interfaces/lib/libarm_interfaces__rosidl_generator_c.so" to ""
[5.009s] -- Up-to-date: /home/CIN/tjgc/Documents/Robotics/install/arm_interfaces/include/arm_interfaces/arm_interfaces
[5.009s] -- Up-to-date: /home/CIN/tjgc/Documents/Robotics/install/arm_interfaces/include/arm_interfaces/arm_interfaces/msg
[5.009s] -- Installing: /home/CIN/tjgc/Documents/Robotics/install/arm_interfaces/include/arm_interfaces/arm_interfaces/msg/rosidl_typesupport_fastrtps_c__visibility_control.h
[5.009s] -- Up-to-date: /home/CIN/tjgc/Documents/Robotics/install/arm_interfaces/include/arm_interfaces/arm_interfaces/srv
[5.009s] -- Up-to-date: /home/CIN/tjgc/Documents/Robotics/install/arm_interfaces/include/arm_interfaces/arm_interfaces/srv/detail
[5.009s] -- Installing: /home/CIN/tjgc/Documents/Robotics/install/arm_interfaces/include/arm_interfaces/arm_interfaces/srv/detail/follow_trajectory__rosidl_typesupport_fastrtps_c.h
[5.009s] -- Installing: /home/CIN/tjgc/Documents/Robotics/install/arm_interfaces/lib/libarm_interfaces__rosidl_typesupport_fastrtps_c.so
[5.010s] -- Set non-toolchain portion of runtime path of "/home/CIN/tjgc/Documents/Robotics/install/arm_interfaces/lib/libarm_interfaces__rosidl_typesupport_fastrtps_c.so" to ""
[5.010s] -- Up-to-date: /home/CIN/tjgc/Documents/Robotics/install/arm_interfaces/include/arm_interfaces/arm_interfaces
[5.010s] -- Up-to-date: /home/CIN/tjgc/Documents/Robotics/install/arm_interfaces/include/arm_interfaces/arm_interfaces/msg
[5.010s] -- Installing: /home/CIN/tjgc/Documents/Robotics/install/arm_interfaces/include/arm_interfaces/arm_interfaces/msg/rosidl_generator_cpp__visibility_control.hpp
[5.010s] -- Up-to-date: /home/CIN/tjgc/Documents/Robotics/install/arm_interfaces/include/arm_interfaces/arm_interfaces/srv
[5.010s] -- Up-to-date: /home/CIN/tjgc/Documents/Robotics/install/arm_interfaces/include/arm_interfaces/arm_interfaces/srv/detail
[5.010s] -- Installing: /home/CIN/tjgc/Documents/Robotics/install/arm_interfaces/include/arm_interfaces/arm_interfaces/srv/detail/follow_trajectory__builder.hpp
[5.010s] -- Installing: /home/CIN/tjgc/Documents/Robotics/install/arm_interfaces/include/arm_interfaces/arm_interfaces/srv/detail/follow_trajectory__type_support.hpp
[5.010s] -- Installing: /home/CIN/tjgc/Documents/Robotics/install/arm_interfaces/include/arm_interfaces/arm_interfaces/srv/detail/follow_trajectory__struct.hpp
[5.011s] -- Installing: /home/CIN/tjgc/Documents/Robotics/install/arm_interfaces/include/arm_interfaces/arm_interfaces/srv/detail/follow_trajectory__traits.hpp
[5.011s] -- Installing: /home/CIN/tjgc/Documents/Robotics/install/arm_interfaces/include/arm_interfaces/arm_interfaces/srv/follow_trajectory.hpp
[5.011s] -- Up-to-date: /home/CIN/tjgc/Documents/Robotics/install/arm_interfaces/include/arm_interfaces/arm_interfaces
[5.011s] -- Up-to-date: /home/CIN/tjgc/Documents/Robotics/install/arm_interfaces/include/arm_interfaces/arm_interfaces/msg
[5.011s] -- Installing: /home/CIN/tjgc/Documents/Robotics/install/arm_interfaces/include/arm_interfaces/arm_interfaces/msg/rosidl_typesupport_fastrtps_cpp__visibility_control.h
[5.011s] -- Up-to-date: /home/CIN/tjgc/Documents/Robotics/install/arm_interfaces/include/arm_interfaces/arm_interfaces/srv
[5.011s] -- Up-to-date: /home/CIN/tjgc/Documents/Robotics/install/arm_interfaces/include/arm_interfaces/arm_interfaces/srv/detail
[5.011s] -- Installing: /home/CIN/tjgc/Documents/Robotics/install/arm_interfaces/include/arm_interfaces/arm_interfaces/srv/detail/dds_fastrtps
[5.011s] -- Installing: /home/CIN/tjgc/Documents/Robotics/install/arm_interfaces/include/arm_interfaces/arm_interfaces/srv/detail/follow_trajectory__rosidl_typesupport_fastrtps_cpp.hpp
[5.011s] -- Installing: /home/CIN/tjgc/Documents/Robotics/install/arm_interfaces/lib/libarm_interfaces__rosidl_typesupport_fastrtps_cpp.so
[5.012s] -- Set non-toolchain portion of runtime path of "/home/CIN/tjgc/Documents/Robotics/install/arm_interfaces/lib/libarm_interfaces__rosidl_typesupport_fastrtps_cpp.so" to ""
[5.012s] -- Up-to-date: /home/CIN/tjgc/Documents/Robotics/install/arm_interfaces/include/arm_interfaces/arm_interfaces
[5.012s] -- Up-to-date: /home/CIN/tjgc/Documents/Robotics/install/arm_interfaces/include/arm_interfaces/arm_interfaces/msg
[5.012s] -- Installing: /home/CIN/tjgc/Documents/Robotics/install/arm_interfaces/include/arm_interfaces/arm_interfaces/msg/rosidl_typesupport_introspection_c__visibility_control.h
[5.012s] -- Up-to-date: /home/CIN/tjgc/Documents/Robotics/install/arm_interfaces/include/arm_interfaces/arm_interfaces/srv
[5.012s] -- Up-to-date: /home/CIN/tjgc/Documents/Robotics/install/arm_interfaces/include/arm_interfaces/arm_interfaces/srv/detail
[5.012s] -- Installing: /home/CIN/tjgc/Documents/Robotics/install/arm_interfaces/include/arm_interfaces/arm_interfaces/srv/detail/follow_trajectory__rosidl_typesupport_introspection_c.h
[5.012s] -- Installing: /home/CIN/tjgc/Documents/Robotics/install/arm_interfaces/include/arm_interfaces/arm_interfaces/srv/detail/follow_trajectory__type_support.c
[5.013s] -- Installing: /home/CIN/tjgc/Documents/Robotics/install/arm_interfaces/lib/libarm_interfaces__rosidl_typesupport_introspection_c.so
[5.013s] -- Set non-toolchain portion of runtime path of "/home/CIN/tjgc/Documents/Robotics/install/arm_interfaces/lib/libarm_interfaces__rosidl_typesupport_introspection_c.so" to ""
[5.013s] -- Installing: /home/CIN/tjgc/Documents/Robotics/install/arm_interfaces/lib/libarm_interfaces__rosidl_typesupport_c.so
[5.013s] -- Set non-toolchain portion of runtime path of "/home/CIN/tjgc/Documents/Robotics/install/arm_interfaces/lib/libarm_interfaces__rosidl_typesupport_c.so" to ""
[5.014s] -- Up-to-date: /home/CIN/tjgc/Documents/Robotics/install/arm_interfaces/include/arm_interfaces/arm_interfaces
[5.014s] -- Up-to-date: /home/CIN/tjgc/Documents/Robotics/install/arm_interfaces/include/arm_interfaces/arm_interfaces/srv
[5.014s] -- Up-to-date: /home/CIN/tjgc/Documents/Robotics/install/arm_interfaces/include/arm_interfaces/arm_interfaces/srv/detail
[5.014s] -- Installing: /home/CIN/tjgc/Documents/Robotics/install/arm_interfaces/include/arm_interfaces/arm_interfaces/srv/detail/follow_trajectory__type_support.cpp
[5.014s] -- Installing: /home/CIN/tjgc/Documents/Robotics/install/arm_interfaces/include/arm_interfaces/arm_interfaces/srv/detail/follow_trajectory__rosidl_typesupport_introspection_cpp.hpp
[5.014s] -- Installing: /home/CIN/tjgc/Documents/Robotics/install/arm_interfaces/lib/libarm_interfaces__rosidl_typesupport_introspection_cpp.so
[5.015s] -- Set non-toolchain portion of runtime path of "/home/CIN/tjgc/Documents/Robotics/install/arm_interfaces/lib/libarm_interfaces__rosidl_typesupport_introspection_cpp.so" to ""
[5.015s] -- Installing: /home/CIN/tjgc/Documents/Robotics/install/arm_interfaces/lib/libarm_interfaces__rosidl_typesupport_cpp.so
[5.015s] -- Set non-toolchain portion of runtime path of "/home/CIN/tjgc/Documents/Robotics/install/arm_interfaces/lib/libarm_interfaces__rosidl_typesupport_cpp.so" to ""
[5.015s] -- Installing: /home/CIN/tjgc/Documents/Robotics/install/arm_interfaces/share/arm_interfaces/environment/pythonpath.sh
[5.015s] -- Installing: /home/CIN/tjgc/Documents/Robotics/install/arm_interfaces/share/arm_interfaces/environment/pythonpath.dsv
[5.015s] -- Installing: /home/CIN/tjgc/Documents/Robotics/install/arm_interfaces/lib/python3.12/site-packages/arm_interfaces-0.0.0-py3.12.egg-info
[5.016s] -- Installing: /home/CIN/tjgc/Documents/Robotics/install/arm_interfaces/lib/python3.12/site-packages/arm_interfaces-0.0.0-py3.12.egg-info/SOURCES.txt
[5.016s] -- Installing: /home/CIN/tjgc/Documents/Robotics/install/arm_interfaces/lib/python3.12/site-packages/arm_interfaces-0.0.0-py3.12.egg-info/PKG-INFO
[5.016s] -- Installing: /home/CIN/tjgc/Documents/Robotics/install/arm_interfaces/lib/python3.12/site-packages/arm_interfaces-0.0.0-py3.12.egg-info/top_level.txt
[5.016s] -- Installing: /home/CIN/tjgc/Documents/Robotics/install/arm_interfaces/lib/python3.12/site-packages/arm_interfaces-0.0.0-py3.12.egg-info/dependency_links.txt
[5.016s] -- Installing: /home/CIN/tjgc/Documents/Robotics/install/arm_interfaces/lib/python3.12/site-packages/arm_interfaces
[5.016s] -- Installing: /home/CIN/tjgc/Documents/Robotics/install/arm_interfaces/lib/python3.12/site-packages/arm_interfaces/__init__.py
[5.016s] -- Installing: /home/CIN/tjgc/Documents/Robotics/install/arm_interfaces/lib/python3.12/site-packages/arm_interfaces/arm_interfaces_s__rosidl_typesupport_introspection_c.so
[5.017s] -- Installing: /home/CIN/tjgc/Documents/Robotics/install/arm_interfaces/lib/python3.12/site-packages/arm_interfaces/_arm_interfaces_s.ep.rosidl_typesupport_fastrtps_c.c
[5.017s] -- Installing: /home/CIN/tjgc/Documents/Robotics/install/arm_interfaces/lib/python3.12/site-packages/arm_interfaces/arm_interfaces_s__rosidl_typesupport_c.so
[5.017s] -- Installing: /home/CIN/tjgc/Documents/Robotics/install/arm_interfaces/lib/python3.12/site-packages/arm_interfaces/_arm_interfaces_s.ep.rosidl_typesupport_c.c
[5.017s] -- Installing: /home/CIN/tjgc/Documents/Robotics/install/arm_interfaces/lib/python3.12/site-packages/arm_interfaces/_arm_interfaces_s.ep.rosidl_typesupport_introspection_c.c
[5.017s] -- Installing: /home/CIN/tjgc/Documents/Robotics/install/arm_interfaces/lib/python3.12/site-packages/arm_interfaces/srv
[5.017s] -- Installing: /home/CIN/tjgc/Documents/Robotics/install/arm_interfaces/lib/python3.12/site-packages/arm_interfaces/srv/__init__.py
[5.017s] -- Installing: /home/CIN/tjgc/Documents/Robotics/install/arm_interfaces/lib/python3.12/site-packages/arm_interfaces/srv/_follow_trajectory.py
[5.017s] -- Installing: /home/CIN/tjgc/Documents/Robotics/install/arm_interfaces/lib/python3.12/site-packages/arm_interfaces/srv/_follow_trajectory_s.c
[5.018s] -- Installing: /home/CIN/tjgc/Documents/Robotics/install/arm_interfaces/lib/python3.12/site-packages/arm_interfaces/arm_interfaces_s__rosidl_typesupport_fastrtps_c.so
[5.050s] Listing '/home/CIN/tjgc/Documents/Robotics/install/arm_interfaces/lib/python3.12/site-packages/arm_interfaces'...
[5.050s] Compiling '/home/CIN/tjgc/Documents/Robotics/install/arm_interfaces/lib/python3.12/site-packages/arm_interfaces/__init__.py'...
[5.050s] Listing '/home/CIN/tjgc/Documents/Robotics/install/arm_interfaces/lib/python3.12/site-packages/arm_interfaces/srv'...
[5.050s] Compiling '/home/CIN/tjgc/Documents/Robotics/install/arm_interfaces/lib/python3.12/site-packages/arm_interfaces/srv/__init__.py'...
[5.051s] Compiling '/home/CIN/tjgc/Documents/Robotics/install/arm_interfaces/lib/python3.12/site-packages/arm_interfaces/srv/_follow_trajectory.py'...
[5.054s] -- Installing: /home/CIN/tjgc/Documents/Robotics/install/arm_interfaces/lib/python3.12/site-packages/arm_interfaces/arm_interfaces_s__rosidl_typesupport_fastrtps_c.so
[5.055s] -- Set non-toolchain portion of runtime path of "/home/CIN/tjgc/Documents/Robotics/install/arm_interfaces/lib/python3.12/site-packages/arm_interfaces/arm_interfaces_s__rosidl_typesupport_fastrtps_c.so" to ""
[5.055s] -- Installing: /home/CIN/tjgc/Documents/Robotics/install/arm_interfaces/lib/python3.12/site-packages/arm_interfaces/arm_interfaces_s__rosidl_typesupport_introspection_c.so
[5.055s] -- Set non-toolchain portion of runtime path of "/home/CIN/tjgc/Documents/Robotics/install/arm_interfaces/lib/python3.12/site-packages/arm_interfaces/arm_interfaces_s__rosidl_typesupport_introspection_c.so" to ""
[5.055s] -- Installing: /home/CIN/tjgc/Documents/Robotics/install/arm_interfaces/lib/python3.12/site-packages/arm_interfaces/arm_interfaces_s__rosidl_typesupport_c.so
[5.056s] -- Set non-toolchain portion of runtime path of "/home/CIN/tjgc/Documents/Robotics/install/arm_interfaces/lib/python3.12/site-packages/arm_interfaces/arm_interfaces_s__rosidl_typesupport_c.so" to ""
[5.056s] -- Installing: /home/CIN/tjgc/Documents/Robotics/install/arm_interfaces/lib/libarm_interfaces__rosidl_generator_py.so
[5.056s] -- Set non-toolchain portion of runtime path of "/home/CIN/tjgc/Documents/Robotics/install/arm_interfaces/lib/libarm_interfaces__rosidl_generator_py.so" to ""
[5.056s] -- Installing: /home/CIN/tjgc/Documents/Robotics/install/arm_interfaces/share/arm_interfaces/srv/FollowTrajectory.idl
[5.056s] -- Installing: /home/CIN/tjgc/Documents/Robotics/install/arm_interfaces/share/arm_interfaces/srv/FollowTrajectory.srv
[5.056s] -- Installing: /home/CIN/tjgc/Documents/Robotics/install/arm_interfaces/share/ament_index/resource_index/package_run_dependencies/arm_interfaces
[5.056s] -- Installing: /home/CIN/tjgc/Documents/Robotics/install/arm_interfaces/share/ament_index/resource_index/parent_prefix_path/arm_interfaces
[5.057s] -- Installing: /home/CIN/tjgc/Documents/Robotics/install/arm_interfaces/share/arm_interfaces/environment/ament_prefix_path.sh
[5.057s] -- Installing: /home/CIN/tjgc/Documents/Robotics/install/arm_interfaces/share/arm_interfaces/environment/ament_prefix_path.dsv
[5.057s] -- Installing: /home/CIN/tjgc/Documents/Robotics/install/arm_interfaces/share/arm_interfaces/environment/path.sh
[5.057s] -- Installing: /home/CIN/tjgc/Documents/Robotics/install/arm_interfaces/share/arm_interfaces/environment/path.dsv
[5.057s] -- Installing: /home/CIN/tjgc/Documents/Robotics/install/arm_interfaces/share/arm_interfaces/local_setup.bash
[5.057s] -- Installing: /home/CIN/tjgc/Documents/Robotics/install/arm_interfaces/share/arm_interfaces/local_setup.sh
[5.057s] -- Installing: /home/CIN/tjgc/Documents/Robotics/install/arm_interfaces/share/arm_interfaces/local_setup.zsh
[5.057s] -- Installing: /home/CIN/tjgc/Documents/Robotics/install/arm_interfaces/share/arm_interfaces/local_setup.dsv
[5.058s] -- Installing: /home/CIN/tjgc/Documents/Robotics/install/arm_interfaces/share/arm_interfaces/package.dsv
[5.058s] -- Installing: /home/CIN/tjgc/Documents/Robotics/install/arm_interfaces/share/ament_index/resource_index/packages/arm_interfaces
[5.058s] -- Installing: /home/CIN/tjgc/Documents/Robotics/install/arm_interfaces/share/arm_interfaces/cmake/export_arm_interfaces__rosidl_generator_cExport.cmake
[5.058s] -- Installing: /home/CIN/tjgc/Documents/Robotics/install/arm_interfaces/share/arm_interfaces/cmake/export_arm_interfaces__rosidl_generator_cExport-noconfig.cmake
[5.058s] -- Installing: /home/CIN/tjgc/Documents/Robotics/install/arm_interfaces/share/arm_interfaces/cmake/export_arm_interfaces__rosidl_typesupport_fastrtps_cExport.cmake
[5.058s] -- Installing: /home/CIN/tjgc/Documents/Robotics/install/arm_interfaces/share/arm_interfaces/cmake/export_arm_interfaces__rosidl_typesupport_fastrtps_cExport-noconfig.cmake
[5.058s] -- Installing: /home/CIN/tjgc/Documents/Robotics/install/arm_interfaces/share/arm_interfaces/cmake/export_arm_interfaces__rosidl_generator_cppExport.cmake
[5.059s] -- Installing: /home/CIN/tjgc/Documents/Robotics/install/arm_interfaces/share/arm_interfaces/cmake/export_arm_interfaces__rosidl_typesupport_fastrtps_cppExport.cmake
[5.059s] -- Installing: /home/CIN/tjgc/Documents/Robotics/install/arm_interfaces/share/arm_interfaces/cmake/export_arm_interfaces__rosidl_typesupport_fastrtps_cppExport-noconfig.cmake
[5.059s] -- Installing: /home/CIN/tjgc/Documents/Robotics/install/arm_interfaces/share/arm_interfaces/cmake/arm_interfaces__rosidl_typesupport_introspection_cExport.cmake
[5.059s] -- Installing: /home/CIN/tjgc/Documents/Robotics/install/arm_interfaces/share/arm_interfaces/cmake/arm_interfaces__rosidl_typesupport_introspection_cExport-noconfig.cmake
[5.059s] -- Installing: /home/CIN/tjgc/Documents/Robotics/install/arm_interfaces/share/arm_interfaces/cmake/arm_interfaces__rosidl_typesupport_cExport.cmake
[5.059s] -- Installing: /home/CIN/tjgc/Documents/Robotics/install/arm_interfaces/share/arm_interfaces/cmake/arm_interfaces__rosidl_typesupport_cExport-noconfig.cmake
[5.059s] -- Installing: /home/CIN/tjgc/Documents/Robotics/install/arm_interfaces/share/arm_interfaces/cmake/arm_interfaces__rosidl_typesupport_introspection_cppExport.cmake
[5.060s] -- Installing: /home/CIN/tjgc/Documents/Robotics/install/arm_interfaces/share/arm_interfaces/cmake/arm_interfaces__rosidl_typesupport_introspection_cppExport-noconfig.cmake
[5.060s] -- Installing: /home/CIN/tjgc/Documents/Robotics/install/arm_interfaces/share/arm_interfaces/cmake/arm_interfaces__rosidl_typesupport_cppExport.cmake
[5.060s] -- Installing: /home/CIN/tjgc/Documents/Robotics/install/arm_interfaces/share/arm_interfaces/cmake/arm_interfaces__rosidl_typesupport_cppExport-noconfig.cmake
[5.060s] -- Installing: /home/CIN/tjgc/Documents/Robotics/install/arm_interfaces/share/arm_interfaces/cmake/export_arm_interfaces__rosidl_generator_pyExport.cmake
[5.060s] -- Installing: /home/CIN/tjgc/Documents/Robotics/install/arm_interfaces/share/arm_interfaces/cmake/export_arm_interfaces__rosidl_generator_pyExport-noconfig.cmake
[5.060s] -- Installing: /home/CIN/tjgc/Documents/Robotics/install/arm_interfaces/share/arm_interfaces/cmake/rosidl_cmake-extras.cmake
[5.060s] -- Installing: /home/CIN/tjgc/Documents/Robotics/install/arm_interfaces/share/arm_interfaces/cmake/ament_cmake_export_dependencies-extras.cmake
[5.060s] -- Installing: /home/CIN/tjgc/Documents/Robotics/install/arm_interfaces/share/arm_interfaces/cmake/ament_cmake_export_include_directories-extras.cmake
[5.061s] -- Installing: /home/CIN/tjgc/Documents/Robotics/install/arm_interfaces/share/arm_interfaces/cmake/ament_cmake_export_libraries-extras.cmake
[5.061s] -- Installing: /home/CIN/tjgc/Documents/Robotics/install/arm_interfaces/share/arm_interfaces/cmake/ament_cmake_export_targets-extras.cmake
[5.061s] -- Installing: /home/CIN/tjgc/Documents/Robotics/install/arm_interfaces/share/arm_interfaces/cmake/rosidl_cmake_export_typesupport_targets-extras.cmake
[5.061s] -- Installing: /home/CIN/tjgc/Documents/Robotics/install/arm_interfaces/share/arm_interfaces/cmake/rosidl_cmake_export_typesupport_libraries-extras.cmake
[5.061s] -- Installing: /home/CIN/tjgc/Documents/Robotics/install/arm_interfaces/share/arm_interfaces/cmake/arm_interfacesConfig.cmake
[5.061s] -- Installing: /home/CIN/tjgc/Documents/Robotics/install/arm_interfaces/share/arm_interfaces/cmake/arm_interfacesConfig-version.cmake
[5.061s] -- Installing: /home/CIN/tjgc/Documents/Robotics/install/arm_interfaces/share/arm_interfaces/package.xml
[5.063s] Invoked command in '/home/CIN/tjgc/Documents/Robotics/build/arm_interfaces' returned '0': CMAKE_PREFIX_PATH=${CMAKE_PREFIX_PATH}:/opt/ros/jazzy DEBUGINFOD_URLS=https://debuginfod.ubuntu.com /usr/bin/cmake --install /home/CIN/tjgc/Documents/Robotics/build/arm_interfaces
